
> @odavl-studio/cloud-console@0.1.0 typecheck C:\Users\sabou\dev\odavl\apps\cloud-console
> tsc --noEmit

app/api/analyze/route.ts(47,7): error TS2561: Object literal may only specify known properties, but 'organizations' does not exist in type 'UserInclude<DefaultArgs>'. Did you mean to write 'organization'?
app/api/analyze/route.ts(53,21): error TS2339: Property 'organizations' does not exist on type '{ orgId: string | null; id: string; name: string | null; email: string; image: string | null; emailVerified: Date | null; role: Role; stripeCustomerId: string | null; stripeSubscriptionId: string | null; ... 8 more ...; deletedAt: Date | null; }'.
app/api/analyze/route.ts(57,31): error TS2339: Property 'organizations' does not exist on type '{ orgId: string | null; id: string; name: string | null; email: string; image: string | null; emailVerified: Date | null; role: Role; stripeCustomerId: string | null; stripeSubscriptionId: string | null; ... 8 more ...; deletedAt: Date | null; }'.
app/api/audit/route.ts(47,7): error TS2561: Object literal may only specify known properties, but 'organizations' does not exist in type 'UserInclude<DefaultArgs>'. Did you mean to write 'organization'?
app/api/audit/route.ts(53,21): error TS2339: Property 'organizations' does not exist on type '{ orgId: string | null; id: string; name: string | null; email: string; image: string | null; emailVerified: Date | null; role: Role; stripeCustomerId: string | null; stripeSubscriptionId: string | null; ... 8 more ...; deletedAt: Date | null; }'.
app/api/audit/route.ts(57,31): error TS2339: Property 'organizations' does not exist on type '{ orgId: string | null; id: string; name: string | null; email: string; image: string | null; emailVerified: Date | null; role: Role; stripeCustomerId: string | null; stripeSubscriptionId: string | null; ... 8 more ...; deletedAt: Date | null; }'.
app/api/auth/reset-password/route.ts(106,15): error TS2353: Object literal may only specify known properties, and 'hashedPassword' does not exist in type '(Without<UserUpdateInput, UserUncheckedUpdateInput> & UserUncheckedUpdateInput) | (Without<...> & UserUpdateInput)'.
app/api/auth/signup/route.ts(44,9): error TS2353: Object literal may only specify known properties, and 'hashedPassword' does not exist in type '(Without<UserCreateInput, UserUncheckedCreateInput> & UserUncheckedCreateInput) | (Without<...> & UserCreateInput)'.
app/api/auth/signup/route.ts(69,9): error TS2353: Object literal may only specify known properties, and 'tier' does not exist in type '(Without<OrganizationCreateInput, OrganizationUncheckedCreateInput> & OrganizationUncheckedCreateInput) | (Without<...> & OrganizationCreateInput)'.
app/api/billing/portal/route.ts(22,9): error TS2561: Object literal may only specify known properties, but 'organizations' does not exist in type 'UserInclude<DefaultArgs>'. Did you mean to write 'organization'?
app/api/billing/portal/route.ts(34,23): error TS2339: Property 'organizations' does not exist on type '{ orgId: string | null; id: string; name: string | null; email: string; image: string | null; emailVerified: Date | null; role: Role; stripeCustomerId: string | null; stripeSubscriptionId: string | null; ... 8 more ...; deletedAt: Date | null; }'.
app/api/billing/portal/route.ts(41,31): error TS2339: Property 'organizations' does not exist on type '{ orgId: string | null; id: string; name: string | null; email: string; image: string | null; emailVerified: Date | null; role: Role; stripeCustomerId: string | null; stripeSubscriptionId: string | null; ... 8 more ...; deletedAt: Date | null; }'.
app/api/billing/subscribe/route.ts(30,9): error TS2561: Object literal may only specify known properties, but 'organizations' does not exist in type 'UserInclude<DefaultArgs>'. Did you mean to write 'organization'?
app/api/billing/subscribe/route.ts(42,23): error TS2339: Property 'organizations' does not exist on type '{ orgId: string | null; id: string; name: string | null; email: string; image: string | null; emailVerified: Date | null; role: Role; stripeCustomerId: string | null; stripeSubscriptionId: string | null; ... 8 more ...; deletedAt: Date | null; }'.
app/api/billing/subscribe/route.ts(49,31): error TS2339: Property 'organizations' does not exist on type '{ orgId: string | null; id: string; name: string | null; email: string; image: string | null; emailVerified: Date | null; role: Role; stripeCustomerId: string | null; stripeSubscriptionId: string | null; ... 8 more ...; deletedAt: Date | null; }'.
app/api/billing/usage/route.ts(21,9): error TS2561: Object literal may only specify known properties, but 'organizations' does not exist in type 'UserInclude<DefaultArgs>'. Did you mean to write 'organization'?
app/api/billing/usage/route.ts(33,23): error TS2339: Property 'organizations' does not exist on type '{ orgId: string | null; id: string; name: string | null; email: string; image: string | null; emailVerified: Date | null; role: Role; stripeCustomerId: string | null; stripeSubscriptionId: string | null; ... 8 more ...; deletedAt: Date | null; }'.
app/api/billing/usage/route.ts(40,31): error TS2339: Property 'organizations' does not exist on type '{ orgId: string | null; id: string; name: string | null; email: string; image: string | null; emailVerified: Date | null; role: Role; stripeCustomerId: string | null; stripeSubscriptionId: string | null; ... 8 more ...; deletedAt: Date | null; }'.
app/api/billing/webhook/route.ts(101,13): error TS2353: Object literal may only specify known properties, and 'tier' does not exist in type '(Without<OrganizationUpdateInput, OrganizationUncheckedUpdateInput> & OrganizationUncheckedUpdateInput) | (Without<...> & OrganizationUpdateInput)'.
app/api/billing/webhook/route.ts(105,16): error TS2339: Property 'subscription' does not exist on type 'PrismaClient<PrismaClientOptions, never, DefaultArgs>'.
app/api/billing/webhook/route.ts(146,16): error TS2339: Property 'subscription' does not exist on type 'PrismaClient<PrismaClientOptions, never, DefaultArgs>'.
app/api/billing/webhook/route.ts(170,13): error TS2353: Object literal may only specify known properties, and 'tier' does not exist in type '(Without<OrganizationUpdateInput, OrganizationUncheckedUpdateInput> & OrganizationUncheckedUpdateInput) | (Without<...> & OrganizationUpdateInput)'.
app/api/billing/webhook/route.ts(173,16): error TS2339: Property 'subscription' does not exist on type 'PrismaClient<PrismaClientOptions, never, DefaultArgs>'.
app/api/billing/webhook/route.ts(192,16): error TS2339: Property 'subscription' does not exist on type 'PrismaClient<PrismaClientOptions, never, DefaultArgs>'.
app/api/billing/webhook/route.ts(215,16): error TS2339: Property 'subscription' does not exist on type 'PrismaClient<PrismaClientOptions, never, DefaultArgs>'.
app/api/fix/route.ts(50,7): error TS2561: Object literal may only specify known properties, but 'organizations' does not exist in type 'UserInclude<DefaultArgs>'. Did you mean to write 'organization'?
app/api/fix/route.ts(56,21): error TS2339: Property 'organizations' does not exist on type '{ orgId: string | null; id: string; name: string | null; email: string; image: string | null; emailVerified: Date | null; role: Role; stripeCustomerId: string | null; stripeSubscriptionId: string | null; ... 8 more ...; deletedAt: Date | null; }'.
app/api/fix/route.ts(60,31): error TS2339: Property 'organizations' does not exist on type '{ orgId: string | null; id: string; name: string | null; email: string; image: string | null; emailVerified: Date | null; role: Role; stripeCustomerId: string | null; stripeSubscriptionId: string | null; ... 8 more ...; deletedAt: Date | null; }'.
app/api/fix/route.ts(129,9): error TS2353: Object literal may only specify known properties, and 'recipesApplied' does not exist in type '{ duration: number; filesModified: number; riskScore: number; }'.
app/api/fix/route.ts(145,7): error TS2322: Type '"autopilot.run"' is not assignable to type 'AuditAction'.
app/api/fix/route.ts(160,9): error TS2561: Object literal may only specify known properties, but 'organizationId' does not exist in type 'ProjectWhereInput'. Did you mean to write 'organization'?
app/api/fix/route.ts(170,11): error TS2353: Object literal may only specify known properties, and 'issuesFixed' does not exist in type 'Without<AutopilotRunCreateInput, AutopilotRunUncheckedCreateInput> & AutopilotRunUncheckedCreateInput'.
app/api/fix/route.ts(189,7): error TS2322: Type '"autopilot.run.failed"' is not assignable to type 'AuditAction'.
app/api/members/route.ts(13,10): error TS2305: Module '"@prisma/client"' has no exported member 'OrgRole'.
app/api/members/route.ts(41,34): error TS2551: Property 'organizationMember' does not exist on type 'PrismaClient<PrismaClientOptions, never, DefaultArgs>'. Did you mean 'organization'?
app/api/members/route.ts(60,29): error TS7006: Parameter 'm' implicitly has an 'any' type.
app/api/members/route.ts(101,41): error TS2551: Property 'organizationMember' does not exist on type 'PrismaClient<PrismaClientOptions, never, DefaultArgs>'. Did you mean 'organization'?
app/api/members/route.ts(118,33): error TS2551: Property 'organizationMember' does not exist on type 'PrismaClient<PrismaClientOptions, never, DefaultArgs>'. Did you mean 'organization'?
app/api/members/route.ts(173,33): error TS2551: Property 'organizationMember' does not exist on type 'PrismaClient<PrismaClientOptions, never, DefaultArgs>'. Did you mean 'organization'?
app/api/members/route.ts(201,34): error TS2551: Property 'organizationMember' does not exist on type 'PrismaClient<PrismaClientOptions, never, DefaultArgs>'. Did you mean 'organization'?
app/api/members/route.ts(257,33): error TS2551: Property 'organizationMember' does not exist on type 'PrismaClient<PrismaClientOptions, never, DefaultArgs>'. Did you mean 'organization'?
app/api/members/route.ts(283,39): error TS2551: Property 'organizationMember' does not exist on type 'PrismaClient<PrismaClientOptions, never, DefaultArgs>'. Did you mean 'organization'?
app/api/members/route.ts(299,18): error TS2551: Property 'organizationMember' does not exist on type 'PrismaClient<PrismaClientOptions, never, DefaultArgs>'. Did you mean 'organization'?
app/api/organizations/route.ts(9,10): error TS2724: '"@/lib/org-context"' has no exported member named 'withOrgContext'. Did you mean 'OrgContext'?
app/api/organizations/route.ts(9,26): error TS2305: Module '"@/lib/org-context"' has no exported member 'withPermission'.
app/api/organizations/route.ts(45,25): error TS2339: Property 'id' does not exist on type '{ name?: string | null | undefined; email?: string | null | undefined; image?: string | null | undefined; }'.
app/api/projects/route.ts(44,7): error TS2559: Type '{ organizationId: string; }' has no properties in common with type 'ProjectWhereInput'.
app/api/projects/route.ts(59,13): error TS2353: Object literal may only specify known properties, and 'errorSignatures' does not exist in type 'ProjectCountOutputTypeSelect<DefaultArgs>'.
app/api/projects/route.ts(89,9): error TS2561: Object literal may only specify known properties, but 'organizationId' does not exist in type 'ProjectWhereInput'. Did you mean to write 'organization'?
app/api/projects/route.ts(105,9): error TS2561: Object literal may only specify known properties, but 'organizationId' does not exist in type '(Without<ProjectCreateInput, ProjectUncheckedCreateInput> & ProjectUncheckedCreateInput) | (Without<...> & ProjectCreateInput)'. Did you mean to write 'organization'?
app/api/projects/route.ts(203,15): error TS2353: Object literal may only specify known properties, and 'status' does not exist in type '(Without<ProjectUpdateInput, ProjectUncheckedUpdateInput> & ProjectUncheckedUpdateInput) | (Without<...> & ProjectUpdateInput)'.
app/team/page.tsx(5,10): error TS2305: Module '"@prisma/client"' has no exported member 'OrgRole'.
lib/api-client.ts(6,10): error TS2305: Module '"@prisma/client"' has no exported member 'OrgRole'.
lib/audit.ts(3,10): error TS2305: Module '"@prisma/client"' has no exported member 'OrgRole'.
lib/auth.ts(37,28): error TS2339: Property 'hashedPassword' does not exist on type '{ orgId: string | null; id: string; name: string | null; email: string; image: string | null; emailVerified: Date | null; role: Role; stripeCustomerId: string | null; stripeSubscriptionId: string | null; ... 8 more ...; deletedAt: Date | null; }'.
lib/auth.ts(43,16): error TS2339: Property 'hashedPassword' does not exist on type '{ orgId: string | null; id: string; name: string | null; email: string; image: string | null; emailVerified: Date | null; role: Role; stripeCustomerId: string | null; stripeSubscriptionId: string | null; ... 8 more ...; deletedAt: Date | null; }'.
lib/auth.ts(83,13): error TS2561: Object literal may only specify known properties, but 'organizations' does not exist in type 'UserInclude<DefaultArgs>'. Did you mean to write 'organization'?
lib/auth.ts(94,42): error TS2339: Property 'organizations' does not exist on type '{ orgId: string | null; id: string; name: string | null; email: string; image: string | null; emailVerified: Date | null; role: Role; stripeCustomerId: string | null; stripeSubscriptionId: string | null; ... 8 more ...; deletedAt: Date | null; }'.
lib/auth.ts(96,44): error TS2339: Property 'organizations' does not exist on type '{ orgId: string | null; id: string; name: string | null; email: string; image: string | null; emailVerified: Date | null; role: Role; stripeCustomerId: string | null; stripeSubscriptionId: string | null; ... 8 more ...; deletedAt: Date | null; }'.
lib/auth.ts(97,46): error TS2339: Property 'organizations' does not exist on type '{ orgId: string | null; id: string; name: string | null; email: string; image: string | null; emailVerified: Date | null; role: Role; stripeCustomerId: string | null; stripeSubscriptionId: string | null; ... 8 more ...; deletedAt: Date | null; }'.
lib/auth.ts(97,64): error TS7006: Parameter 'om' implicitly has an 'any' type.
lib/auth.ts(115,22): error TS2339: Property 'id' does not exist on type '{ name?: string | null | undefined; email?: string | null | undefined; image?: string | null | undefined; }'.
lib/auth.ts(133,13): error TS2353: Object literal may only specify known properties, and 'members' does not exist in type 'OrganizationWhereInput'.
lib/auth.ts(144,15): error TS2353: Object literal may only specify known properties, and 'tier' does not exist in type '(Without<OrganizationCreateInput, OrganizationUncheckedCreateInput> & OrganizationUncheckedCreateInput) | (Without<...> & OrganizationCreateInput)'.
lib/org-context.ts(4,10): error TS2305: Module '"@prisma/client"' has no exported member 'OrgRole'.
lib/org-context.ts(34,7): error TS2561: Object literal may only specify known properties, but 'organizations' does not exist in type 'UserInclude<DefaultArgs>'. Did you mean to write 'organization'?
lib/org-context.ts(46,12): error TS2339: Property 'organizations' does not exist on type '{ orgId: string | null; id: string; name: string | null; email: string; image: string | null; emailVerified: Date | null; role: Role; stripeCustomerId: string | null; stripeSubscriptionId: string | null; ... 8 more ...; deletedAt: Date | null; }'.
lib/org-context.ts(53,23): error TS2339: Property 'organizations' does not exist on type '{ orgId: string | null; id: string; name: string | null; email: string; image: string | null; emailVerified: Date | null; role: Role; stripeCustomerId: string | null; stripeSubscriptionId: string | null; ... 8 more ...; deletedAt: Date | null; }'.
lib/org-context.ts(53,43): error TS7006: Parameter 'm' implicitly has an 'any' type.
lib/org-context.ts(59,23): error TS2339: Property 'organizations' does not exist on type '{ orgId: string | null; id: string; name: string | null; email: string; image: string | null; emailVerified: Date | null; role: Role; stripeCustomerId: string | null; stripeSubscriptionId: string | null; ... 8 more ...; deletedAt: Date | null; }'.
lib/org-context.ts(121,7): error TS2561: Object literal may only specify known properties, but 'organizations' does not exist in type 'UserInclude<DefaultArgs>'. Did you mean to write 'organization'?
lib/org-context.ts(133,15): error TS2339: Property 'organizations' does not exist on type '{ orgId: string | null; id: string; name: string | null; email: string; image: string | null; emailVerified: Date | null; role: Role; stripeCustomerId: string | null; stripeSubscriptionId: string | null; ... 8 more ...; deletedAt: Date | null; }'.
lib/org-context.ts(133,34): error TS7006: Parameter 'm' implicitly has an 'any' type.
lib/permissions.ts(25,37): error TS2551: Property 'organizationMember' does not exist on type 'PrismaClient<PrismaClientOptions, never, DefaultArgs>'. Did you mean 'organization'?
lib/rbac.ts(1,10): error TS2305: Module '"@prisma/client"' has no exported member 'OrgRole'.
lib/stripe.ts(8,3): error TS2322: Type '"2024-12-18.acacia"' is not assignable to type '"2023-10-16"'.
lib/usage.ts(15,16): error TS2339: Property 'usageEvent' does not exist on type 'PrismaClient<PrismaClientOptions, never, DefaultArgs>'.
lib/usage.ts(28,37): error TS2339: Property 'subscription' does not exist on type 'PrismaClient<PrismaClientOptions, never, DefaultArgs>'.
lib/usage.ts(39,18): error TS2339: Property 'subscription' does not exist on type 'PrismaClient<PrismaClientOptions, never, DefaultArgs>'.
lib/usage.ts(56,7): error TS2353: Object literal may only specify known properties, and 'subscriptions' does not exist in type 'OrganizationInclude<DefaultArgs>'.
lib/usage.ts(64,29): error TS2339: Property 'tier' does not exist on type '{ id: string; name: string; stripeCustomerId: string | null; stripeSubscriptionId: string | null; createdAt: Date; updatedAt: Date; slug: string; logo: string | null; plan: Plan; monthlyApiCalls: number; monthlyInsightRuns: number; monthlyAutopilotRuns: number; monthlyGuardianTests: number; }'.
lib/usage.ts(66,37): error TS2339: Property 'subscriptions' does not exist on type '{ id: string; name: string; stripeCustomerId: string | null; stripeSubscriptionId: string | null; createdAt: Date; updatedAt: Date; slug: string; logo: string | null; plan: Plan; monthlyApiCalls: number; monthlyInsightRuns: number; monthlyAutopilotRuns: number; monthlyGuardianTests: number; }'.
lib/usage.ts(101,17): error TS2353: Object literal may only specify known properties, and 'tier' does not exist in type 'OrganizationSelect<DefaultArgs>'.
lib/usage.ts(106,37): error TS2339: Property 'tier' does not exist on type '{ id: string; name: string; stripeCustomerId: string | null; stripeSubscriptionId: string | null; createdAt: Date; updatedAt: Date; slug: string; logo: string | null; plan: Plan; monthlyApiCalls: number; monthlyInsightRuns: number; monthlyAutopilotRuns: number; monthlyGuardianTests: number; }'.
prisma/seed.ts(8,24): error TS2305: Module '"@prisma/client"' has no exported member 'Tier'.
prisma/seed.ts(8,30): error TS2305: Module '"@prisma/client"' has no exported member 'OrgRole'.
prisma/seed.ts(8,39): error TS2305: Module '"@prisma/client"' has no exported member 'ProjectStatus'.
prisma/seed.ts(8,64): error TS2305: Module '"@prisma/client"' has no exported member 'FixStatus'.
prisma/seed.ts(8,75): error TS2305: Module '"@prisma/client"' has no exported member 'AuditStatus'.
prisma/seed.ts(8,88): error TS2305: Module '"@prisma/client"' has no exported member 'SubscriptionStatus'.
prisma/seed.ts(52,7): error TS2353: Object literal may only specify known properties, and 'tier' does not exist in type '(Without<OrganizationCreateInput, OrganizationUncheckedCreateInput> & OrganizationUncheckedCreateInput) | (Without<...> & OrganizationCreateInput)'.
prisma/seed.ts(62,7): error TS2353: Object literal may only specify known properties, and 'tier' does not exist in type '(Without<OrganizationCreateInput, OrganizationUncheckedCreateInput> & OrganizationUncheckedCreateInput) | (Without<...> & OrganizationCreateInput)'.
prisma/seed.ts(72,16): error TS2551: Property 'organizationMember' does not exist on type 'PrismaClient<PrismaClientOptions, never, DefaultArgs>'. Did you mean 'organization'?
prisma/seed.ts(87,16): error TS2551: Property 'organizationMember' does not exist on type 'PrismaClient<PrismaClientOptions, never, DefaultArgs>'. Did you mean 'organization'?
prisma/seed.ts(110,7): error TS2353: Object literal may only specify known properties, and 'organizationId_slug' does not exist in type 'ProjectWhereUniqueInput'.
prisma/seed.ts(119,7): error TS2561: Object literal may only specify known properties, but 'organizationId' does not exist in type '(Without<ProjectCreateInput, ProjectUncheckedCreateInput> & ProjectUncheckedCreateInput) | (Without<...> & ProjectCreateInput)'. Did you mean to write 'organization'?
prisma/seed.ts(128,7): error TS2353: Object literal may only specify known properties, and 'organizationId_slug' does not exist in type 'ProjectWhereUniqueInput'.
prisma/seed.ts(137,7): error TS2561: Object literal may only specify known properties, but 'organizationId' does not exist in type '(Without<ProjectCreateInput, ProjectUncheckedCreateInput> & ProjectUncheckedCreateInput) | (Without<...> & ProjectCreateInput)'. Did you mean to write 'organization'?
prisma/seed.ts(146,7): error TS2353: Object literal may only specify known properties, and 'organizationId_slug' does not exist in type 'ProjectWhereUniqueInput'.
prisma/seed.ts(155,7): error TS2561: Object literal may only specify known properties, but 'organizationId' does not exist in type '(Without<ProjectCreateInput, ProjectUncheckedCreateInput> & ProjectUncheckedCreateInput) | (Without<...> & ProjectCreateInput)'. Did you mean to write 'organization'?
prisma/seed.ts(226,18): error TS2339: Property 'errorSignature' does not exist on type 'PrismaClient<PrismaClientOptions, never, DefaultArgs>'.
prisma/seed.ts(277,18): error TS2339: Property 'fixAttestation' does not exist on type 'PrismaClient<PrismaClientOptions, never, DefaultArgs>'.
prisma/seed.ts(288,37): error TS2339: Property 'auditResult' does not exist on type 'PrismaClient<PrismaClientOptions, never, DefaultArgs>'.
prisma/seed.ts(344,18): error TS2339: Property 'auditIssue' does not exist on type 'PrismaClient<PrismaClientOptions, never, DefaultArgs>'.
prisma/seed.ts(357,16): error TS2339: Property 'subscription' does not exist on type 'PrismaClient<PrismaClientOptions, never, DefaultArgs>'.
prisma/seed.ts(375,16): error TS2339: Property 'subscription' does not exist on type 'PrismaClient<PrismaClientOptions, never, DefaultArgs>'.
prisma/seed.ts(431,18): error TS2339: Property 'usageEvent' does not exist on type 'PrismaClient<PrismaClientOptions, never, DefaultArgs>'.
prisma/seed.ts(447,7): error TS2353: Object literal may only specify known properties, and 'keyHash' does not exist in type 'Without<ApiKeyCreateInput, ApiKeyUncheckedCreateInput> & ApiKeyUncheckedCreateInput'.
sentry.server.config.ts(15,16): error TS2551: Property 'Integrations' does not exist on type 'typeof import("C:/Users/sabou/dev/odavl/node_modules/.pnpm/@sentry+nextjs@10.28.0_@opentelemetry+context-async-hooks@2.2.0_@opentelemetry+api@1.9.0__@op_hotyq3tmax2zulxjdj6ccjjqgu/node_modules/@sentry/nextjs/build/types/index.types")'. Did you mean 'fsIntegration'?
ÔÇëELIFECYCLEÔÇë Command failed with exit code 2.
