
> odavl@2.0.0 test C:\Users\sabou\dev\odavl
> vitest run


[1m[46m RUN [49m[22m [36mv4.0.14 [39m[90mC:/Users/sabou/dev/odavl[39m
      [2mCoverage enabled with [22m[33mistanbul[39m

 [32mÃ”Â£Ã´[39m tests/unit/governance/risk-budget.test.ts[2m > [22mRiskBudgetGuard[2m > [22mFile Count Validation[2m > [22mshould allow changes within max_files_per_cycle[32m 6[2mms[22m[39m
 [32mÃ”Â£Ã´[39m tests/unit/governance/risk-budget.test.ts[2m > [22mRiskBudgetGuard[2m > [22mFile Count Validation[2m > [22mshould block when exceeding max_files_per_cycle[32m 1[2mms[22m[39m
 [32mÃ”Â£Ã´[39m tests/unit/governance/risk-budget.test.ts[2m > [22mRiskBudgetGuard[2m > [22mFile Count Validation[2m > [22mshould allow exactly max_files_per_cycle[32m 1[2mms[22m[39m
 [32mÃ”Â£Ã´[39m tests/unit/governance/risk-budget.test.ts[2m > [22mRiskBudgetGuard[2m > [22mForbidden Paths[2m > [22mshould block security/** paths[32m 1[2mms[22m[39m
 [32mÃ”Â£Ã´[39m tests/unit/governance/risk-budget.test.ts[2m > [22mRiskBudgetGuard[2m > [22mForbidden Paths[2m > [22mshould block auth/** paths[32m 1[2mms[22m[39m
 [32mÃ”Â£Ã´[39m tests/unit/governance/risk-budget.test.ts[2m > [22mRiskBudgetGuard[2m > [22mForbidden Paths[2m > [22mshould block test files (*.spec.*)[32m 1[2mms[22m[39m
 [32mÃ”Â£Ã´[39m tests/unit/governance/risk-budget.test.ts[2m > [22mRiskBudgetGuard[2m > [22mForbidden Paths[2m > [22mshould block public-api/** paths[32m 1[2mms[22m[39m
 [32mÃ”Â£Ã´[39m tests/unit/governance/risk-budget.test.ts[2m > [22mRiskBudgetGuard[2m > [22mForbidden Paths[2m > [22mshould allow non-forbidden paths[32m 1[2mms[22m[39m
 [32mÃ”Â£Ã´[39m tests/unit/governance/risk-budget.test.ts[2m > [22mRiskBudgetGuard[2m > [22mForbidden Paths[2m > [22mshould block nested security paths[32m 1[2mms[22m[39m
 [31mâ”œÃ¹[39m tests/unit/governance/risk-budget.test.ts[2m > [22mRiskBudgetGuard[2m > [22mRisk Budget[2m > [22mshould allow changes within risk budget[32m 15[2mms[22m[39m
[31m   Ã”Ã¥Ã† expected [Function] to not throw an error but 'Error: Exceeds max_files_per_cycle: 5Ã”Ã‡Âª' was thrown[39m
 [31mâ”œÃ¹[39m tests/unit/governance/risk-budget.test.ts[2m > [22mRiskBudgetGuard[2m > [22mRisk Budget[2m > [22mshould block when exceeding risk budget[32m 3[2mms[22m[39m
[31m   Ã”Ã¥Ã† expected [Function] to throw error matching /Exceeds risk_budget/ but got 'Exceeds max_files_per_cycle: 101 > 10'[39m
 [32mÃ”Â£Ã´[39m tests/unit/governance/risk-budget.test.ts[2m > [22mRiskBudgetGuard[2m > [22mEdge Cases[2m > [22mshould handle empty file list[32m 1[2mms[22m[39m
 [32mÃ”Â£Ã´[39m tests/unit/governance/risk-budget.test.ts[2m > [22mRiskBudgetGuard[2m > [22mEdge Cases[2m > [22mshould handle single file[32m 1[2mms[22m[39m
 [32mÃ”Â£Ã´[39m tests/unit/governance/risk-budget.test.ts[2m > [22mRiskBudgetGuard[2m > [22mEdge Cases[2m > [22mshould handle files with similar names to forbidden paths[32m 1[2mms[22m[39m
 [32mÃ”Â£Ã´[39m tests/unit/governance/risk-budget.test.ts[2m > [22mTrust Scoring System[2m > [22mTrust Calculation[2m > [22mshould calculate trust from success rate[32m 1[2mms[22m[39m
 [32mÃ”Â£Ã´[39m tests/unit/governance/risk-budget.test.ts[2m > [22mTrust Scoring System[2m > [22mTrust Calculation[2m > [22mshould return default trust (0.5) for no runs[32m 0[2mms[22m[39m
 [32mÃ”Â£Ã´[39m tests/unit/governance/risk-budget.test.ts[2m > [22mTrust Scoring System[2m > [22mTrust Calculation[2m > [22mshould clamp trust between 0.1 and 1.0[32m 0[2mms[22m[39m
 [32mÃ”Â£Ã´[39m tests/unit/governance/risk-budget.test.ts[2m > [22mTrust Scoring System[2m > [22mTrust Calculation[2m > [22mshould handle single success[32m 0[2mms[22m[39m
 [32mÃ”Â£Ã´[39m tests/unit/governance/risk-budget.test.ts[2m > [22mTrust Scoring System[2m > [22mTrust Calculation[2m > [22mshould handle single failure[32m 0[2mms[22m[39m
 [32mÃ”Â£Ã´[39m tests/unit/governance/risk-budget.test.ts[2m > [22mTrust Scoring System[2m > [22mBlacklisting[2m > [22mshould blacklist after 3 consecutive failures[32m 0[2mms[22m[39m
 [32mÃ”Â£Ã´[39m tests/unit/governance/risk-budget.test.ts[2m > [22mTrust Scoring System[2m > [22mBlacklisting[2m > [22mshould not blacklist with less than 3 failures[32m 0[2mms[22m[39m
 [32mÃ”Â£Ã´[39m tests/unit/governance/risk-budget.test.ts[2m > [22mTrust Scoring System[2m > [22mTrust Update Logic[2m > [22mshould increase trust on success[32m 0[2mms[22m[39m
 [32mÃ”Â£Ã´[39m tests/unit/governance/risk-budget.test.ts[2m > [22mTrust Scoring System[2m > [22mTrust Update Logic[2m > [22mshould decrease trust on failure[32m 0[2mms[22m[39m
 [32mÃ”Â£Ã´[39m tests/unit/governance/risk-budget.test.ts[2m > [22mTrust Scoring System[2m > [22mTrust Update Logic[2m > [22mshould reset consecutive failures on success[32m 0[2mms[22m[39m
 [32mÃ”Â£Ã´[39m tests/unit/governance/risk-budget.test.ts[2m > [22mGates Configuration Loading[2m > [22mshould load gates.yml correctly[32m 22[2mms[22m[39m
 [32mÃ”Â£Ã´[39m odavl-studio/insight/core/tests/detector/python/python-complexity-detector.test.ts[2m > [22mPythonComplexityDetector[2m > [22mBasic Functionality[2m > [22mshould create detector instance[32m 4[2mms[22m[39m
 [32mÃ”Â£Ã´[39m odavl-studio/insight/core/tests/detector/python/python-best-practices-detector.test.ts[2m > [22mPythonBestPracticesDetector[2m > [22mBasic Functionality[2m > [22mshould create detector instance[32m 2[2mms[22m[39m
- Running observe phase...
 [32mÃ”Â£Ã´[39m odavl-studio/insight/core/tests/detector/python/python-imports-detector.test.ts[2m > [22mPythonImportsDetector[2m > [22mBasic Functionality[2m > [22mshould create detector instance[32m 2[2mms[22m[39m
[90mstdout[2m | apps/studio-cli/src/commands/__tests__/guardian.test.ts[2m > [22m[2mGuardian Commands[2m > [22m[2mrunPreDeployTests[2m > [22m[2mshould run all quality checks
[22m[39m
Â­Æ’Ã¸Ã­Â´Â©Ã…  ODAVL Guardian: Pre-Deploy Tests

Target: https://example.com
Tests: all


- Running accessibility tests...
 [32mÃ”Â£Ã´[39m tests/e2e/cli-workflow.test.ts[2m > [22mE2E: ODAVL CLI Commands[2m > [22mshould display version information[33m 423[2mms[22m[39m
 [32mÃ”Â£Ã´[39m odavl-studio/insight/core/tests/detector/python/python-security-detector.test.ts[2m > [22mPythonSecurityDetector[2m > [22mBasic Functionality[2m > [22mshould create detector instance[32m 3[2mms[22m[39m
 [32mÃ”Â£Ã´[39m odavl-studio/insight/core/tests/detector/python/python-type-detector.test.ts[2m > [22mPythonTypeDetector[2m > [22mBasic Functionality[2m > [22mshould create detector instance[32m 3[2mms[22m[39m
 [32mÃ”Â£Ã´[39m tests/e2e/cli-workflow.test.ts[2m > [22mE2E: ODAVL CLI Commands[2m > [22mshould display main help[33m 419[2mms[22m[39m
 [32mÃ”Â£Ã´[39m tests/unit/packages/insight-core/detector/performance-detector.test.ts[2m > [22mPerformanceDetector[2m > [22mMemory Leak Detection[2m > [22mshould detect addEventListener without removeEventListener[32m 49[2mms[22m[39m
 [32mÃ”Â£Ã´[39m tests/unit/packages/insight-core/detector/performance-detector.test.ts[2m > [22mPerformanceDetector[2m > [22mMemory Leak Detection[2m > [22mshould detect setInterval without clearInterval[32m 14[2mms[22m[39m
 [32mÃ”Â£Ã´[39m tests/unit/packages/insight-core/detector/performance-detector.test.ts[2m > [22mPerformanceDetector[2m > [22mMemory Leak Detection[2m > [22mshould NOT flag properly cleaned event listeners[32m 19[2mms[22m[39m
 [32mÃ”Â£Ã´[39m tests/unit/packages/insight-core/detector/performance-detector.test.ts[2m > [22mPerformanceDetector[2m > [22mMemory Leak Detection[2m > [22mshould detect setTimeout leaks with high count[32m 41[2mms[22m[39m
 [32mÃ”Â£Ã´[39m tests/unit/packages/insight-core/detector/performance-detector.test.ts[2m > [22mPerformanceDetector[2m > [22mSlow Function Detection[2m > [22mshould detect high cyclomatic complexity[32m 73[2mms[22m[39m
 [32mÃ”Â£Ã´[39m tests/unit/packages/insight-core/detector/performance-detector.test.ts[2m > [22mPerformanceDetector[2m > [22mSlow Function Detection[2m > [22mshould detect long functions (>100 lines)[32m 17[2mms[22m[39m
 [32mÃ”Â£Ã´[39m tests/unit/packages/insight-core/detector/performance-detector.test.ts[2m > [22mPerformanceDetector[2m > [22mSlow Function Detection[2m > [22mshould tier severity based on complexity[32m 29[2mms[22m[39m
 [32mÃ”Â£Ã´[39m tests/unit/packages/insight-core/detector/network-detector.test.ts[2m > [22mNetworkDetector[2m > [22mdetectFetchIssues[2m > [22mshould detect fetch without .catch() handler[32m 53[2mms[22m[39m
 [32mÃ”Â£Ã´[39m tests/unit/packages/insight-core/detector/network-detector.test.ts[2m > [22mNetworkDetector[2m > [22mdetectFetchIssues[2m > [22mshould NOT flag fetch with try/catch[32m 11[2mms[22m[39m
 [32mÃ”Â£Ã´[39m tests/unit/packages/insight-core/detector/network-detector.test.ts[2m > [22mNetworkDetector[2m > [22mdetectFetchIssues[2m > [22mshould NOT flag fetch with .catch() handler[32m 9[2mms[22m[39m
 [32mÃ”Â£Ã´[39m tests/unit/packages/insight-core/detector/network-detector.test.ts[2m > [22mNetworkDetector[2m > [22mdetectFetchIssues[2m > [22mshould detect fetch without timeout configuration[32m 15[2mms[22m[39m
 [32mÃ”Â£Ã´[39m tests/unit/packages/insight-core/detector/security-detector.test.ts[2m > [22mSecurityDetector[2m > [22mdetectHardcodedSecrets[2m > [22mshould detect AWS access keys[32m 116[2mms[22m[39m
 [32mÃ”Â£Ã´[39m tests/unit/packages/insight-core/detector/isolation-detector.test.ts[2m > [22mComponentIsolationDetector[2m > [22mTight Coupling Detection[2m > [22mshould detect component with exactly threshold (7) dependencies[32m 157[2mms[22m[39m
 [32mÃ”Â£Ã´[39m tests/unit/packages/insight-core/detector/isolation-detector.test.ts[2m > [22mComponentIsolationDetector[2m > [22mTight Coupling Detection[2m > [22mshould detect component with 8 dependencies (just over threshold)[32m 87[2mms[22m[39m
 [32mÃ”Â£Ã´[39m tests/unit/packages/insight-core/detector/network-detector.test.ts[2m > [22mNetworkDetector[2m > [22mdetectFetchIssues[2m > [22mshould NOT flag fetch with AbortController timeout[32m 46[2mms[22m[39m
 [32mÃ”Â£Ã´[39m tests/unit/packages/insight-core/detector/network-detector.test.ts[2m > [22mNetworkDetector[2m > [22mdetectFetchIssues[2m > [22mshould detect hardcoded production URLs[32m 12[2mms[22m[39m
 [32mÃ”Â£Ã´[39m tests/unit/packages/insight-core/detector/network-detector.test.ts[2m > [22mNetworkDetector[2m > [22mdetectFetchIssues[2m > [22mshould NOT flag localhost URLs[32m 12[2mms[22m[39m
 [32mÃ”Â£Ã´[39m tests/unit/packages/insight-core/detector/network-detector.test.ts[2m > [22mNetworkDetector[2m > [22mdetectFetchIssues[2m > [22mshould detect fetch without response.ok check[32m 53[2mms[22m[39m
 [32mÃ”Â£Ã´[39m tests/unit/packages/insight-core/detector/network-detector.test.ts[2m > [22mNetworkDetector[2m > [22mdetectFetchIssues[2m > [22mshould NOT flag fetch with response.ok check[32m 39[2mms[22m[39m
 [32mÃ”Â£Ã´[39m tests/unit/packages/insight-core/detector/performance-detector.test.ts[2m > [22mPerformanceDetector[2m > [22mLarge Bundle Detection[2m > [22mshould detect files larger than 500KB[32m 36[2mms[22m[39m
 [32mÃ”Â£Ã´[39m tests/unit/packages/insight-core/detector/performance-detector.test.ts[2m > [22mPerformanceDetector[2m > [22mLarge Bundle Detection[2m > [22mshould tier severity: medium (>500KB), high (>750KB), critical (>1MB)[32m 126[2mms[22m[39m
 [32mÃ”Â£Ã´[39m tests/unit/packages/insight-core/detector/runtime-detector-phase3.test.ts[2m > [22mRuntimeDetector - Memory Leaks & Race Conditions (Phase 3)[2m > [22mdetectMemoryLeaks - Event Listeners[2m > [22mshould detect addEventListener without removeEventListener[32m 250[2mms[22m[39m
 [32mÃ”Â£Ã´[39m tests/unit/packages/insight-core/detector/isolation-detector.test.ts[2m > [22mComponentIsolationDetector[2m > [22mTight Coupling Detection[2m > [22mshould detect medium coupling (10-14 dependencies)[32m 61[2mms[22m[39m
Ã”Â£Ã¶ accessibility: 93/100 - Excellent
- Running performance tests...
 [32mÃ”Â£Ã´[39m tests/unit/packages/insight-core/detector/security-detector.test.ts[2m > [22mSecurityDetector[2m > [22mdetectHardcodedSecrets[2m > [22mshould detect GitHub personal access tokens[32m 142[2mms[22m[39m
 [32mÃ”Â£Ã´[39m tests/unit/packages/insight-core/detector/security-detector.test.ts[2m > [22mSecurityDetector[2m > [22mdetectHardcodedSecrets[2m > [22mshould detect JWT tokens[32m 49[2mms[22m[39m
 [32mÃ”Â£Ã´[39m tests/unit/packages/insight-core/detector/network-detector.test.ts[2m > [22mNetworkDetector[2m > [22mdetectFetchIssues[2m > [22mshould detect multiple fetch issues in same file[32m 11[2mms[22m[39m
 [32mÃ”Â£Ã´[39m tests/unit/packages/insight-core/detector/network-detector.test.ts[2m > [22mNetworkDetector[2m > [22mdetectAxiosIssues[2m > [22mshould detect axios.get without error handling[32m 19[2mms[22m[39m
 [32mÃ”Â£Ã´[39m tests/unit/packages/insight-core/detector/network-detector.test.ts[2m > [22mNetworkDetector[2m > [22mdetectAxiosIssues[2m > [22mshould NOT flag axios with try/catch[32m 13[2mms[22m[39m
 [32mÃ”Â£Ã´[39m tests/unit/packages/insight-core/detector/network-detector.test.ts[2m > [22mNetworkDetector[2m > [22mdetectAxiosIssues[2m > [22mshould detect axios without timeout[32m 17[2mms[22m[39m
 [32mÃ”Â£Ã´[39m tests/unit/packages/insight-core/detector/network-detector.test.ts[2m > [22mNetworkDetector[2m > [22mdetectAxiosIssues[2m > [22mshould NOT flag axios.create with timeout[32m 17[2mms[22m[39m
 [32mÃ”Â£Ã´[39m tests/unit/packages/insight-core/detector/network-detector.test.ts[2m > [22mNetworkDetector[2m > [22mdetectAxiosIssues[2m > [22mshould detect axios.create without interceptors[32m 24[2mms[22m[39m
 [32mÃ”Â£Ã´[39m tests/unit/packages/insight-core/detector/runtime-detector-phase3.test.ts[2m > [22mRuntimeDetector - Memory Leaks & Race Conditions (Phase 3)[2m > [22mdetectMemoryLeaks - Event Listeners[2m > [22mshould NOT flag addEventListener with removeEventListener[32m 79[2mms[22m[39m
 [32mÃ”Â£Ã´[39m tests/unit/packages/insight-core/detector/performance-detector.test.ts[2m > [22mPerformanceDetector[2m > [22mLarge Bundle Detection[2m > [22mshould estimate load time impact[32m 114[2mms[22m[39m
 [32mÃ”Â£Ã´[39m tests/unit/packages/insight-core/detector/isolation-detector.test.ts[2m > [22mComponentIsolationDetector[2m > [22mTight Coupling Detection[2m > [22mshould detect high coupling (>14 dependencies)[32m 83[2mms[22m[39m
 [32mÃ”Â£Ã´[39m tests/unit/packages/insight-core/detector/security-detector.test.ts[2m > [22mSecurityDetector[2m > [22mdetectHardcodedSecrets[2m > [22mshould detect private keys[32m 44[2mms[22m[39m
 [32mÃ”Â£Ã´[39m tests/unit/packages/insight-core/detector/network-detector.test.ts[2m > [22mNetworkDetector[2m > [22mdetectAxiosIssues[2m > [22mshould NOT flag axios.create with interceptors[32m 15[2mms[22m[39m
 [32mÃ”Â£Ã´[39m tests/unit/packages/insight-core/detector/network-detector.test.ts[2m > [22mNetworkDetector[2m > [22mdetectAxiosIssues[2m > [22mshould detect axios.post without error handling[32m 18[2mms[22m[39m
 [32mÃ”Â£Ã´[39m tests/unit/packages/insight-core/detector/network-detector.test.ts[2m > [22mNetworkDetector[2m > [22mdetectAxiosIssues[2m > [22mshould detect all axios methods (get, post, put, delete, patch)[32m 47[2mms[22m[39m
 [32mÃ”Â£Ã´[39m tests/unit/packages/insight-core/detector/network-detector.test.ts[2m > [22mNetworkDetector[2m > [22mdetectTimeoutIssues[2m > [22mshould detect excessive timeout (>30s)[32m 17[2mms[22m[39m
 [32mÃ”Â£Ã´[39m tests/unit/packages/insight-core/detector/runtime-detector-phase3.test.ts[2m > [22mRuntimeDetector - Memory Leaks & Race Conditions (Phase 3)[2m > [22mdetectMemoryLeaks - Event Listeners[2m > [22mshould detect addEventListener in useEffect without cleanup[32m 142[2mms[22m[39m
 [32mÃ”Â£Ã´[39m tests/unit/packages/insight-core/detector/performance-detector.test.ts[2m > [22mPerformanceDetector[2m > [22mBlocking Operation Detection[2m > [22mshould detect sync file system operations[32m 142[2mms[22m[39m
 [32mÃ”Â£Ã´[39m tests/e2e/cli-workflow.test.ts[2m > [22mE2E: ODAVL CLI Commands[2m > [22mshould display studio information[33m 721[2mms[22m[39m
 [32mÃ”Â£Ã´[39m tests/unit/packages/insight-core/detector/isolation-detector.test.ts[2m > [22mComponentIsolationDetector[2m > [22mTight Coupling Detection[2m > [22mshould include affected files in coupling issue[32m 77[2mms[22m[39m
 [32mÃ”Â£Ã´[39m tests/unit/packages/insight-core/detector/isolation-detector.test.ts[2m > [22mComponentIsolationDetector[2m > [22mTight Coupling Detection[2m > [22mshould not report coupling issue for well-isolated component[32m 17[2mms[22m[39m
 [32mÃ”Â£Ã´[39m tests/unit/packages/insight-core/detector/isolation-detector.test.ts[2m > [22mComponentIsolationDetector[2m > [22mLow Cohesion Detection[2m > [22mshould detect component with exactly threshold (3) responsibilities[32m 18[2mms[22m[39m
 [32mÃ”Â£Ã´[39m tests/unit/packages/insight-core/detector/isolation-detector.test.ts[2m > [22mComponentIsolationDetector[2m > [22mLow Cohesion Detection[2m > [22mshould detect component with 4 distinct responsibilities[32m 29[2mms[22m[39m
 [32mÃ”Â£Ã´[39m tests/unit/packages/insight-core/detector/isolation-detector.test.ts[2m > [22mComponentIsolationDetector[2m > [22mLow Cohesion Detection[2m > [22mshould detect component with multiple unrelated responsibilities[32m 15[2mms[22m[39m
 [32mÃ”Â£Ã´[39m tests/unit/packages/insight-core/detector/isolation-detector.test.ts[2m > [22mComponentIsolationDetector[2m > [22mLow Cohesion Detection[2m > [22mshould list all detected responsibilities in message[32m 14[2mms[22m[39m
 [32mÃ”Â£Ã´[39m tests/unit/packages/insight-core/detector/network-detector.test.ts[2m > [22mNetworkDetector[2m > [22mdetectTimeoutIssues[2m > [22mshould NOT flag reasonable timeouts (<30s)[32m 38[2mms[22m[39m
 [32mÃ”Â£Ã´[39m tests/unit/packages/insight-core/detector/network-detector.test.ts[2m > [22mNetworkDetector[2m > [22mdetectTimeoutIssues[2m > [22mshould detect very long timeout (>1 minute)[32m 14[2mms[22m[39m
 [32mÃ”Â£Ã´[39m tests/unit/packages/insight-core/detector/network-detector.test.ts[2m > [22mNetworkDetector[2m > [22mdetectTimeoutIssues[2m > [22mshould NOT flag Promise.race with timeout[32m 21[2mms[22m[39m
 [32mÃ”Â£Ã´[39m tests/unit/packages/insight-core/detector/network-detector.test.ts[2m > [22mNetworkDetector[2m > [22mdetectTimeoutIssues[2m > [22mshould detect multiple excessive timeouts[32m 17[2mms[22m[39m
 [32mÃ”Â£Ã´[39m tests/unit/packages/insight-core/detector/network-detector.test.ts[2m > [22mNetworkDetector[2m > [22mdetectErrorHandlingIssues[2m > [22mshould detect .then() without .catch() for fetch[32m 24[2mms[22m[39m
 [32mÃ”Â£Ã´[39m tests/unit/packages/insight-core/detector/security-detector.test.ts[2m > [22mSecurityDetector[2m > [22mdetectHardcodedSecrets[2m > [22mshould detect database connection strings with credentials[32m 141[2mms[22m[39m
 [32mÃ”Â£Ã´[39m tests/unit/packages/insight-core/detector/performance-detector.test.ts[2m > [22mPerformanceDetector[2m > [22mBlocking Operation Detection[2m > [22mshould detect sync crypto operations[32m 129[2mms[22m[39m
 [32mÃ”Â£Ã´[39m odavl-studio/insight/core/tests/detector/python/python-security-detector.test.ts[2m > [22mPythonSecurityDetector[2m > [22mBasic Functionality[2m > [22mshould detect security issues[33m 1894[2mms[22m[39m
 [32mÃ”Â£Ã´[39m tests/unit/packages/insight-core/detector/network-detector.test.ts[2m > [22mNetworkDetector[2m > [22mdetectErrorHandlingIssues[2m > [22mshould NOT flag .then() with .catch()[32m 23[2mms[22m[39m
 [32mÃ”Â£Ã´[39m tests/unit/packages/insight-core/detector/network-detector.test.ts[2m > [22mNetworkDetector[2m > [22mdetectErrorHandlingIssues[2m > [22mshould detect .then() without .catch() for axios[32m 38[2mms[22m[39m
 [32mÃ”Â£Ã´[39m tests/unit/packages/insight-core/detector/network-detector.test.ts[2m > [22mNetworkDetector[2m > [22mdetectErrorHandlingIssues[2m > [22mshould detect nested .then() without top-level .catch()[32m 18[2mms[22m[39m
 [32mÃ”Â£Ã´[39m tests/unit/packages/insight-core/detector/network-detector.test.ts[2m > [22mNetworkDetector[2m > [22mdetectErrorHandlingIssues[2m > [22mshould NOT flag .then() with .finally() and .catch()[32m 25[2mms[22m[39m
 [32mÃ”Â£Ã´[39m tests/unit/packages/insight-core/detector/security-detector.test.ts[2m > [22mSecurityDetector[2m > [22mdetectHardcodedSecrets[2m > [22mshould filter false positives from example/test files[32m 84[2mms[22m[39m
 [32mÃ”Â£Ã´[39m tests/unit/packages/insight-core/detector/isolation-detector.test.ts[2m > [22mComponentIsolationDetector[2m > [22mLow Cohesion Detection[2m > [22mshould not report cohesion issue for focused component[32m 17[2mms[22m[39m
 [32mÃ”Â£Ã´[39m tests/unit/packages/insight-core/detector/isolation-detector.test.ts[2m > [22mComponentIsolationDetector[2m > [22mFan-In Detection[2m > [22mshould detect component with exactly threshold (10) dependents[32m 61[2mms[22m[39m
 [32mÃ”Â£Ã´[39m tests/unit/packages/insight-core/detector/runtime-detector-phase3.test.ts[2m > [22mRuntimeDetector - Memory Leaks & Race Conditions (Phase 3)[2m > [22mdetectMemoryLeaks - Event Listeners[2m > [22mshould NOT flag addEventListener with useEffect cleanup[32m 161[2mms[22m[39m
 [32mÃ”Â£Ã´[39m tests/unit/packages/insight-core/detector/runtime-detector-phase3.test.ts[2m > [22mRuntimeDetector - Memory Leaks & Race Conditions (Phase 3)[2m > [22mdetectMemoryLeaks - Event Listeners[2m > [22mshould detect multiple addEventListener without cleanup[32m 55[2mms[22m[39m
 [2m[90mÃ”Ã¥Ã´[39m[22m tests/unit/packages/insight-core/detector/performance-detector.test.ts[2m > [22mPerformanceDetector[2m > [22mBlocking Operation Detection[2m > [22mshould detect execSync
 [2m[90mÃ”Ã¥Ã´[39m[22m tests/unit/packages/insight-core/detector/performance-detector.test.ts[2m > [22mPerformanceDetector[2m > [22mBlocking Operation Detection[2m > [22mshould estimate blocking time
 [2m[90mÃ”Ã¥Ã´[39m[22m tests/unit/packages/insight-core/detector/performance-detector.test.ts[2m > [22mPerformanceDetector[2m > [22mInefficient Loop Detection[2m > [22mshould detect nested loops (O(nâ”¬â–“))
 [32mÃ”Â£Ã´[39m tests/unit/packages/insight-core/detector/performance-detector.test.ts[2m > [22mPerformanceDetector[2m > [22mInefficient Loop Detection[2m > [22mshould detect triple nested loops (O(nâ”¬â”‚))[32m 144[2mms[22m[39m
 [32mÃ”Â£Ã´[39m tests/unit/packages/insight-core/detector/network-detector.test.ts[2m > [22mNetworkDetector[2m > [22mdetectErrorHandlingIssues[2m > [22mshould detect response.ok check missing in multiple functions[32m 19[2mms[22m[39m
 [32mÃ”Â£Ã´[39m tests/unit/packages/insight-core/detector/network-detector.test.ts[2m > [22mNetworkDetector[2m > [22mdetectErrorHandlingIssues[2m > [22mshould NOT flag non-network .then() patterns[32m 55[2mms[22m[39m
 [32mÃ”Â£Ã´[39m tests/unit/packages/insight-core/detector/network-detector.test.ts[2m > [22mNetworkDetector[2m > [22mdetectConcurrencyIssues[2m > [22mshould detect Promise.all without error handling[32m 46[2mms[22m[39m
 [32mÃ”Â£Ã´[39m tests/unit/packages/insight-core/detector/isolation-detector.test.ts[2m > [22mComponentIsolationDetector[2m > [22mFan-In Detection[2m > [22mshould detect high fan-in (>10 dependents)[32m 91[2mms[22m[39m
 [32mÃ”Â£Ã´[39m tests/unit/packages/insight-core/detector/isolation-detector.test.ts[2m > [22mComponentIsolationDetector[2m > [22mFan-In Detection[2m > [22mshould include affected files in fan-in issue[32m 45[2mms[22m[39m
 [32mÃ”Â£Ã´[39m tests/unit/packages/insight-core/detector/isolation-detector.test.ts[2m > [22mComponentIsolationDetector[2m > [22mFan-In Detection[2m > [22mshould not report fan-in issue for moderately used component[32m 26[2mms[22m[39m
 [32mÃ”Â£Ã´[39m tests/unit/packages/insight-core/detector/runtime-detector-phase3.test.ts[2m > [22mRuntimeDetector - Memory Leaks & Race Conditions (Phase 3)[2m > [22mdetectMemoryLeaks - Event Listeners[2m > [22mshould detect window event listeners without cleanup[32m 171[2mms[22m[39m
 [32mÃ”Â£Ã´[39m tests/unit/packages/insight-core/detector/security-detector.test.ts[2m > [22mSecurityDetector[2m > [22mdetectHardcodedSecrets[2m > [22mshould filter false positives with placeholder text[32m 185[2mms[22m[39m
 [2m[90mÃ”Ã¥Ã´[39m[22m tests/unit/packages/insight-core/detector/performance-detector.test.ts[2m > [22mPerformanceDetector[2m > [22mInefficient Loop Detection[2m > [22mshould detect array.push in loops
 [2m[90mÃ”Ã¥Ã´[39m[22m tests/unit/packages/insight-core/detector/performance-detector.test.ts[2m > [22mPerformanceDetector[2m > [22mInefficient Loop Detection[2m > [22mshould detect large array allocations
 [32mÃ”Â£Ã´[39m tests/unit/packages/insight-core/detector/performance-detector.test.ts[2m > [22mPerformanceDetector[2m > [22mN+1 Query Detection[2m > [22mshould detect Prisma queries in loops[32m 119[2mms[22m[39m
 [32mÃ”Â£Ã´[39m tests/unit/packages/insight-core/detector/network-detector.test.ts[2m > [22mNetworkDetector[2m > [22mdetectConcurrencyIssues[2m > [22mshould NOT flag Promise.all with try/catch[32m 54[2mms[22m[39m
 [32mÃ”Â£Ã´[39m tests/unit/packages/insight-core/detector/network-detector.test.ts[2m > [22mNetworkDetector[2m > [22mdetectConcurrencyIssues[2m > [22mshould detect unlimited concurrent requests[32m 37[2mms[22m[39m
 [32mÃ”Â£Ã´[39m tests/unit/packages/insight-core/detector/isolation-detector.test.ts[2m > [22mComponentIsolationDetector[2m > [22mFan-Out Detection[2m > [22mshould detect high fan-out (>10 dependencies)[32m 99[2mms[22m[39m
 [32mÃ”Â£Ã´[39m tests/unit/packages/insight-core/detector/network-detector.test.ts[2m > [22mNetworkDetector[2m > [22mdetectConcurrencyIssues[2m > [22mshould detect race condition: setState after async in useEffect[32m 94[2mms[22m[39m
 [32mÃ”Â£Ã´[39m tests/unit/packages/insight-core/detector/network-detector.test.ts[2m > [22mNetworkDetector[2m > [22mdetectConcurrencyIssues[2m > [22mshould NOT flag useEffect with AbortController[32m 56[2mms[22m[39m
 [32mÃ”Â£Ã´[39m tests/unit/packages/insight-core/detector/isolation-detector.test.ts[2m > [22mComponentIsolationDetector[2m > [22mFan-Out Detection[2m > [22mshould provide appropriate suggestions for fan-out[32m 96[2mms[22m[39m
 [32mÃ”Â£Ã´[39m tests/unit/packages/insight-core/detector/isolation-detector.test.ts[2m > [22mComponentIsolationDetector[2m > [22mFan-Out Detection[2m > [22mshould not report fan-out for moderate dependencies[32m 36[2mms[22m[39m
 [32mÃ”Â£Ã´[39m tests/unit/packages/insight-core/detector/isolation-detector.test.ts[2m > [22mComponentIsolationDetector[2m > [22mBoundary Violation Detection[2m > [22mshould detect presentation layer importing from presentation (valid)[32m 40[2mms[22m[39m
 [32mÃ”Â£Ã´[39m tests/unit/packages/insight-core/detector/security-detector.test.ts[2m > [22mSecurityDetector[2m > [22mdetectInjectionVulnerabilities[2m > [22mshould detect SQL injection with string interpolation[32m 206[2mms[22m[39m
 [32mÃ”Â£Ã´[39m tests/unit/packages/insight-core/detector/performance-detector.test.ts[2m > [22mPerformanceDetector[2m > [22mN+1 Query Detection[2m > [22mshould detect fetch in loops[32m 85[2mms[22m[39m
 [32mÃ”Â£Ã´[39m tests/unit/packages/insight-core/detector/performance-detector.test.ts[2m > [22mPerformanceDetector[2m > [22mN+1 Query Detection[2m > [22mshould detect axios in loops[32m 101[2mms[22m[39m
 [32mÃ”Â£Ã´[39m tests/unit/packages/insight-core/detector/runtime-detector-phase3.test.ts[2m > [22mRuntimeDetector - Memory Leaks & Race Conditions (Phase 3)[2m > [22mdetectMemoryLeaks - Event Listeners[2m > [22mshould detect document event listeners without cleanup[32m 255[2mms[22m[39m
 [32mÃ”Â£Ã´[39m tests/unit/packages/insight-core/detector/isolation-detector.test.ts[2m > [22mComponentIsolationDetector[2m > [22mBoundary Violation Detection[2m > [22mshould detect domain layer importing from application (invalid)[32m 22[2mms[22m[39m
 [32mÃ”Â£Ã´[39m tests/unit/packages/insight-core/detector/isolation-detector.test.ts[2m > [22mComponentIsolationDetector[2m > [22mBoundary Violation Detection[2m > [22mshould detect infrastructure importing from domain (invalid)[32m 53[2mms[22m[39m
 [32mÃ”Â£Ã´[39m tests/unit/packages/insight-core/detector/isolation-detector.test.ts[2m > [22mComponentIsolationDetector[2m > [22mBoundary Violation Detection[2m > [22mshould detect application importing from domain (valid)[32m 20[2mms[22m[39m
 [32mÃ”Â£Ã´[39m tests/unit/packages/insight-core/detector/network-detector.test.ts[2m > [22mNetworkDetector[2m > [22mdetectConcurrencyIssues[2m > [22mshould detect multiple concurrent fetch without limit[32m 23[2mms[22m[39m
 [32mÃ”Â£Ã´[39m tests/unit/packages/insight-core/detector/network-detector.test.ts[2m > [22mNetworkDetector[2m > [22mdetectConcurrencyIssues[2m > [22mshould detect Promise.all with axios.map pattern[32m 39[2mms[22m[39m
 [32mÃ”Â£Ã´[39m tests/unit/packages/insight-core/detector/network-detector.test.ts[2m > [22mNetworkDetector[2m > [22mdetectConcurrencyIssues[2m > [22mshould NOT flag Promise.allSettled (safer alternative)[32m 30[2mms[22m[39m
 [32mÃ”Â£Ã´[39m tests/unit/packages/insight-core/detector/network-detector.test.ts[2m > [22mNetworkDetector[2m > [22mEdge cases and exclusions[2m > [22mshould exclude test files[32m 41[2mms[22m[39m
 [32mÃ”Â£Ã´[39m tests/unit/packages/insight-core/detector/performance-detector.test.ts[2m > [22mPerformanceDetector[2m > [22mN+1 Query Detection[2m > [22mshould suggest batching solutions[32m 164[2mms[22m[39m
 [32mÃ”Â£Ã´[39m tests/unit/packages/insight-core/detector/isolation-detector.test.ts[2m > [22mComponentIsolationDetector[2m > [22mBoundary Violation Detection[2m > [22mshould provide fix suggestions for boundary violations[32m 19[2mms[22m[39m
 [32mÃ”Â£Ã´[39m tests/unit/packages/insight-core/detector/isolation-detector.test.ts[2m > [22mComponentIsolationDetector[2m > [22mBoundary Violation Detection[2m > [22mshould detect multiple boundary violations in single file[32m 39[2mms[22m[39m
 [32mÃ”Â£Ã´[39m tests/unit/packages/insight-core/detector/isolation-detector.test.ts[2m > [22mComponentIsolationDetector[2m > [22mBoundary Violation Detection[2m > [22mshould not report boundary violations for valid layered dependencies[32m 42[2mms[22m[39m
 [32mÃ”Â£Ã´[39m tests/unit/packages/insight-core/detector/security-detector.test.ts[2m > [22mSecurityDetector[2m > [22mdetectInjectionVulnerabilities[2m > [22mshould detect command injection[32m 220[2mms[22m[39m
 [32mÃ”Â£Ã´[39m tests/unit/packages/insight-core/detector/security-detector.test.ts[2m > [22mSecurityDetector[2m > [22mdetectInjectionVulnerabilities[2m > [22mshould detect XSS with dangerouslySetInnerHTML[32m 64[2mms[22m[39m
 [32mÃ”Â£Ã´[39m tests/unit/packages/insight-core/detector/security-detector.test.ts[2m > [22mSecurityDetector[2m > [22mdetectInjectionVulnerabilities[2m > [22mshould detect path traversal without sanitization[32m 25[2mms[22m[39m
 [32mÃ”Â£Ã´[39m tests/unit/packages/insight-core/detector/network-detector.test.ts[2m > [22mNetworkDetector[2m > [22mEdge cases and exclusions[2m > [22mshould exclude spec files[32m 30[2mms[22m[39m
 [32mÃ”Â£Ã´[39m tests/unit/packages/insight-core/detector/network-detector.test.ts[2m > [22mNetworkDetector[2m > [22mEdge cases and exclusions[2m > [22mshould exclude mock files[32m 25[2mms[22m[39m
 [32mÃ”Â£Ã´[39m tests/unit/packages/insight-core/detector/network-detector.test.ts[2m > [22mNetworkDetector[2m > [22mEdge cases and exclusions[2m > [22mshould exclude config files[32m 84[2mms[22m[39m
Ã”ÃœÃ¡ performance: 75/100 - Needs improvement
- Running security tests...
 [32mÃ”Â£Ã´[39m tests/unit/packages/insight-core/detector/runtime-detector-phase3.test.ts[2m > [22mRuntimeDetector - Memory Leaks & Race Conditions (Phase 3)[2m > [22mdetectMemoryLeaks - Event Listeners[2m > [22mshould detect class component with listeners but no componentWillUnmount[32m 237[2mms[22m[39m
 [32mÃ”Â£Ã´[39m tests/unit/packages/insight-core/detector/isolation-detector.test.ts[2m > [22mComponentIsolationDetector[2m > [22mGod Component Detection[2m > [22mshould detect component with exactly threshold (300) LOC[32m 34[2mms[22m[39m
 [32mÃ”Â£Ã´[39m tests/unit/packages/insight-core/detector/isolation-detector.test.ts[2m > [22mComponentIsolationDetector[2m > [22mGod Component Detection[2m > [22mshould detect component with >300 LOC (high LOC)[32m 33[2mms[22m[39m
 [32mÃ”Â£Ã´[39m tests/unit/packages/insight-core/detector/isolation-detector.test.ts[2m > [22mComponentIsolationDetector[2m > [22mGod Component Detection[2m > [22mshould detect component with >4.5 responsibilities (many concerns)[32m 19[2mms[22m[39m
 [32mÃ”Â£Ã´[39m tests/unit/packages/insight-core/detector/isolation-detector.test.ts[2m > [22mComponentIsolationDetector[2m > [22mGod Component Detection[2m > [22mshould detect god component with both high LOC and responsibilities[32m 19[2mms[22m[39m
 [32mÃ”Â£Ã´[39m tests/unit/packages/insight-core/detector/performance-detector.test.ts[2m > [22mPerformanceDetector[2m > [22mStatistics Calculation[2m > [22mshould aggregate by severity[32m 127[2mms[22m[39m
 [32mÃ”Â£Ã´[39m tests/e2e/cli-workflow.test.ts[2m > [22mE2E: ODAVL CLI Commands[2m > [22mInsight Commands[2m > [22mshould display insight help[33m 908[2mms[22m[39m
 [32mÃ”Â£Ã´[39m tests/unit/packages/insight-core/detector/network-detector.test.ts[2m > [22mNetworkDetector[2m > [22mEdge cases and exclusions[2m > [22mshould exclude type definition files[32m 40[2mms[22m[39m
 [32mÃ”Â£Ã´[39m tests/unit/packages/insight-core/detector/network-detector.test.ts[2m > [22mNetworkDetector[2m > [22mEdge cases and exclusions[2m > [22mshould handle empty files[32m 27[2mms[22m[39m
 [32mÃ”Â£Ã´[39m tests/unit/packages/insight-core/detector/network-detector.test.ts[2m > [22mNetworkDetector[2m > [22mEdge cases and exclusions[2m > [22mshould handle files with only comments[32m 84[2mms[22m[39m
 [32mÃ”Â£Ã´[39m tests/unit/packages/insight-core/detector/security-detector.test.ts[2m > [22mSecurityDetector[2m > [22mdetectInjectionVulnerabilities[2m > [22mshould NOT flag path traversal when path.join is used[32m 97[2mms[22m[39m
 [32mÃ”Â£Ã´[39m tests/unit/packages/insight-core/detector/isolation-detector.test.ts[2m > [22mComponentIsolationDetector[2m > [22mGod Component Detection[2m > [22mshould not report god component for reasonably sized component[32m 30[2mms[22m[39m
 [32mÃ”Â£Ã´[39m tests/unit/packages/insight-core/detector/isolation-detector.test.ts[2m > [22mComponentIsolationDetector[2m > [22mResponsibility Detection[2m > [22mshould detect UI rendering responsibility[32m 31[2mms[22m[39m
 [32mÃ”Â£Ã´[39m tests/unit/packages/insight-core/detector/isolation-detector.test.ts[2m > [22mComponentIsolationDetector[2m > [22mResponsibility Detection[2m > [22mshould detect data fetching responsibility[32m 27[2mms[22m[39m
 [32mÃ”Â£Ã´[39m tests/unit/packages/insight-core/detector/isolation-detector.test.ts[2m > [22mComponentIsolationDetector[2m > [22mResponsibility Detection[2m > [22mshould detect state management responsibility[32m 27[2mms[22m[39m
 [2m[90mÃ”Ã¥Ã´[39m[22m tests/unit/packages/insight-core/detector/performance-detector.test.ts[2m > [22mPerformanceDetector[2m > [22mStatistics Calculation[2m > [22mshould aggregate by type
 [32mÃ”Â£Ã´[39m tests/unit/packages/insight-core/detector/performance-detector.test.ts[2m > [22mPerformanceDetector[2m > [22mStatistics Calculation[2m > [22mshould calculate average file size[32m 143[2mms[22m[39m
[90mstdout[2m | tests/integration/autopilot-loop.test.ts[2m > [22m[2mODAVL Autopilot - Full Loop Integration
[22m[39mÃ”Â£Ã  Test fixtures setup complete

 [32mÃ”Â£Ã´[39m tests/unit/packages/insight-core/detector/network-detector.test.ts[2m > [22mNetworkDetector[2m > [22mEdge cases and exclusions[2m > [22mshould handle files with only interfaces[32m 46[2mms[22m[39m
 [32mÃ”Â£Ã´[39m tests/unit/packages/insight-core/detector/network-detector.test.ts[2m > [22mNetworkDetector[2m > [22mgetStatistics[2m > [22mshould calculate comprehensive statistics[32m 59[2mms[22m[39m
 [32mÃ”Â£Ã´[39m tests/unit/packages/insight-core/detector/security-detector.test.ts[2m > [22mSecurityDetector[2m > [22mdetectWeakCryptography[2m > [22mshould detect MD5 usage[32m 92[2mms[22m[39m
 [32mÃ”Â£Ã´[39m tests/unit/packages/insight-core/detector/security-detector.test.ts[2m > [22mSecurityDetector[2m > [22mdetectWeakCryptography[2m > [22mshould detect SHA1 usage[32m 54[2mms[22m[39m
 [32mÃ”Â£Ã´[39m tests/unit/packages/insight-core/detector/security-detector.test.ts[2m > [22mSecurityDetector[2m > [22mdetectWeakCryptography[2m > [22mshould detect Math.random in security contexts[32m 35[2mms[22m[39m
 [32mÃ”Â£Ã´[39m tests/unit/packages/insight-core/detector/isolation-detector.test.ts[2m > [22mComponentIsolationDetector[2m > [22mResponsibility Detection[2m > [22mshould detect business logic responsibility[32m 15[2mms[22m[39m
 [32mÃ”Â£Ã´[39m tests/unit/packages/insight-core/detector/isolation-detector.test.ts[2m > [22mComponentIsolationDetector[2m > [22mResponsibility Detection[2m > [22mshould detect data persistence responsibility[32m 10[2mms[22m[39m
 [32mÃ”Â£Ã´[39m tests/unit/packages/insight-core/detector/isolation-detector.test.ts[2m > [22mComponentIsolationDetector[2m > [22mResponsibility Detection[2m > [22mshould detect event handling responsibility[32m 38[2mms[22m[39m
 [32mÃ”Â£Ã´[39m tests/unit/packages/insight-core/detector/network-detector.test.ts[2m > [22mNetworkDetector[2m > [22mgetStatistics[2m > [22mshould handle empty results[32m 8[2mms[22m[39m
 [32mÃ”Â£Ã´[39m tests/unit/packages/insight-core/detector/network-detector.test.ts[2m > [22mNetworkDetector[2m > [22mformatError[2m > [22mshould format error with all details[32m 2[2mms[22m[39m
 [32mÃ”Â£Ã´[39m tests/unit/packages/insight-core/detector/runtime-detector-phase3.test.ts[2m > [22mRuntimeDetector - Memory Leaks & Race Conditions (Phase 3)[2m > [22mdetectMemoryLeaks - Intervals & Timeouts[2m > [22mshould detect setInterval without clearInterval[32m 179[2mms[22m[39m
 [32mÃ”Â£Ã´[39m tests/unit/packages/insight-core/detector/isolation-detector.test.ts[2m > [22mComponentIsolationDetector[2m > [22mStatistics Calculation[2m > [22mshould calculate correct totals[32m 68[2mms[22m[39m
 [32mÃ”Â£Ã´[39m tests/unit/packages/insight-core/detector/isolation-detector.test.ts[2m > [22mComponentIsolationDetector[2m > [22mStatistics Calculation[2m > [22mshould calculate averages correctly[32m 16[2mms[22m[39m
 [32mÃ”Â£Ã´[39m tests/unit/packages/insight-core/detector/isolation-detector.test.ts[2m > [22mComponentIsolationDetector[2m > [22mStatistics Calculation[2m > [22mshould count well-isolated components[32m 20[2mms[22m[39m
 [32mÃ”Â£Ã´[39m tests/unit/packages/insight-core/detector/isolation-detector.test.ts[2m > [22mComponentIsolationDetector[2m > [22mStatistics Calculation[2m > [22mshould handle empty results gracefully[32m 2[2mms[22m[39m
 [32mÃ”Â£Ã´[39m tests/unit/packages/insight-core/detector/performance-detector.test.ts[2m > [22mPerformanceDetector[2m > [22mStatistics Calculation[2m > [22mshould identify largest files[32m 200[2mms[22m[39m
 [32mÃ”Â£Ã´[39m tests/unit/packages/insight-core/detector/security-detector.test.ts[2m > [22mSecurityDetector[2m > [22mdetectWeakCryptography[2m > [22mshould detect weak encryption algorithms[32m 93[2mms[22m[39m
 [32mÃ”Â£Ã´[39m odavl-studio/insight/core/tests/detector/python/python-type-detector.test.ts[2m > [22mPythonTypeDetector[2m > [22mBasic Functionality[2m > [22mshould detect type issues in test file[33m 2867[2mms[22m[39m
 [32mÃ”Â£Ã´[39m tests/unit/packages/insight-core/detector/runtime-detector-phase3.test.ts[2m > [22mRuntimeDetector - Memory Leaks & Race Conditions (Phase 3)[2m > [22mdetectMemoryLeaks - Intervals & Timeouts[2m > [22mshould NOT flag setInterval with clearInterval[32m 131[2mms[22m[39m
 [32mÃ”Â£Ã´[39m tests/unit/packages/insight-core/detector/isolation-detector.test.ts[2m > [22mComponentIsolationDetector[2m > [22mExclusion Patterns[2m > [22mshould exclude test files[32m 99[2mms[22m[39m
 [32mÃ”Â£Ã´[39m tests/unit/packages/insight-core/detector/isolation-detector.test.ts[2m > [22mComponentIsolationDetector[2m > [22mExclusion Patterns[2m > [22mshould exclude mock files[32m 53[2mms[22m[39m
 [32mÃ”Â£Ã´[39m tests/unit/packages/insight-core/detector/isolation-detector.test.ts[2m > [22mComponentIsolationDetector[2m > [22mExclusion Patterns[2m > [22mshould exclude fixture files[32m 8[2mms[22m[39m
 [32mÃ”Â£Ã´[39m tests/unit/packages/insight-core/detector/security-detector.test.ts[2m > [22mSecurityDetector[2m > [22mdetectUnsafePatterns[2m > [22mshould detect eval usage[32m 130[2mms[22m[39m
 [32mÃ”Â£Ã´[39m tests/unit/packages/insight-core/detector/security-detector.test.ts[2m > [22mSecurityDetector[2m > [22mdetectUnsafePatterns[2m > [22mshould detect insecure deserialization[32m 81[2mms[22m[39m
 [32mÃ”Â£Ã´[39m tests/unit/packages/insight-core/detector/runtime-detector-phase3.test.ts[2m > [22mRuntimeDetector - Memory Leaks & Race Conditions (Phase 3)[2m > [22mdetectMemoryLeaks - Intervals & Timeouts[2m > [22mshould detect setInterval in useEffect without cleanup[32m 117[2mms[22m[39m
 [32mÃ”Â£Ã´[39m tests/unit/packages/insight-core/detector/isolation-detector.test.ts[2m > [22mComponentIsolationDetector[2m > [22mConsole Formatting[2m > [22mshould format tight-coupling issue with correct emoji[32m 147[2mms[22m[39m
 [32mÃ”Â£Ã´[39m tests/unit/packages/insight-core/detector/performance-detector.test.ts[2m > [22mPerformanceDetector[2m > [22mExclusion Patterns[2m > [22mshould exclude test files[32m 277[2mms[22m[39m
 [32mÃ”Â£Ã´[39m tests/unit/packages/insight-core/detector/isolation-detector.test.ts[2m > [22mComponentIsolationDetector[2m > [22mConsole Formatting[2m > [22mshould format boundary-violation with HIGH severity emoji[32m 61[2mms[22m[39m
 [32mÃ”Â£Ã´[39m tests/unit/packages/insight-core/detector/isolation-detector.test.ts[2m > [22mComponentIsolationDetector[2m > [22mConsole Formatting[2m > [22mshould format god-component with suggested fix[32m 15[2mms[22m[39m
 [32mÃ”Â£Ã´[39m tests/unit/packages/insight-core/detector/security-detector.test.ts[2m > [22mSecurityDetector[2m > [22mdetectUnsafePatterns[2m > [22mshould detect CORS wildcard misconfiguration[32m 40[2mms[22m[39m
 [32mÃ”Â£Ã´[39m tests/unit/packages/insight-core/detector/runtime-detector-phase3.test.ts[2m > [22mRuntimeDetector - Memory Leaks & Race Conditions (Phase 3)[2m > [22mdetectMemoryLeaks - Intervals & Timeouts[2m > [22mshould NOT flag setInterval in useEffect with cleanup[32m 153[2mms[22m[39m
 [2m[90mÃ”Ã¥Ã´[39m[22m tests/unit/packages/insight-core/detector/runtime-detector-phase3.test.ts[2m > [22mRuntimeDetector - Memory Leaks & Race Conditions (Phase 3)[2m > [22mdetectMemoryLeaks - Intervals & Timeouts[2m > [22mshould detect long setTimeout without cleanup (>5s)
 [32mÃ”Â£Ã´[39m tests/unit/packages/insight-core/detector/runtime-detector-phase3.test.ts[2m > [22mRuntimeDetector - Memory Leaks & Race Conditions (Phase 3)[2m > [22mdetectMemoryLeaks - Intervals & Timeouts[2m > [22mshould NOT flag short setTimeout (<5s)[32m 73[2mms[22m[39m
 [32mÃ”Â£Ã´[39m tests/unit/packages/insight-core/detector/security-detector.test.ts[2m > [22mSecurityDetector[2m > [22mdetectUnsafePatterns[2m > [22mshould detect sensitive data in console logs[32m 196[2mms[22m[39m
 [32mÃ”Â£Ã´[39m tests/unit/packages/insight-core/detector/security-detector.test.ts[2m > [22mSecurityDetector[2m > [22mignore patterns[2m > [22mshould ignore node_modules[32m 18[2mms[22m[39m
 [32mÃ”Â£Ã´[39m tests/unit/packages/insight-core/detector/performance-detector.test.ts[2m > [22mPerformanceDetector[2m > [22mExclusion Patterns[2m > [22mshould exclude spec files[32m 148[2mms[22m[39m
 [32mÃ”Â£Ã´[39m tests/unit/packages/insight-core/detector/runtime-detector-phase3.test.ts[2m > [22mRuntimeDetector - Memory Leaks & Race Conditions (Phase 3)[2m > [22mdetectMemoryLeaks - Intervals & Timeouts[2m > [22mshould NOT flag long setTimeout with clearTimeout[32m 88[2mms[22m[39m
 [32mÃ”Â£Ã´[39m tests/unit/packages/insight-core/detector/runtime-detector-phase3.test.ts[2m > [22mRuntimeDetector - Memory Leaks & Race Conditions (Phase 3)[2m > [22mdetectMemoryLeaks - Intervals & Timeouts[2m > [22mshould detect multiple intervals without cleanup[32m 69[2mms[22m[39m
 [32mÃ”Â£Ã´[39m tests/e2e/cli-workflow.test.ts[2m > [22mE2E: ODAVL CLI Commands[2m > [22mInsight Commands[2m > [22mshould display analyze help[33m 805[2mms[22m[39m
 [32mÃ”Â£Ã´[39m tests/unit/packages/insight-core/detector/security-detector.test.ts[2m > [22mSecurityDetector[2m > [22mignore patterns[2m > [22mshould ignore test files[32m 28[2mms[22m[39m
 [32mÃ”Â£Ã´[39m tests/unit/packages/insight-core/detector/security-detector.test.ts[2m > [22mSecurityDetector[2m > [22mignore patterns[2m > [22mshould ignore package-lock.json[32m 19[2mms[22m[39m
 [32mÃ”Â£Ã´[39m tests/unit/packages/insight-core/detector/security-detector.test.ts[2m > [22mSecurityDetector[2m > [22mignore patterns[2m > [22mshould ignore tsconfig.json[32m 61[2mms[22m[39m
 [2m[90mÃ”Ã¥Ã´[39m[22m tests/unit/packages/insight-core/detector/performance-detector.test.ts[2m > [22mPerformanceDetector[2m > [22mformatError[2m > [22mshould format with severity icons
 [32mÃ”Â£Ã´[39m tests/unit/packages/insight-core/detector/performance-detector.test.ts[2m > [22mPerformanceDetector[2m > [22mformatError[2m > [22mshould include fix suggestions[32m 111[2mms[22m[39m
 [32mÃ”Â£Ã´[39m tests/unit/packages/insight-core/detector/security-detector.test.ts[2m > [22mSecurityDetector[2m > [22mgetStatistics[2m > [22mshould correctly calculate statistics[32m 40[2mms[22m[39m
 [32mÃ”Â£Ã´[39m tests/unit/packages/insight-core/detector/runtime-detector-phase3.test.ts[2m > [22mRuntimeDetector - Memory Leaks & Race Conditions (Phase 3)[2m > [22mdetectRaceConditions[2m > [22mshould detect setState after async without mount check[32m 65[2mms[22m[39m
Ã”Â£Ã¶ security: 94/100 - Excellent
- Running seo tests...
 [32mÃ”Â£Ã´[39m tests/unit/packages/insight-core/detector/runtime-detector-phase3.test.ts[2m > [22mRuntimeDetector - Memory Leaks & Race Conditions (Phase 3)[2m > [22mdetectRaceConditions[2m > [22mshould NOT flag setState with AbortController[32m 91[2mms[22m[39m
 [2m[90mÃ”Ã¥Ã´[39m[22m tests/unit/packages/insight-core/detector/runtime-detector-phase3.test.ts[2m > [22mRuntimeDetector - Memory Leaks & Race Conditions (Phase 3)[2m > [22mdetectRaceConditions[2m > [22mshould NOT flag setState with isMounted flag
 [2m[90mÃ”Ã¥Ã´[39m[22m tests/unit/packages/insight-core/detector/runtime-detector-phase3.test.ts[2m > [22mRuntimeDetector - Memory Leaks & Race Conditions (Phase 3)[2m > [22mdetectRaceConditions[2m > [22mshould detect multiple setState after async
 [32mÃ”Â£Ã´[39m tests/unit/packages/insight-core/detector/runtime-detector-phase3.test.ts[2m > [22mRuntimeDetector - Memory Leaks & Race Conditions (Phase 3)[2m > [22mdetectRaceConditions[2m > [22mshould detect shared variable modification in concurrent async[32m 64[2mms[22m[39m
 [32mÃ”Â£Ã´[39m tests/unit/packages/insight-core/detector/performance-detector.test.ts[2m > [22mPerformanceDetector[2m > [22mEdge Cases[2m > [22mshould handle empty directory[32m 18[2mms[22m[39m
 [32mÃ”Â£Ã´[39m tests/unit/packages/insight-core/detector/performance-detector.test.ts[2m > [22mPerformanceDetector[2m > [22mEdge Cases[2m > [22mshould handle files with no issues[32m 156[2mms[22m[39m
 [32mÃ”Â£Ã´[39m tests/unit/packages/insight-core/detector/runtime-detector-phase3.test.ts[2m > [22mRuntimeDetector - Memory Leaks & Race Conditions (Phase 3)[2m > [22mdetectRaceConditions[2m > [22mshould NOT flag const (immutable) in async operations[32m 99[2mms[22m[39m
 [32mÃ”Â£Ã´[39m tests/unit/packages/insight-core/detector/performance-detector.test.ts[2m > [22mPerformanceDetector[2m > [22mEdge Cases[2m > [22mshould handle very large files gracefully[32m 193[2mms[22m[39m
 [32mÃ”Â£Ã´[39m tests/unit/packages/insight-core/detector/runtime-detector-phase3.test.ts[2m > [22mRuntimeDetector - Memory Leaks & Race Conditions (Phase 3)[2m > [22mdetectRaceConditions[2m > [22mshould detect setIsLoading after async[32m 60[2mms[22m[39m
 [32mÃ”Â£Ã´[39m odavl-studio/insight/core/tests/detector/python/python-complexity-detector.test.ts[2m > [22mPythonComplexityDetector[2m > [22mBasic Functionality[2m > [22mshould detect complexity issues[33m 6210[2mms[22m[39m
 [32mÃ”Â£Ã´[39m tests/unit/packages/insight-core/detector/runtime-detector-phase3.test.ts[2m > [22mRuntimeDetector - Memory Leaks & Race Conditions (Phase 3)[2m > [22mdetectRaceConditions[2m > [22mshould detect setError after async[32m 123[2mms[22m[39m
 [32mÃ”Â£Ã´[39m tests/unit/packages/insight-core/detector/runtime-detector-phase3.test.ts[2m > [22mRuntimeDetector - Memory Leaks & Race Conditions (Phase 3)[2m > [22mdetectResourceCleanupIssues[2m > [22mshould detect WebSocket without close[32m 109[2mms[22m[39m
 [32mÃ”Â£Ã´[39m tests/unit/packages/insight-core/detector/runtime-detector-phase3.test.ts[2m > [22mRuntimeDetector - Memory Leaks & Race Conditions (Phase 3)[2m > [22mdetectResourceCleanupIssues[2m > [22mshould NOT flag WebSocket with close in cleanup[32m 104[2mms[22m[39m
 [32mÃ”Â£Ã´[39m tests/unit/packages/insight-core/detector/circular-detector.test.ts[2m > [22mCircularDependencyDetector[2m > [22mImport Pattern Detection[2m > [22mshould detect ES6 named imports[32m 133[2mms[22m[39m
 [32mÃ”Â£Ã´[39m tests/unit/packages/insight-core/detector/circular-detector.test.ts[2m > [22mCircularDependencyDetector[2m > [22mImport Pattern Detection[2m > [22mshould detect ES6 default imports[32m 50[2mms[22m[39m
 [32mÃ”Â£Ã´[39m tests/unit/packages/insight-core/detector/circular-detector.test.ts[2m > [22mCircularDependencyDetector[2m > [22mImport Pattern Detection[2m > [22mshould detect ES6 namespace imports[32m 34[2mms[22m[39m
 [32mÃ”Â£Ã´[39m tests/e2e/cli-workflow.test.ts[2m > [22mE2E: ODAVL CLI Commands[2m > [22mAutopilot Commands[2m > [22mshould display autopilot help[33m 749[2mms[22m[39m
 [2m[90mÃ”Ã¥Ã´[39m[22m tests/unit/packages/insight-core/detector/runtime-detector-phase3.test.ts[2m > [22mRuntimeDetector - Memory Leaks & Race Conditions (Phase 3)[2m > [22mdetectResourceCleanupIssues[2m > [22mshould detect database connection without cleanup
 [32mÃ”Â£Ã´[39m tests/unit/packages/insight-core/detector/runtime-detector-phase3.test.ts[2m > [22mRuntimeDetector - Memory Leaks & Race Conditions (Phase 3)[2m > [22mdetectResourceCleanupIssues[2m > [22mshould NOT flag database connection with finally block[32m 118[2mms[22m[39m
 [32mÃ”Â£Ã´[39m odavl-studio/insight/core/tests/detector/python/python-imports-detector.test.ts[2m > [22mPythonImportsDetector[2m > [22mBasic Functionality[2m > [22mshould detect import issues[33m 4258[2mms[22m[39m
 [32mÃ”Â£Ã´[39m tests/unit/packages/insight-core/detector/circular-detector.test.ts[2m > [22mCircularDependencyDetector[2m > [22mImport Pattern Detection[2m > [22mshould detect dynamic imports[32m 14[2mms[22m[39m
 [32mÃ”Â£Ã´[39m tests/unit/packages/insight-core/detector/circular-detector.test.ts[2m > [22mCircularDependencyDetector[2m > [22mImport Pattern Detection[2m > [22mshould detect CommonJS require[32m 30[2mms[22m[39m
 [32mÃ”Â£Ã´[39m tests/unit/packages/insight-core/detector/circular-detector.test.ts[2m > [22mCircularDependencyDetector[2m > [22mImport Pattern Detection[2m > [22mshould detect export-from statements[32m 65[2mms[22m[39m
 [32mÃ”Â£Ã´[39m tests/unit/packages/insight-core/detector/complexity-detector.test.ts[2m > [22mComplexityDetector[2m > [22mCognitive Complexity Detection[2m > [22mshould detect high cognitive complexity (nested if statements)[32m 20[2mms[22m[39m
 [32mÃ”Â£Ã´[39m tests/unit/packages/insight-core/detector/complexity-detector.test.ts[2m > [22mComplexityDetector[2m > [22mCognitive Complexity Detection[2m > [22mshould detect cognitive complexity from logical operators[32m 13[2mms[22m[39m
 [32mÃ”Â£Ã´[39m tests/unit/packages/insight-core/detector/complexity-detector.test.ts[2m > [22mComplexityDetector[2m > [22mCognitive Complexity Detection[2m > [22mshould detect cognitive complexity from nested loops[32m 7[2mms[22m[39m
 [32mÃ”Â£Ã´[39m tests/unit/packages/insight-core/detector/complexity-detector.test.ts[2m > [22mComplexityDetector[2m > [22mCognitive Complexity Detection[2m > [22mshould NOT flag low cognitive complexity functions[32m 5[2mms[22m[39m
 [32mÃ”Â£Ã´[39m tests/unit/packages/insight-core/detector/complexity-detector.test.ts[2m > [22mComplexityDetector[2m > [22mCyclomatic Complexity Detection[2m > [22mshould detect high cyclomatic complexity (many decision points)[32m 6[2mms[22m[39m
 [32mÃ”Â£Ã´[39m tests/unit/packages/insight-core/detector/complexity-detector.test.ts[2m > [22mComplexityDetector[2m > [22mCyclomatic Complexity Detection[2m > [22mshould detect cyclomatic complexity from switch statements[32m 5[2mms[22m[39m
 [32mÃ”Â£Ã´[39m tests/unit/packages/insight-core/detector/complexity-detector.test.ts[2m > [22mComplexityDetector[2m > [22mCyclomatic Complexity Detection[2m > [22mshould detect cyclomatic complexity from ternary operators[32m 6[2mms[22m[39m
 [32mÃ”Â£Ã´[39m tests/unit/packages/insight-core/detector/complexity-detector.test.ts[2m > [22mComplexityDetector[2m > [22mCyclomatic Complexity Detection[2m > [22mshould NOT flag low cyclomatic complexity functions[32m 6[2mms[22m[39m
 [32mÃ”Â£Ã´[39m tests/unit/packages/insight-core/detector/complexity-detector.test.ts[2m > [22mComplexityDetector[2m > [22mFunction Length Detection[2m > [22mshould detect excessively long functions (>100 lines)[32m 20[2mms[22m[39m
 [32mÃ”Â£Ã´[39m tests/unit/packages/insight-core/detector/circular-detector.test.ts[2m > [22mCircularDependencyDetector[2m > [22mImport Pattern Detection[2m > [22mshould detect multiple import patterns in one file[32m 48[2mms[22m[39m
 [32mÃ”Â£Ã´[39m tests/unit/packages/insight-core/detector/circular-detector.test.ts[2m > [22mCircularDependencyDetector[2m > [22mCycle Detection[2m > [22mshould detect simple 2-file cycle[32m 14[2mms[22m[39m
 [32mÃ”Â£Ã´[39m tests/unit/packages/insight-core/detector/complexity-detector.test.ts[2m > [22mComplexityDetector[2m > [22mFunction Length Detection[2m > [22mshould detect critically long functions (>200 lines)[32m 13[2mms[22m[39m
 [32mÃ”Â£Ã´[39m tests/unit/packages/insight-core/detector/complexity-detector.test.ts[2m > [22mComplexityDetector[2m > [22mFunction Length Detection[2m > [22mshould detect extremely long functions (>300 lines)[32m 11[2mms[22m[39m
 [32mÃ”Â£Ã´[39m tests/unit/packages/insight-core/detector/complexity-detector.test.ts[2m > [22mComplexityDetector[2m > [22mFunction Length Detection[2m > [22mshould NOT flag short functions[32m 13[2mms[22m[39m
 [32mÃ”Â£Ã´[39m tests/unit/packages/insight-core/detector/complexity-detector.test.ts[2m > [22mComplexityDetector[2m > [22mNesting Depth Detection[2m > [22mshould detect excessive nesting (>4 levels)[32m 6[2mms[22m[39m
 [32mÃ”Â£Ã´[39m tests/unit/packages/insight-core/detector/complexity-detector.test.ts[2m > [22mComplexityDetector[2m > [22mNesting Depth Detection[2m > [22mshould detect critical nesting depth (>6 levels)[32m 12[2mms[22m[39m
 [32mÃ”Â£Ã´[39m tests/unit/packages/insight-core/detector/complexity-detector.test.ts[2m > [22mComplexityDetector[2m > [22mNesting Depth Detection[2m > [22mshould detect extreme nesting (>8 levels)[32m 6[2mms[22m[39m
 [32mÃ”Â£Ã´[39m tests/unit/packages/insight-core/detector/complexity-detector.test.ts[2m > [22mComplexityDetector[2m > [22mNesting Depth Detection[2m > [22mshould NOT flag shallow nesting[32m 6[2mms[22m[39m
 [32mÃ”Â£Ã´[39m tests/unit/packages/insight-core/detector/complexity-detector.test.ts[2m > [22mComplexityDetector[2m > [22mCode Duplication Detection[2m > [22mshould detect exact code duplication (>10 lines)[32m 9[2mms[22m[39m
 [32mÃ”Â£Ã´[39m tests/unit/packages/insight-core/detector/complexity-detector.test.ts[2m > [22mComplexityDetector[2m > [22mCode Duplication Detection[2m > [22mshould detect large duplication (>20 lines)[32m 21[2mms[22m[39m
 [32mÃ”Â£Ã´[39m odavl-studio/insight/core/tests/detector/python/python-security-detector.test.ts[2m > [22mPythonSecurityDetector[2m > [22mSQL Injection Detection[2m > [22mshould detect SQL injection vulnerabilities[33m 2608[2mms[22m[39m
 [32mÃ”Â£Ã´[39m tests/unit/packages/insight-core/detector/circular-detector.test.ts[2m > [22mCircularDependencyDetector[2m > [22mCycle Detection[2m > [22mshould detect 3-file cycle[32m 64[2mms[22m[39m
 [32mÃ”Â£Ã´[39m tests/unit/packages/insight-core/detector/circular-detector.test.ts[2m > [22mCircularDependencyDetector[2m > [22mCycle Detection[2m > [22mshould detect 4-file cycle[32m 19[2mms[22m[39m
 [32mÃ”Â£Ã´[39m tests/unit/packages/insight-core/detector/circular-detector.test.ts[2m > [22mCircularDependencyDetector[2m > [22mCycle Detection[2m > [22mshould detect multiple independent cycles[32m 65[2mms[22m[39m
 [32mÃ”Â£Ã´[39m tests/integration/week3-completion.test.ts[2m > [22mODAVL Recipe System Integration[2m > [22mshould have recipes directory[32m 3[2mms[22m[39m
 [32mÃ”Â£Ã´[39m tests/integration/week3-completion.test.ts[2m > [22mODAVL Recipe System Integration[2m > [22mshould have 5 core recipes[32m 1[2mms[22m[39m
 [32mÃ”Â£Ã´[39m tests/integration/week3-completion.test.ts[2m > [22mODAVL Recipe System Integration[2m > [22mshould have valid recipe structure[32m 7[2mms[22m[39m
 [32mÃ”Â£Ã´[39m tests/integration/week3-completion.test.ts[2m > [22mODAVL Recipe System Integration[2m > [22mshould have trust scores initialized[32m 14[2mms[22m[39m
 [32mÃ”Â£Ã´[39m tests/integration/week3-completion.test.ts[2m > [22mODAVL Recipe System Integration[2m > [22mshould prioritize high-priority recipes[32m 1[2mms[22m[39m
 [32mÃ”Â£Ã´[39m tests/integration/week3-completion.test.ts[2m > [22mODAVL Recipe System Integration[2m > [22mshould have proper safety constraints[32m 2[2mms[22m[39m
 [32mÃ”Â£Ã´[39m tests/integration/week3-completion.test.ts[2m > [22mODAVL Guardian Integration[2m > [22mshould have auth service[32m 1[2mms[22m[39m
 [32mÃ”Â£Ã´[39m tests/integration/week3-completion.test.ts[2m > [22mODAVL Guardian Integration[2m > [22mshould have notification service[32m 1[2mms[22m[39m
 [32mÃ”Â£Ã´[39m tests/integration/week3-completion.test.ts[2m > [22mODAVL Guardian Integration[2m > [22mshould have monitoring endpoints[32m 1[2mms[22m[39m
 [32mÃ”Â£Ã´[39m tests/integration/week3-completion.test.ts[2m > [22mWeek 1-2 Completion Verification[2m > [22mshould have Logger utility[32m 1[2mms[22m[39m
 [32mÃ”Â£Ã´[39m tests/integration/week3-completion.test.ts[2m > [22mWeek 1-2 Completion Verification[2m > [22mshould not have duplicate files[32m 1[2mms[22m[39m
 [32mÃ”Â£Ã´[39m tests/integration/week3-completion.test.ts[2m > [22mWeek 1-2 Completion Verification[2m > [22mshould have no `any` types in insight-core (spot check)[32m 2[2mms[22m[39m
 [32mÃ”Â£Ã´[39m tests/unit/packages/insight-core/detector/runtime-detector-phase3.test.ts[2m > [22mRuntimeDetector - Memory Leaks & Race Conditions (Phase 3)[2m > [22mdetectResourceCleanupIssues[2m > [22mshould detect file stream without close[32m 181[2mms[22m[39m
 [32mÃ”Â£Ã´[39m tests/unit/packages/insight-core/detector/complexity-detector.test.ts[2m > [22mComplexityDetector[2m > [22mCode Duplication Detection[2m > [22mshould detect critical duplication (>50 lines)[32m 20[2mms[22m[39m
 [32mÃ”Â£Ã´[39m tests/unit/packages/insight-core/detector/complexity-detector.test.ts[2m > [22mComplexityDetector[2m > [22mCode Duplication Detection[2m > [22mshould NOT flag small duplications (<10 lines)[32m 6[2mms[22m[39m
 [32mÃ”Â£Ã´[39m tests/unit/packages/insight-core/detector/complexity-detector.test.ts[2m > [22mComplexityDetector[2m > [22mStatistics Calculation[2m > [22mshould calculate aggregate statistics correctly[32m 20[2mms[22m[39m
 [32mÃ”Â£Ã´[39m tests/unit/packages/insight-core/detector/complexity-detector.test.ts[2m > [22mComplexityDetector[2m > [22mStatistics Calculation[2m > [22mshould track severity distribution[32m 5[2mms[22m[39m
 [32mÃ”Â£Ã´[39m tests/unit/packages/insight-core/detector/complexity-detector.test.ts[2m > [22mComplexityDetector[2m > [22mError Formatting[2m > [22mshould format errors with all required fields[32m 13[2mms[22m[39m
 [32mÃ”Â£Ã´[39m tests/unit/packages/insight-core/detector/complexity-detector.test.ts[2m > [22mComplexityDetector[2m > [22mError Formatting[2m > [22mshould include severity icon in formatted output[32m 8[2mms[22m[39m
 [32mÃ”Â£Ã´[39m tests/unit/packages/insight-core/detector/complexity-detector.test.ts[2m > [22mComplexityDetector[2m > [22mEdge Cases[2m > [22mshould handle empty files[32m 4[2mms[22m[39m
 [32mÃ”Â£Ã´[39m tests/unit/packages/insight-core/detector/complexity-detector.test.ts[2m > [22mComplexityDetector[2m > [22mEdge Cases[2m > [22mshould handle files with only comments[32m 4[2mms[22m[39m
 [32mÃ”Â£Ã´[39m tests/unit/packages/insight-core/detector/complexity-detector.test.ts[2m > [22mComplexityDetector[2m > [22mEdge Cases[2m > [22mshould skip node_modules directory[32m 19[2mms[22m[39m
 [32mÃ”Â£Ã´[39m tests/unit/packages/insight-core/detector/complexity-detector.test.ts[2m > [22mComplexityDetector[2m > [22mEdge Cases[2m > [22mshould skip test files[32m 8[2mms[22m[39m
 [32mÃ”Â£Ã´[39m tests/unit/packages/insight-core/detector/complexity-detector.test.ts[2m > [22mComplexityDetector[2m > [22mEdge Cases[2m > [22mshould handle arrow functions[32m 5[2mms[22m[39m
 [32mÃ”Â£Ã´[39m tests/unit/packages/insight-core/detector/complexity-detector.test.ts[2m > [22mComplexityDetector[2m > [22mEdge Cases[2m > [22mshould handle async functions[32m 7[2mms[22m[39m
 [32mÃ”Â£Ã´[39m tests/unit/packages/insight-core/detector/circular-detector.test.ts[2m > [22mCircularDependencyDetector[2m > [22mCycle Detection[2m > [22mshould detect nested cycles[32m 22[2mms[22m[39m
 [32mÃ”Â£Ã´[39m tests/unit/packages/insight-core/detector/circular-detector.test.ts[2m > [22mCircularDependencyDetector[2m > [22mCycle Detection[2m > [22mshould not report false positives for non-circular imports[32m 36[2mms[22m[39m
 [32mÃ”Â£Ã´[39m tests/unit/packages/insight-core/detector/circular-detector.test.ts[2m > [22mCircularDependencyDetector[2m > [22mPath Resolution[2m > [22mshould resolve relative imports with .ts extension[32m 16[2mms[22m[39m
 [32mÃ”Â£Ã´[39m tests/unit/packages/insight-core/detector/circular-detector.test.ts[2m > [22mCircularDependencyDetector[2m > [22mPath Resolution[2m > [22mshould resolve relative imports without extension[32m 38[2mms[22m[39m
Ã”Â£Ã¶ seo: 95/100 - Excellent
[90mstdout[2m | apps/studio-cli/src/commands/__tests__/guardian.test.ts[2m > [22m[2mGuardian Commands[2m > [22m[2mrunPreDeployTests[2m > [22m[2mshould run all quality checks
[22m[39m
Test Summary:
  Passed: 3
  Failed: 0
  Warnings: 1

Ã”Â£Ã  Deployment approved

 [32mÃ”Â£Ã´[39m apps/studio-cli/src/commands/__tests__/guardian.test.ts[2m > [22mGuardian Commands[2m > [22mrunPreDeployTests[2m > [22mshould run all quality checks[33m 4075[2mms[22m[39m
- Running accessibility tests...
[90mstdout[2m | apps/studio-cli/src/commands/__tests__/guardian.test.ts[2m > [22m[2mGuardian Commands[2m > [22m[2mrunPreDeployTests[2m > [22m[2mshould run specific tests when provided
[22m[39m
Â­Æ’Ã¸Ã­Â´Â©Ã…  ODAVL Guardian: Pre-Deploy Tests

Target: https://example.com
Tests: accessibility,performance


 [32mÃ”Â£Ã´[39m tests/unit/packages/insight-core/detector/runtime-detector-phase3.test.ts[2m > [22mRuntimeDetector - Memory Leaks & Race Conditions (Phase 3)[2m > [22mdetectResourceCleanupIssues[2m > [22mshould NOT flag file stream with close handlers[32m 189[2mms[22m[39m
 [2m[90mÃ”Ã¥Ã´[39m[22m tests/unit/packages/insight-core/detector/runtime-detector-phase3.test.ts[2m > [22mRuntimeDetector - Memory Leaks & Race Conditions (Phase 3)[2m > [22mdetectResourceCleanupIssues[2m > [22mshould NOT flag pipeline (recommended pattern)
 [32mÃ”Â£Ã´[39m tests/unit/packages/insight-core/detector/circular-detector.test.ts[2m > [22mCircularDependencyDetector[2m > [22mPath Resolution[2m > [22mshould resolve parent directory imports[32m 18[2mms[22m[39m
 [32mÃ”Â£Ã´[39m tests/unit/packages/insight-core/detector/circular-detector.test.ts[2m > [22mCircularDependencyDetector[2m > [22mPath Resolution[2m > [22mshould resolve index.ts imports[32m 18[2mms[22m[39m
 [32mÃ”Â£Ã´[39m tests/unit/packages/insight-core/detector/circular-detector.test.ts[2m > [22mCircularDependencyDetector[2m > [22mPath Resolution[2m > [22mshould try multiple extensions (.ts, .tsx, .js, .jsx)[32m 10[2mms[22m[39m
 [32mÃ”Â£Ã´[39m tests/unit/packages/insight-core/detector/circular-detector.test.ts[2m > [22mCircularDependencyDetector[2m > [22mSeverity Assessment[2m > [22mshould mark 2-file cycles as HIGH severity[32m 13[2mms[22m[39m
 [32mÃ”Â£Ã´[39m tests/unit/packages/insight-core/detector/circular-detector.test.ts[2m > [22mCircularDependencyDetector[2m > [22mSeverity Assessment[2m > [22mshould mark 3-4 file cycles as MEDIUM severity[32m 19[2mms[22m[39m
 [32mÃ”Â£Ã´[39m tests/unit/packages/insight-core/detector/circular-detector.test.ts[2m > [22mCircularDependencyDetector[2m > [22mSeverity Assessment[2m > [22mshould mark 5+ file cycles as LOW severity[32m 28[2mms[22m[39m
 [32mÃ”Â£Ã´[39m tests/unit/packages/insight-core/detector/circular-detector.test.ts[2m > [22mCircularDependencyDetector[2m > [22mRefactoring Suggestions[2m > [22mshould provide suggestions for 2-file cycles[32m 39[2mms[22m[39m
 [32mÃ”Â£Ã´[39m tests/unit/packages/insight-core/detector/circular-detector.test.ts[2m > [22mCircularDependencyDetector[2m > [22mRefactoring Suggestions[2m > [22mshould provide suggestions for medium cycles[32m 13[2mms[22m[39m
 [32mÃ”Â£Ã´[39m tests/unit/packages/insight-core/detector/circular-detector.test.ts[2m > [22mCircularDependencyDetector[2m > [22mRefactoring Suggestions[2m > [22mshould provide suggestions for complex cycles[32m 77[2mms[22m[39m
 [32mÃ”Â£Ã´[39m tests/unit/packages/insight-core/detector/runtime-detector-phase3.test.ts[2m > [22mRuntimeDetector - Memory Leaks & Race Conditions (Phase 3)[2m > [22mdetectResourceCleanupIssues[2m > [22mshould detect multiple resource leaks in same file[32m 123[2mms[22m[39m
 [32mÃ”Â£Ã´[39m tests/unit/packages/insight-core/detector/circular-detector.test.ts[2m > [22mCircularDependencyDetector[2m > [22mExclusion Patterns[2m > [22mshould exclude node_modules[32m 12[2mms[22m[39m
 [32mÃ”Â£Ã´[39m tests/unit/packages/insight-core/detector/circular-detector.test.ts[2m > [22mCircularDependencyDetector[2m > [22mExclusion Patterns[2m > [22mshould exclude dist directory[32m 12[2mms[22m[39m
 [32mÃ”Â£Ã´[39m tests/unit/packages/insight-core/detector/circular-detector.test.ts[2m > [22mCircularDependencyDetector[2m > [22mExclusion Patterns[2m > [22mshould exclude .next directory[32m 33[2mms[22m[39m
 [32mÃ”Â£Ã´[39m tests/unit/packages/insight-core/detector/circular-detector.test.ts[2m > [22mCircularDependencyDetector[2m > [22mExclusion Patterns[2m > [22mshould exclude test files[32m 8[2mms[22m[39m
 [32mÃ”Â£Ã´[39m tests/unit/packages/insight-core/detector/circular-detector.test.ts[2m > [22mCircularDependencyDetector[2m > [22mExclusion Patterns[2m > [22mshould exclude spec files[32m 10[2mms[22m[39m
 [32mÃ”Â£Ã´[39m tests/unit/packages/insight-core/detector/circular-detector.test.ts[2m > [22mCircularDependencyDetector[2m > [22mExclusion Patterns[2m > [22mshould exclude mock files[32m 27[2mms[22m[39m
 [32mÃ”Â£Ã´[39m tests/unit/packages/insight-core/detector/runtime-detector-phase3.test.ts[2m > [22mRuntimeDetector - Memory Leaks & Race Conditions (Phase 3)[2m > [22mEdge cases and exclusions[2m > [22mshould exclude test files[32m 155[2mms[22m[39m
 [32mÃ”Â£Ã´[39m tests/unit/packages/insight-core/detector/runtime-detector-phase3.test.ts[2m > [22mRuntimeDetector - Memory Leaks & Race Conditions (Phase 3)[2m > [22mEdge cases and exclusions[2m > [22mshould exclude spec files[32m 89[2mms[22m[39m
 [32mÃ”Â£Ã´[39m tests/e2e/cli-workflow.test.ts[2m > [22mE2E: ODAVL CLI Commands[2m > [22mAutopilot Commands[2m > [22mshould display run help with options[33m 818[2mms[22m[39m
 [32mÃ”Â£Ã´[39m tests/unit/packages/insight-core/detector/circular-detector.test.ts[2m > [22mCircularDependencyDetector[2m > [22mExclusion Patterns[2m > [22mshould exclude fixture files[32m 37[2mms[22m[39m
 [32mÃ”Â£Ã´[39m tests/unit/packages/insight-core/detector/circular-detector.test.ts[2m > [22mCircularDependencyDetector[2m > [22mExclusion Patterns[2m > [22mshould exclude data files[32m 8[2mms[22m[39m
 [32mÃ”Â£Ã´[39m tests/unit/packages/insight-core/detector/circular-detector.test.ts[2m > [22mCircularDependencyDetector[2m > [22mExclusion Patterns[2m > [22mshould exclude examples directory[32m 11[2mms[22m[39m
 [32mÃ”Â£Ã´[39m tests/unit/packages/insight-core/detector/circular-detector.test.ts[2m > [22mCircularDependencyDetector[2m > [22mExclusion Patterns[2m > [22mshould exclude demo directory[32m 21[2mms[22m[39m
 [32mÃ”Â£Ã´[39m tests/unit/packages/insight-core/detector/circular-detector.test.ts[2m > [22mCircularDependencyDetector[2m > [22mStatistics[2m > [22mshould calculate total cycles[32m 30[2mms[22m[39m
 [32mÃ”Â£Ã´[39m odavl-studio/insight/core/tests/detector/python/python-best-practices-detector.test.ts[2m > [22mPythonBestPracticesDetector[2m > [22mBasic Functionality[2m > [22mshould detect best practice violations[33m 5717[2mms[22m[39m
 [32mÃ”Â£Ã´[39m tests/unit/packages/insight-core/detector/circular-detector.test.ts[2m > [22mCircularDependencyDetector[2m > [22mStatistics[2m > [22mshould count cycles by severity[32m 26[2mms[22m[39m
 [32mÃ”Â£Ã´[39m tests/unit/packages/insight-core/detector/circular-detector.test.ts[2m > [22mCircularDependencyDetector[2m > [22mStatistics[2m > [22mshould count cycles by depth[32m 28[2mms[22m[39m
 [32mÃ”Â£Ã´[39m tests/unit/packages/insight-core/detector/circular-detector.test.ts[2m > [22mCircularDependencyDetector[2m > [22mStatistics[2m > [22mshould count affected files[32m 24[2mms[22m[39m
 [32mÃ”Â£Ã´[39m tests/unit/packages/insight-core/detector/circular-detector.test.ts[2m > [22mCircularDependencyDetector[2m > [22mStatistics[2m > [22mshould handle empty results[32m 6[2mms[22m[39m
 [32mÃ”Â£Ã´[39m tests/unit/packages/insight-core/detector/circular-detector.test.ts[2m > [22mCircularDependencyDetector[2m > [22mOutput Formatting[2m > [22mshould format error with cycle visualization[32m 22[2mms[22m[39m
 [32mÃ”Â£Ã´[39m tests/unit/packages/insight-core/detector/runtime-detector-phase3.test.ts[2m > [22mRuntimeDetector - Memory Leaks & Race Conditions (Phase 3)[2m > [22mEdge cases and exclusions[2m > [22mshould exclude __tests__ directory[32m 131[2mms[22m[39m
 [32mÃ”Â£Ã´[39m tests/unit/packages/insight-core/detector/circular-detector.test.ts[2m > [22mCircularDependencyDetector[2m > [22mOutput Formatting[2m > [22mshould include severity emoji[32m 33[2mms[22m[39m
 [32mÃ”Â£Ã´[39m tests/unit/packages/insight-core/detector/circular-detector.test.ts[2m > [22mCircularDependencyDetector[2m > [22mOutput Formatting[2m > [22mshould include suggested fix[32m 28[2mms[22m[39m
 [32mÃ”Â£Ã´[39m tests/unit/packages/insight-core/detector/circular-detector.test.ts[2m > [22mCircularDependencyDetector[2m > [22mEdge Cases[2m > [22mshould handle empty directory[32m 8[2mms[22m[39m
 [32mÃ”Â£Ã´[39m tests/unit/packages/insight-core/detector/circular-detector.test.ts[2m > [22mCircularDependencyDetector[2m > [22mEdge Cases[2m > [22mshould handle single file with no imports[32m 8[2mms[22m[39m
 [32mÃ”Â£Ã´[39m tests/unit/packages/insight-core/detector/circular-detector.test.ts[2m > [22mCircularDependencyDetector[2m > [22mEdge Cases[2m > [22mshould handle self-import (edge case)[32m 8[2mms[22m[39m
 [32mÃ”Â£Ã´[39m tests/unit/packages/insight-core/detector/circular-detector.test.ts[2m > [22mCircularDependencyDetector[2m > [22mEdge Cases[2m > [22mshould handle malformed imports gracefully[32m 9[2mms[22m[39m
 [32mÃ”Â£Ã´[39m tests/unit/packages/insight-core/detector/circular-detector.test.ts[2m > [22mCircularDependencyDetector[2m > [22mEdge Cases[2m > [22mshould handle non-existent import paths[32m 7[2mms[22m[39m
 [32mÃ”Â£Ã´[39m tests/unit/packages/insight-core/detector/circular-detector.test.ts[2m > [22mCircularDependencyDetector[2m > [22mEdge Cases[2m > [22mshould handle absolute imports (no cycles expected)[32m 17[2mms[22m[39m
- Analyzing workspace...
Ã”Â£Ã¶ Â­Æ’Ã´Ã¿ TypeScript: No errors
Ã”Â£Ã¶ Â­Æ’Ã¶Ã¬ ESLint: No errors
[90mstdout[2m | apps/studio-cli/src/commands/__tests__/insight.test.ts[2m > [22m[2mInsight Commands[2m > [22m[2manalyzeWorkspace[2m > [22m[2mshould run TypeScript and ESLint checks and handle results
[22m[39m
Analysis Summary:
  Critical: 0
  High: 0
  Medium: 0
  Low: 0
  Total: 0

- Analyzing workspace...
Ã”ÃœÃ¡ Â­Æ’Ã´Ã¿ TypeScript: 0 errors found
Ã”ÃœÃ¡ Â­Æ’Ã¶Ã¬ ESLint: 0 issues found
 [32mÃ”Â£Ã´[39m tests/unit/governance/metrics-system.test.ts[2m > [22mMetrics System[2m > [22mMetrics File Validation[2m > [22mshould validate metrics file structure[32m 3[2mms[22m[39m
 [32mÃ”Â£Ã´[39m tests/unit/governance/metrics-system.test.ts[2m > [22mMetrics System[2m > [22mMetrics File Validation[2m > [22mshould generate timestamped filenames[32m 1[2mms[22m[39m
 [32mÃ”Â£Ã´[39m tests/unit/governance/metrics-system.test.ts[2m > [22mMetrics System[2m > [22mMetrics File Validation[2m > [22mshould support improved filename format[32m 3[2mms[22m[39m
 [32mÃ”Â£Ã´[39m tests/unit/governance/metrics-system.test.ts[2m > [22mMetrics System[2m > [22mMetrics Aggregation[2m > [22mshould calculate success rate[32m 0[2mms[22m[39m
 [32mÃ”Â£Ã´[39m tests/unit/governance/metrics-system.test.ts[2m > [22mMetrics System[2m > [22mMetrics Aggregation[2m > [22mshould calculate average duration[32m 0[2mms[22m[39m
 [32mÃ”Â£Ã´[39m tests/unit/governance/metrics-system.test.ts[2m > [22mMetrics System[2m > [22mMetrics Aggregation[2m > [22mshould identify oldest and newest runs[32m 1[2mms[22m[39m
 [32mÃ”Â£Ã´[39m tests/unit/governance/metrics-system.test.ts[2m > [22mMetrics System[2m > [22mArchiving Logic[2m > [22mshould identify files older than retention period[32m 1[2mms[22m[39m
 [32mÃ”Â£Ã´[39m tests/unit/governance/metrics-system.test.ts[2m > [22mMetrics System[2m > [22mArchiving Logic[2m > [22mshould group files by month[32m 1[2mms[22m[39m
 [32mÃ”Â£Ã´[39m tests/unit/governance/metrics-system.test.ts[2m > [22mMetrics System[2m > [22mHealth Checks[2m > [22mshould warn when metrics exceed threshold[32m 1[2mms[22m[39m
 [32mÃ”Â£Ã´[39m tests/unit/governance/metrics-system.test.ts[2m > [22mMetrics System[2m > [22mHealth Checks[2m > [22mshould not warn when within threshold[32m 1[2mms[22m[39m
 [32mÃ”Â£Ã´[39m tests/unit/governance/metrics-system.test.ts[2m > [22mMetrics Summary Generation[2m > [22mshould generate summary structure[32m 1[2mms[22m[39m
[90mstdout[2m | apps/studio-cli/src/commands/__tests__/insight.test.ts[2m > [22m[2mInsight Commands[2m > [22m[2manalyzeWorkspace[2m > [22m[2mshould handle errors gracefully
[22m[39m
Analysis Summary:
  Critical: 0
  High: 0
  Medium: 0
  Low: 0
  Total: 0

- Analyzing workspace...
Ã”Â£Ã¶ Â­Æ’Ã´Ã¿ TypeScript: No errors
Ã”Â£Ã¶ Â­Æ’Ã¶Ã¬ ESLint: No errors
[90mstdout[2m | apps/studio-cli/src/commands/__tests__/insight.test.ts[2m > [22m[2mInsight Commands[2m > [22m[2manalyzeWorkspace[2m > [22m[2mshould run specific detectors when provided
[22m[39m
Analysis Summary:
  Critical: 0
  High: 0
  Medium: 0
  Low: 0
  Total: 0

- Generating AI-powered fix suggestions...
Ã”Ã¤â•£ Fix suggestions feature coming soon
Ã”Â£Ã¶ Run analysis first with: odavl insight analyze
- Generating AI-powered fix suggestions...
Ã”Ã¤â•£ Fix suggestions feature coming soon
Ã”Â£Ã¶ Run analysis first with: odavl insight analyze
 [32mÃ”Â£Ã´[39m apps/studio-cli/src/commands/__tests__/insight.test.ts[2m > [22mInsight Commands[2m > [22manalyzeWorkspace[2m > [22mshould run TypeScript and ESLint checks and handle results[32m 22[2mms[22m[39m
 [32mÃ”Â£Ã´[39m apps/studio-cli/src/commands/__tests__/insight.test.ts[2m > [22mInsight Commands[2m > [22manalyzeWorkspace[2m > [22mshould handle errors gracefully[32m 7[2mms[22m[39m
 [32mÃ”Â£Ã´[39m apps/studio-cli/src/commands/__tests__/insight.test.ts[2m > [22mInsight Commands[2m > [22manalyzeWorkspace[2m > [22mshould run specific detectors when provided[32m 4[2mms[22m[39m
 [32mÃ”Â£Ã´[39m apps/studio-cli/src/commands/__tests__/insight.test.ts[2m > [22mInsight Commands[2m > [22mgetFixSuggestions[2m > [22mshould complete without returning data (feature in progress)[32m 3[2mms[22m[39m
 [32mÃ”Â£Ã´[39m apps/studio-cli/src/commands/__tests__/insight.test.ts[2m > [22mInsight Commands[2m > [22mgetFixSuggestions[2m > [22mshould run without errors when called[32m 2[2mms[22m[39m
 [32mÃ”Â£Ã´[39m tests/unit/packages/insight-core/detector/runtime-detector-phase3.test.ts[2m > [22mRuntimeDetector - Memory Leaks & Race Conditions (Phase 3)[2m > [22mEdge cases and exclusions[2m > [22mshould handle empty files[32m 166[2mms[22m[39m
 [32mÃ”Â£Ã´[39m tests/unit/packages/insight-core/detector/runtime-detector-phase3.test.ts[2m > [22mRuntimeDetector - Memory Leaks & Race Conditions (Phase 3)[2m > [22mEdge cases and exclusions[2m > [22mshould handle files with only comments[32m 130[2mms[22m[39m
 [32mÃ”Â£Ã´[39m tests/unit/packages/insight-core/detector/runtime-detector-phase3.test.ts[2m > [22mRuntimeDetector - Memory Leaks & Race Conditions (Phase 3)[2m > [22mEdge cases and exclusions[2m > [22mshould NOT flag setInterval in node.js main process (acceptable pattern)[32m 84[2mms[22m[39m
 [32mÃ”Â£Ã´[39m tests/unit/packages/insight-core/detector/runtime-detector-phase3.test.ts[2m > [22mRuntimeDetector - Memory Leaks & Race Conditions (Phase 3)[2m > [22mformatError[2m > [22mshould format memory leak error[32m 1[2mms[22m[39m
 [32mÃ”Â£Ã´[39m tests/unit/packages/insight-core/detector/runtime-detector-phase3.test.ts[2m > [22mRuntimeDetector - Memory Leaks & Race Conditions (Phase 3)[2m > [22mformatError[2m > [22mshould format race condition error[32m 1[2mms[22m[39m
 [32mÃ”Â£Ã´[39m tests/unit/packages/insight-core/detector/runtime-detector-phase3.test.ts[2m > [22mRuntimeDetector - Memory Leaks & Race Conditions (Phase 3)[2m > [22mformatError[2m > [22mshould format resource cleanup error[32m 0[2mms[22m[39m
 [32mÃ”Â£Ã´[39m tests/e2e/cli-workflow.test.ts[2m > [22mE2E: ODAVL CLI Commands[2m > [22mGuardian Commands[2m > [22mshould display guardian help[33m 581[2mms[22m[39m
Ã”Â£Ã¶ accessibility: 96/100 - Excellent
- Running performance tests...
 [32mÃ”Â£Ã´[39m odavl-studio/insight/core/tests/detector/python/python-type-detector.test.ts[2m > [22mPythonTypeDetector[2m > [22mBasic Functionality[2m > [22mshould return array of issues with required properties[33m 2663[2mms[22m[39m
 [32mÃ”Â£Ã´[39m tests/e2e/cli-workflow.test.ts[2m > [22mE2E: ODAVL CLI Commands[2m > [22mGuardian Commands[2m > [22mshould display test help[33m 429[2mms[22m[39m
 [32mÃ”Â£Ã´[39m odavl-studio/insight/core/tests/detector/python/python-security-detector.test.ts[2m > [22mPythonSecurityDetector[2m > [22mSQL Injection Detection[2m > [22mshould flag hardcoded SQL expressions[33m 1801[2mms[22m[39m
 [32mÃ”Â£Ã´[39m tests/e2e/cli-workflow.test.ts[2m > [22mE2E: ODAVL CLI Commands[2m > [22mError Handling[2m > [22mshould handle invalid commands gracefully[33m 435[2mms[22m[39m
Ã”Â£Ã¶ performance: 93/100 - Excellent
[90mstdout[2m | apps/studio-cli/src/commands/__tests__/guardian.test.ts[2m > [22m[2mGuardian Commands[2m > [22m[2mrunPreDeployTests[2m > [22m[2mshould run specific tests when provided
[22m[39m
Test Summary:
  Passed: 2
  Failed: 0
  Warnings: 0

Ã”Â£Ã  Deployment approved

 [32mÃ”Â£Ã´[39m apps/studio-cli/src/commands/__tests__/guardian.test.ts[2m > [22mGuardian Commands[2m > [22mrunPreDeployTests[2m > [22mshould run specific tests when provided[33m 2021[2mms[22m[39m
- Running accessibility tests...
[90mstdout[2m | apps/studio-cli/src/commands/__tests__/guardian.test.ts[2m > [22m[2mGuardian Commands[2m > [22m[2mrunPreDeployTests[2m > [22m[2mshould execute without errors
[22m[39m
Â­Æ’Ã¸Ã­Â´Â©Ã…  ODAVL Guardian: Pre-Deploy Tests

Target: https://example.com
Tests: accessibility


 [32mÃ”Â£Ã´[39m apps/studio-cli/src/commands/__tests__/guardian.test.ts[2m > [22mGuardian Commands[2m > [22mrunPreDeployTests[2m > [22mshould validate URL format[32m 6[2mms[22m[39m
 [32mÃ”Â£Ã´[39m tests/e2e/cli-workflow.test.ts[2m > [22mE2E: ODAVL CLI Commands[2m > [22mError Handling[2m > [22mshould handle missing arguments[33m 435[2mms[22m[39m
 [32mÃ”Â£Ã´[39m odavl-studio/insight/core/tests/detector/python/python-type-detector.test.ts[2m > [22mPythonTypeDetector[2m > [22mType Issue Detection[2m > [22mshould detect missing type hints[33m 1660[2mms[22m[39m
Ã”ÃœÃ¡ accessibility: 83/100 - Needs improvement
[90mstdout[2m | apps/studio-cli/src/commands/__tests__/guardian.test.ts[2m > [22m[2mGuardian Commands[2m > [22m[2mrunPreDeployTests[2m > [22m[2mshould execute without errors
[22m[39m
Test Summary:
  Passed: 0
  Failed: 0
  Warnings: 1

Ã”Â£Ã  Deployment approved

 [32mÃ”Â£Ã´[39m apps/studio-cli/src/commands/__tests__/guardian.test.ts[2m > [22mGuardian Commands[2m > [22mrunPreDeployTests[2m > [22mshould execute without errors[33m 1018[2mms[22m[39m
 [32mÃ”Â£Ã´[39m odavl-studio/insight/core/tests/detector/python/python-imports-detector.test.ts[2m > [22mPythonImportsDetector[2m > [22mImport Organization[2m > [22mshould detect unsorted imports[33m 3422[2mms[22m[39m
- Running accessibility tests...
 [32mÃ”Â£Ã´[39m odavl-studio/insight/core/tests/detector/python/python-security-detector.test.ts[2m > [22mPythonSecurityDetector[2m > [22mCommand Injection Detection[2m > [22mshould detect os.system usage[33m 1534[2mms[22m[39m
 [32mÃ”Â£Ã´[39m tests/integration/odavl-workflow.test.ts[2m > [22mIntegration: Full ODAVL Workflow[2m > [22mshould detect TypeScript errors in workspace[33m 7658[2mms[22m[39m
 [32mÃ”Â£Ã´[39m tests/integration/odavl-workflow.test.ts[2m > [22mIntegration: Full ODAVL Workflow[2m > [22mshould complete full cycle workflow[32m 5[2mms[22m[39m
 [32mÃ”Â£Ã´[39m tests/integration/odavl-workflow.test.ts[2m > [22mIntegration: Full ODAVL Workflow[2m > [22mshould create and restore from undo snapshots[32m 4[2mms[22m[39m
 [32mÃ”Â£Ã´[39m tests/integration/odavl-workflow.test.ts[2m > [22mIntegration: Full ODAVL Workflow[2m > [22mshould enforce risk budget constraints[32m 1[2mms[22m[39m
 [32mÃ”Â£Ã´[39m tests/integration/odavl-workflow.test.ts[2m > [22mIntegration: Full ODAVL Workflow[2m > [22mshould generate attestation chain[32m 5[2mms[22m[39m
Ã”Â£Ã¶ accessibility: 98/100 - Excellent
 [32mÃ”Â£Ã´[39m apps/studio-cli/src/commands/__tests__/guardian.test.ts[2m > [22mGuardian Commands[2m > [22mrunSingleTest[2m > [22mshould run accessibility test[33m 1007[2mms[22m[39m
- Running performance tests...
 [32mÃ”Â£Ã´[39m odavl-studio/insight/core/tests/detector/python/python-complexity-detector.test.ts[2m > [22mPythonComplexityDetector[2m > [22mCyclomatic Complexity Detection[2m > [22mshould detect high complexity functions[33m 4803[2mms[22m[39m
 [32mÃ”Â£Ã´[39m odavl-studio/insight/core/tests/detector/python/python-type-detector.test.ts[2m > [22mPythonTypeDetector[2m > [22mType Issue Detection[2m > [22mshould detect type mismatches[33m 1454[2mms[22m[39m
 [32mÃ”Â£Ã´[39m odavl-studio/insight/core/tests/detector/python/python-security-detector.test.ts[2m > [22mPythonSecurityDetector[2m > [22mCommand Injection Detection[2m > [22mshould report command injection as high severity[33m 1314[2mms[22m[39m
 [32mÃ”Â£Ã´[39m odavl-studio/insight/core/tests/detector/python/python-best-practices-detector.test.ts[2m > [22mPythonBestPracticesDetector[2m > [22mPEP 8 Violations[2m > [22mshould detect naming convention violations[33m 4377[2mms[22m[39m
Ã”ÃœÃ¡ performance: 79/100 - Needs improvement
 [32mÃ”Â£Ã´[39m apps/studio-cli/src/commands/__tests__/guardian.test.ts[2m > [22mGuardian Commands[2m > [22mrunSingleTest[2m > [22mshould run performance test[33m 1011[2mms[22m[39m
- Running security tests...
[90mstdout[2m | tests/integration/autopilot-loop.test.ts[2m > [22m[2mODAVL Autopilot - Full Loop Integration[2m > [22m[2mScenario 1: Happy Path - Full Success Cycle[2m > [22m[2mshould complete full ODAVL loop successfully
[22m[39m
Â­Æ’ÂºÂ¬ Testing Happy Path...
  1Â´Â©Ã…Ã”Ã¢Ãº OBSERVE Phase...
Â­Æ’Ã¶Ã¬ OBSERVE Phase: Analyzing C:\Users\sabou\dev\odavl\tests\fixtures\sample-codebase (parallel mode)...
  Ã”Ã¥Ã† Running 12 detectors in parallel...

 [32mÃ”Â£Ã´[39m odavl-studio/insight/core/tests/detector/python/python-imports-detector.test.ts[2m > [22mPythonImportsDetector[2m > [22mImport Organization[2m > [22mshould detect incorrect import sections[33m 2590[2mms[22m[39m
 [32mÃ”Â£Ã´[39m odavl-studio/insight/core/tests/detector/python/python-type-detector.test.ts[2m > [22mPythonTypeDetector[2m > [22mType Issue Detection[2m > [22mshould report correct severity levels[33m 1483[2mms[22m[39m
 [32mÃ”Â£Ã´[39m odavl-studio/insight/core/tests/detector/python/python-security-detector.test.ts[2m > [22mPythonSecurityDetector[2m > [22mHardcoded Secrets Detection[2m > [22mshould detect hardcoded credentials[33m 1389[2mms[22m[39m
Ã”ÃœÃ¡ security: 85/100 - Needs improvement
 [32mÃ”Â£Ã´[39m apps/studio-cli/src/commands/__tests__/guardian.test.ts[2m > [22mGuardian Commands[2m > [22mrunSingleTest[2m > [22mshould run security test[33m 1017[2mms[22m[39m
 [32mÃ”Â£Ã´[39m apps/studio-cli/src/commands/__tests__/guardian.test.ts[2m > [22mGuardian Commands[2m > [22mrunSingleTest[2m > [22mshould validate test type[32m 1[2mms[22m[39m
[90mstdout[2m | tests/integration/autopilot-loop.test.ts[2m > [22m[2mODAVL Autopilot - Full Loop Integration[2m > [22m[2mScenario 1: Happy Path - Full Success Cycle[2m > [22m[2mshould complete full ODAVL loop successfully
[22m[39m    Ã”Â£Ã´ typescript: 0 issues
    Ã”Â£Ã´ eslint: 0 issues
    Ã”Â£Ã´ security: 1 issues
    Ã”Â£Ã´ performance: 1 issues
    Ã”Â£Ã´ imports: 0 issues
    Ã”Â£Ã´ packages: 1 issues
    Ã”Â£Ã´ runtime: 0 issues
    Ã”Â£Ã´ build: 0 issues
    Ã”Â£Ã´ circular: 0 issues
    Ã”Â£Ã´ network: 0 issues
    Ã”Â£Ã´ complexity: 3 issues
    Ã”Â£Ã´ isolation: 0 issues
Ã”Â£Ã  OBSERVE Complete: 6 total issues found (8.5s)


[90mstdout[2m | tests/integration/autopilot-loop.test.ts[2m > [22m[2mODAVL Autopilot - Full Loop Integration[2m > [22m[2mScenario 1: Happy Path - Full Success Cycle[2m > [22m[2mshould complete full ODAVL loop successfully
[22m[39m    Ã”Â£Ã  Detected 6 issues
  2Â´Â©Ã…Ã”Ã¢Ãº DECIDE Phase...

[90mstdout[2m | tests/integration/autopilot-loop.test.ts[2m > [22m[2mODAVL Autopilot - Full Loop Integration[2m > [22m[2mScenario 1: Happy Path - Full Success Cycle[2m > [22m[2mshould complete full ODAVL loop successfully
[22m[39m[DECIDE] No recipes match current metrics Ã”Ã¥Ã† noop

[90mstdout[2m | tests/integration/autopilot-loop.test.ts[2m > [22m[2mODAVL Autopilot - Full Loop Integration[2m > [22m[2mScenario 1: Happy Path - Full Success Cycle[2m > [22m[2mshould complete full ODAVL loop successfully
[22m[39m    Ã”Â£Ã  Decision: noop
    Ã”Ã¤â•£Â´Â©Ã…  No recipes matched - skipping ACT/VERIFY

 [32mÃ”Â£Ã´[39m tests/integration/autopilot-loop.test.ts[2m > [22mODAVL Autopilot - Full Loop Integration[2m > [22mScenario 1: Happy Path - Full Success Cycle[2m > [22mshould complete full ODAVL loop successfully[33m 8508[2mms[22m[39m
[90mstdout[2m | tests/integration/autopilot-loop.test.ts[2m > [22m[2mODAVL Autopilot - Full Loop Integration[2m > [22m[2mScenario 2: No Issues - Noop Handling[2m > [22m[2mshould return noop when no issues detected
[22m[39m
Â­Æ’ÂºÂ¬ Testing No Issues Scenario...
  1Â´Â©Ã…Ã”Ã¢Ãº OBSERVE Phase (mocked clean codebase)...
    Ã”Â£Ã  Detected 0 issues
  2Â´Â©Ã…Ã”Ã¢Ãº DECIDE Phase...
[DECIDE] No issues detected Ã”Ã¥Ã† noop

[90mstdout[2m | tests/integration/autopilot-loop.test.ts[2m > [22m[2mODAVL Autopilot - Full Loop Integration[2m > [22m[2mScenario 2: No Issues - Noop Handling[2m > [22m[2mshould return noop when no issues detected
[22m[39m    Ã”Â£Ã  Decision: noop (no issues to fix)
  Ã”Â£Ã  No Issues Scenario Complete!


[90mstdout[2m | tests/integration/autopilot-loop.test.ts[2m > [22m[2mODAVL Autopilot - Full Loop Integration[2m > [22m[2mScenario 3: No Matching Recipes[2m > [22m[2mshould return noop when no recipes match metrics
[22m[39m
Â­Æ’ÂºÂ¬ Testing No Matching Recipes...
  1Â´Â©Ã…Ã”Ã¢Ãº OBSERVE Phase (mocked)...
    Ã”Â£Ã  Detected 1 issue (below recipe thresholds)
  2Â´Â©Ã…Ã”Ã¢Ãº DECIDE Phase...

[90mstdout[2m | tests/integration/autopilot-loop.test.ts[2m > [22m[2mODAVL Autopilot - Full Loop Integration[2m > [22m[2mScenario 3: No Matching Recipes[2m > [22m[2mshould return noop when no recipes match metrics
[22m[39m[DECIDE] No recipes match current metrics Ã”Ã¥Ã† noop

[90mstdout[2m | tests/integration/autopilot-loop.test.ts[2m > [22m[2mODAVL Autopilot - Full Loop Integration[2m > [22m[2mScenario 3: No Matching Recipes[2m > [22m[2mshould return noop when no recipes match metrics
[22m[39m    Ã”Â£Ã  Decision: noop (no recipes match)
  Ã”Â£Ã  No Matching Recipes Scenario Complete!


[90mstdout[2m | tests/integration/autopilot-loop.test.ts[2m > [22m[2mODAVL Autopilot - Full Loop Integration[2m > [22m[2mScenario 4: Gates Fail - Rollback[2m > [22m[2mshould rollback when quality gates fail
[22m[39m
Â­Æ’ÂºÂ¬ Testing Gates Fail Scenario...
  1Â´Â©Ã…Ã”Ã¢Ãº Before metrics: 15 issues
  2Â´Â©Ã…Ã”Ã¢Ãº After metrics: 25 issues (regression!)
  3Â´Â©Ã…Ã”Ã¢Ãº VERIFY Phase...
    Ã”Ã˜Ã® ESLint delta: +5 (gate: deltaMax 0)
    Ã”Ã˜Ã® TypeScript delta: +5 (gate: deltaMax 0)
    Ã”Â£Ã  Gates would fail - rollback triggered
  Ã”Â£Ã  Gates Fail Scenario Complete!


[90mstdout[2m | tests/integration/autopilot-loop.test.ts[2m > [22m[2mODAVL Autopilot - Full Loop Integration[2m > [22m[2mScenario 5: Blacklist - 3 Consecutive Failures[2m > [22m[2mshould blacklist recipe after 3 consecutive failures
[22m[39m
Â­Æ’ÂºÂ¬ Testing Blacklist Scenario...
  Simulating 3 consecutive failures...
[LEARN] Updating trust for recipe: test-failing-recipe-1764268485140
[LEARN] Ã”Â£Ã¹ Trust Ã”Ã¥Ã´ 0.50 Ã”Ã¥Ã† 0.10 (1 consecutive failures)

[90mstdout[2m | tests/integration/autopilot-loop.test.ts[2m > [22m[2mODAVL Autopilot - Full Loop Integration[2m > [22m[2mScenario 5: Blacklist - 3 Consecutive Failures[2m > [22m[2mshould blacklist recipe after 3 consecutive failures
[22m[39m    1Â´Â©Ã…Ã”Ã¢Ãº Failure 1: trust = 0.10, blacklisted = false
[LEARN] Updating trust for recipe: test-failing-recipe-1764268485140
[LEARN] Ã”Â£Ã¹ Trust Ã”Ã¥Ã† 0.10 Ã”Ã¥Ã† 0.10 (2 consecutive failures)

[90mstdout[2m | tests/integration/autopilot-loop.test.ts[2m > [22m[2mODAVL Autopilot - Full Loop Integration[2m > [22m[2mScenario 5: Blacklist - 3 Consecutive Failures[2m > [22m[2mshould blacklist recipe after 3 consecutive failures
[22m[39m    2Â´Â©Ã…Ã”Ã¢Ãº Failure 2: trust = 0.10, blacklisted = false
[LEARN] Updating trust for recipe: test-failing-recipe-1764268485140
[LEARN] Ã”ÃœÃ¡Â´Â©Ã…  Recipe test-failing-recipe-1764268485140 BLACKLISTED after 3 consecutive failures
[LEARN] Ã”Â£Ã¹ Trust Ã”Ã¥Ã† 0.10 Ã”Ã¥Ã† 0.10 (3 consecutive failures)

[90mstdout[2m | tests/integration/autopilot-loop.test.ts[2m > [22m[2mODAVL Autopilot - Full Loop Integration[2m > [22m[2mScenario 5: Blacklist - 3 Consecutive Failures[2m > [22m[2mshould blacklist recipe after 3 consecutive failures
[22m[39m    3Â´Â©Ã…Ã”Ã¢Ãº Failure 3: trust = 0.10, blacklisted = true Ã”Â£Ã 
  Ã”Â£Ã  Blacklist Scenario Complete!


 [32mÃ”Â£Ã´[39m odavl-studio/insight/core/tests/detector/python/python-type-detector.test.ts[2m > [22mPythonTypeDetector[2m > [22mType Issue Detection[2m > [22mshould include line and column numbers[33m 1447[2mms[22m[39m
 [32mÃ”Â£Ã´[39m odavl-studio/insight/core/tests/detector/python/python-security-detector.test.ts[2m > [22mPythonSecurityDetector[2m > [22mUnsafe Operations Detection[2m > [22mshould detect pickle usage[33m 1285[2mms[22m[39m
 [32mÃ”Â£Ã´[39m odavl-studio/insight/core/tests/detector/python/python-complexity-detector.test.ts[2m > [22mPythonComplexityDetector[2m > [22mCyclomatic Complexity Detection[2m > [22mshould report complexity scores[33m 3690[2mms[22m[39m
 [32mÃ”Â£Ã´[39m odavl-studio/insight/core/tests/detector/python/python-imports-detector.test.ts[2m > [22mPythonImportsDetector[2m > [22mUnused Imports[2m > [22mshould detect unused imports[33m 2482[2mms[22m[39m
 [32mÃ”Â£Ã´[39m odavl-studio/insight/core/tests/detector/python/python-security-detector.test.ts[2m > [22mPythonSecurityDetector[2m > [22mUnsafe Operations Detection[2m > [22mshould flag insecure random usage[33m 1392[2mms[22m[39m
 [32mÃ”Â£Ã´[39m odavl-studio/insight/core/tests/detector/python/python-type-detector.test.ts[2m > [22mPythonTypeDetector[2m > [22mType Issue Detection[2m > [22mshould include error codes when available[33m 1481[2mms[22m[39m
 [32mÃ”Â£Ã´[39m odavl-studio/insight/core/tests/detector/python/python-best-practices-detector.test.ts[2m > [22mPythonBestPracticesDetector[2m > [22mPEP 8 Violations[2m > [22mshould detect line length violations[33m 4011[2mms[22m[39m
 [32mÃ”Â£Ã´[39m odavl-studio/insight/core/tests/detector/python/python-security-detector.test.ts[2m > [22mPythonSecurityDetector[2m > [22mSeverity Levels[2m > [22mshould categorize issues by severity[33m 1283[2mms[22m[39m
 [32mÃ”Â£Ã´[39m odavl-studio/insight/core/tests/detector/python/python-type-detector.test.ts[2m > [22mPythonTypeDetector[2m > [22mFile Path Handling[2m > [22mshould normalize file paths[33m 1443[2mms[22m[39m
 [32mÃ”Â£Ã´[39m odavl-studio/insight/core/tests/detector/python/python-imports-detector.test.ts[2m > [22mPythonImportsDetector[2m > [22mSeverity Levels[2m > [22mshould assign appropriate severity[33m 2620[2mms[22m[39m
 [32mÃ”Â£Ã´[39m odavl-studio/insight/core/tests/detector/python/python-security-detector.test.ts[2m > [22mPythonSecurityDetector[2m > [22mSeverity Levels[2m > [22mshould mark shell injection as error[33m 1386[2mms[22m[39m
 [32mÃ”Â£Ã´[39m odavl-studio/insight/core/tests/detector/python/python-type-detector.test.ts[2m > [22mPythonTypeDetector[2m > [22mFile Path Handling[2m > [22mshould handle test_types.py specifically[33m 1465[2mms[22m[39m
 [32mÃ”Â£Ã´[39m odavl-studio/insight/core/tests/detector/python/python-complexity-detector.test.ts[2m > [22mPythonComplexityDetector[2m > [22mCyclomatic Complexity Detection[2m > [22mshould detect moderate complexity (>5)[33m 3838[2mms[22m[39m
[90mstdout[2m | tests/integration/autopilot-loop.test.ts[2m > [22m[2mODAVL Autopilot - Full Loop Integration[2m > [22m[2mPerformance Tests[2m > [22m[2mshould complete full loop in under 60 seconds
[22m[39m
Â­Æ’ÂºÂ¬ Testing Performance...
Â­Æ’Ã¶Ã¬ OBSERVE Phase: Analyzing C:\Users\sabou\dev\odavl\tests\fixtures\sample-codebase (parallel mode)...
  Ã”Ã¥Ã† Running 12 detectors in parallel...

 [32mÃ”Â£Ã´[39m odavl-studio/insight/core/tests/detector/python/python-security-detector.test.ts[2m > [22mPythonSecurityDetector[2m > [22mSeverity Levels[2m > [22mshould provide appropriate severity for each issue[33m 1257[2mms[22m[39m
 [32mÃ”Â£Ã´[39m odavl-studio/insight/core/tests/detector/python/python-best-practices-detector.test.ts[2m > [22mPythonBestPracticesDetector[2m > [22mPEP 8 Violations[2m > [22mshould detect docstring violations[33m 3933[2mms[22m[39m
 [32mÃ”Â£Ã´[39m odavl-studio/insight/core/tests/detector/python/python-type-detector.test.ts[2m > [22mPythonTypeDetector[2m > [22mError Handling[2m > [22mshould handle missing mypy gracefully[33m 1383[2mms[22m[39m
 [32mÃ”Â£Ã´[39m odavl-studio/insight/core/tests/detector/python/python-imports-detector.test.ts[2m > [22mPythonImportsDetector[2m > [22mSeverity Levels[2m > [22mshould have appropriate severity[33m 2387[2mms[22m[39m
 [32mÃ”Â£Ã´[39m tests/integration/autopilot-loop.test.ts[2m > [22mODAVL Autopilot - Full Loop Integration[2m > [22mScenario 2: No Issues - Noop Handling[2m > [22mshould return noop when no issues detected[32m 3[2mms[22m[39m
 [32mÃ”Â£Ã´[39m tests/integration/autopilot-loop.test.ts[2m > [22mODAVL Autopilot - Full Loop Integration[2m > [22mScenario 3: No Matching Recipes[2m > [22mshould return noop when no recipes match metrics[32m 11[2mms[22m[39m
 [32mÃ”Â£Ã´[39m tests/integration/autopilot-loop.test.ts[2m > [22mODAVL Autopilot - Full Loop Integration[2m > [22mScenario 4: Gates Fail - Rollback[2m > [22mshould rollback when quality gates fail[32m 2[2mms[22m[39m
 [32mÃ”Â£Ã´[39m tests/integration/autopilot-loop.test.ts[2m > [22mODAVL Autopilot - Full Loop Integration[2m > [22mScenario 5: Blacklist - 3 Consecutive Failures[2m > [22mshould blacklist recipe after 3 consecutive failures[32m 30[2mms[22m[39m
[90mstdout[2m | tests/integration/autopilot-loop.test.ts[2m > [22m[2mODAVL Autopilot - Full Loop Integration[2m > [22m[2mPerformance Tests[2m > [22m[2mshould complete full loop in under 60 seconds
[22m[39m    Ã”Â£Ã´ typescript: 0 issues
    Ã”Â£Ã´ eslint: 0 issues
    Ã”Â£Ã´ security: 1 issues
    Ã”Â£Ã´ performance: 1 issues
    Ã”Â£Ã´ imports: 0 issues
    Ã”Â£Ã´ packages: 1 issues
    Ã”Â£Ã´ runtime: 0 issues
    Ã”Â£Ã´ build: 0 issues
    Ã”Â£Ã´ circular: 0 issues
    Ã”Â£Ã´ network: 0 issues
    Ã”Â£Ã´ complexity: 3 issues
    Ã”Â£Ã´ isolation: 0 issues
Ã”Â£Ã  OBSERVE Complete: 6 total issues found (6.8s)


[90mstdout[2m | tests/integration/autopilot-loop.test.ts[2m > [22m[2mODAVL Autopilot - Full Loop Integration[2m > [22m[2mPerformance Tests[2m > [22m[2mshould complete full loop in under 60 seconds
[22m[39m[DECIDE] No recipes match current metrics Ã”Ã¥Ã† noop

[90mstdout[2m | tests/integration/autopilot-loop.test.ts[2m > [22m[2mODAVL Autopilot - Full Loop Integration[2m > [22m[2mPerformance Tests[2m > [22m[2mshould complete full loop in under 60 seconds
[22m[39m  Ã”Â£Ã  Full loop completed in 6.80s
  Ã”Â£Ã  Performance Test Complete!


 [32mÃ”Â£Ã´[39m tests/integration/autopilot-loop.test.ts[2m > [22mODAVL Autopilot - Full Loop Integration[2m > [22mPerformance Tests[2m > [22mshould complete full loop in under 60 seconds[33m 6799[2mms[22m[39m
[90mstdout[2m | tests/integration/autopilot-loop.test.ts[2m > [22m[2mODAVL Autopilot - Full Loop Integration
[22m[39mÃ”Â£Ã  Test cleanup complete

 [32mÃ”Â£Ã´[39m odavl-studio/insight/core/tests/detector/python/python-security-detector.test.ts[2m > [22mPythonSecurityDetector[2m > [22mCWE Mapping[2m > [22mshould map vulnerabilities to CWE[33m 1301[2mms[22m[39m
 [32mÃ”Â£Ã´[39m odavl-studio/insight/core/tests/detector/python/python-type-detector.test.ts[2m > [22mPythonTypeDetector[2m > [22mError Handling[2m > [22mshould handle empty directories[33m 531[2mms[22m[39m
 [32mÃ”Â£Ã´[39m odavl-studio/insight/core/tests/detector/python/python-type-detector.test.ts[2m > [22mPythonTypeDetector[2m > [22mError Handling[2m > [22mshould not throw on parsing errors[33m 1342[2mms[22m[39m
 [32mÃ”Â£Ã´[39m odavl-studio/insight/core/tests/detector/python/python-security-detector.test.ts[2m > [22mPythonSecurityDetector[2m > [22mRecommendations[2m > [22mshould provide security recommendations[33m 1217[2mms[22m[39m
 [32mÃ”Â£Ã´[39m odavl-studio/insight/core/tests/detector/python/python-complexity-detector.test.ts[2m > [22mPythonComplexityDetector[2m > [22mCyclomatic Complexity Detection[2m > [22mshould categorize severity by complexity level[33m 3541[2mms[22m[39m
 [32mÃ”Â£Ã´[39m odavl-studio/insight/core/tests/detector/python/python-imports-detector.test.ts[2m > [22mPythonImportsDetector[2m > [22mFile Coverage[2m > [22mshould analyze test_imports.py[33m 2309[2mms[22m[39m
 [32mÃ”Â£Ã´[39m odavl-studio/insight/core/tests/detector/python/python-type-detector.test.ts[2m > [22mPythonTypeDetector[2m > [22mConfiguration Support[2m > [22mshould use mypy.ini if present[33m 1320[2mms[22m[39m
 [32mÃ”Â£Ã´[39m odavl-studio/insight/core/tests/detector/python/python-security-detector.test.ts[2m > [22mPythonSecurityDetector[2m > [22mRecommendations[2m > [22mshould suggest safe alternatives[33m 1261[2mms[22m[39m
 [32mÃ”Â£Ã´[39m odavl-studio/insight/core/tests/detector/python/python-best-practices-detector.test.ts[2m > [22mPythonBestPracticesDetector[2m > [22mCode Quality Issues[2m > [22mshould detect unused variables[33m 3781[2mms[22m[39m
 [32mÃ”Â£Ã´[39m odavl-studio/insight/core/tests/detector/python/python-type-detector.test.ts[2m > [22mPythonTypeDetector[2m > [22mRecommendation Generation[2m > [22mshould provide recommendations[33m 1402[2mms[22m[39m
 [32mÃ”Â£Ã´[39m odavl-studio/insight/core/tests/detector/python/python-security-detector.test.ts[2m > [22mPythonSecurityDetector[2m > [22mFile Coverage[2m > [22mshould analyze test_security.py[33m 1281[2mms[22m[39m
 [32mÃ”Â£Ã´[39m odavl-studio/insight/core/tests/detector/python/python-imports-detector.test.ts[2m > [22mPythonImportsDetector[2m > [22mFile Coverage[2m > [22mshould report correct file paths[33m 2376[2mms[22m[39m
 [32mÃ”Â£Ã´[39m odavl-studio/insight/core/tests/detector/python/python-complexity-detector.test.ts[2m > [22mPythonComplexityDetector[2m > [22mMaintainability Index[2m > [22mshould check maintainability[33m 3459[2mms[22m[39m
 [32mÃ”Â£Ã´[39m odavl-studio/insight/core/tests/detector/python/python-security-detector.test.ts[2m > [22mPythonSecurityDetector[2m > [22mFile Coverage[2m > [22mshould report correct file paths[33m 1181[2mms[22m[39m
 [32mÃ”Â£Ã´[39m odavl-studio/insight/core/tests/detector/python/python-type-detector.test.ts[2m > [22mPythonTypeDetector[2m > [22mRecommendation Generation[2m > [22mshould categorize as type-safety[33m 1335[2mms[22m[39m
 [32mÃ”Â£Ã´[39m odavl-studio/insight/core/tests/detector/python/python-security-detector.test.ts[2m > [22mPythonSecurityDetector[2m > [22mError Handling[2m > [22mshould handle missing bandit[33m 1185[2mms[22m[39m
 [32mÃ”Â£Ã´[39m odavl-studio/insight/core/tests/detector/python/python-imports-detector.test.ts[2m > [22mPythonImportsDetector[2m > [22mRecommendations[2m > [22mshould provide import organization recommendations[33m 2264[2mms[22m[39m
 [32mÃ”Â£Ã´[39m odavl-studio/insight/core/tests/detector/python/python-type-detector.test.ts[2m > [22mPythonTypeDetector[2m > [22mPerformance[2m > [22mshould complete analysis in reasonable time[33m 1321[2mms[22m[39m
 [32mÃ”Â£Ã´[39m odavl-studio/insight/core/tests/detector/python/python-best-practices-detector.test.ts[2m > [22mPythonBestPracticesDetector[2m > [22mCode Quality Issues[2m > [22mshould detect broad exception catching[33m 3628[2mms[22m[39m
 [32mÃ”Â£Ã´[39m odavl-studio/insight/core/tests/detector/python/python-security-detector.test.ts[2m > [22mPythonSecurityDetector[2m > [22mError Handling[2m > [22mshould not throw on execution[33m 1236[2mms[22m[39m
 [32mÃ”Â£Ã´[39m odavl-studio/insight/core/tests/detector/python/python-type-detector.test.ts[2m > [22mPythonTypeDetector[2m > [22mIntegration[2m > [22mshould work with multiple Python files[33m 1307[2mms[22m[39m
 [32mÃ”Â£Ã´[39m odavl-studio/insight/core/tests/detector/python/python-complexity-detector.test.ts[2m > [22mPythonComplexityDetector[2m > [22mMaintainability Index[2m > [22mshould include maintainability index when available[33m 3423[2mms[22m[39m
 [32mÃ”Â£Ã´[39m odavl-studio/insight/core/tests/detector/python/python-imports-detector.test.ts[2m > [22mPythonImportsDetector[2m > [22mRecommendations[2m > [22mshould suggest isort for fixing[33m 2305[2mms[22m[39m
 [32mÃ”Â£Ã´[39m odavl-studio/insight/core/tests/detector/python/python-security-detector.test.ts[2m > [22mPythonSecurityDetector[2m > [22mPerformance[2m > [22mshould complete in reasonable time[33m 1279[2mms[22m[39m
 [32mÃ”Â£Ã´[39m odavl-studio/insight/core/tests/detector/python/python-type-detector.test.ts[2m > [22mPythonTypeDetector[2m > [22mIntegration[2m > [22mshould skip non-Python files[33m 1324[2mms[22m[39m
 [32mÃ”Â£Ã´[39m odavl-studio/insight/core/tests/detector/python/python-security-detector.test.ts[2m > [22mPythonSecurityDetector[2m > [22mIntegration[2m > [22mshould detect multiple vulnerability types[33m 1210[2mms[22m[39m
 [32mÃ”Â£Ã´[39m odavl-studio/insight/core/tests/detector/python/python-best-practices-detector.test.ts[2m > [22mPythonBestPracticesDetector[2m > [22mCode Quality Issues[2m > [22mshould detect missing final newline[33m 3650[2mms[22m[39m
 [32mÃ”Â£Ã´[39m odavl-studio/insight/core/tests/detector/python/python-imports-detector.test.ts[2m > [22mPythonImportsDetector[2m > [22mError Handling[2m > [22mshould handle missing isort[33m 2268[2mms[22m[39m
 [32mÃ”Â£Ã´[39m odavl-studio/insight/core/tests/detector/python/python-security-detector.test.ts[2m > [22mPythonSecurityDetector[2m > [22mIntegration[2m > [22mshould provide actionable information[33m 1176[2mms[22m[39m
 [32mÃ”Â£Ã´[39m odavl-studio/insight/core/tests/detector/python/python-complexity-detector.test.ts[2m > [22mPythonComplexityDetector[2m > [22mFunction Analysis[2m > [22mshould analyze test_complexity.py[33m 3404[2mms[22m[39m
 [32mÃ”Â£Ã´[39m odavl-studio/insight/core/tests/detector/python/python-imports-detector.test.ts[2m > [22mPythonImportsDetector[2m > [22mError Handling[2m > [22mshould not throw on execution[33m 2202[2mms[22m[39m
 [32mÃ”Â£Ã´[39m odavl-studio/insight/core/tests/detector/python/python-best-practices-detector.test.ts[2m > [22mPythonBestPracticesDetector[2m > [22mSeverity Levels[2m > [22mshould categorize by severity[33m 3514[2mms[22m[39m
 [32mÃ”Â£Ã´[39m odavl-studio/insight/core/tests/detector/python/python-complexity-detector.test.ts[2m > [22mPythonComplexityDetector[2m > [22mFunction Analysis[2m > [22mshould identify function names[33m 3311[2mms[22m[39m
 [32mÃ”Â£Ã´[39m odavl-studio/insight/core/tests/detector/python/python-imports-detector.test.ts[2m > [22mPythonImportsDetector[2m > [22mPerformance[2m > [22mshould complete in reasonable time[33m 2230[2mms[22m[39m
 [32mÃ”Â£Ã´[39m odavl-studio/insight/core/tests/detector/python/python-best-practices-detector.test.ts[2m > [22mPythonBestPracticesDetector[2m > [22mSeverity Levels[2m > [22mshould assign appropriate severity[33m 3529[2mms[22m[39m
 [32mÃ”Â£Ã´[39m odavl-studio/insight/core/tests/detector/python/python-imports-detector.test.ts[2m > [22mPythonImportsDetector[2m > [22mIntegration[2m > [22mshould categorize as imports[33m 2233[2mms[22m[39m
 [32mÃ”Â£Ã´[39m odavl-studio/insight/core/tests/detector/python/python-complexity-detector.test.ts[2m > [22mPythonComplexityDetector[2m > [22mFunction Analysis[2m > [22mshould provide line numbers[33m 3322[2mms[22m[39m
 [32mÃ”Â£Ã´[39m odavl-studio/insight/core/tests/detector/python/python-imports-detector.test.ts[2m > [22mPythonImportsDetector[2m > [22mIntegration[2m > [22mshould provide line numbers[33m 2243[2mms[22m[39m
 [32mÃ”Â£Ã´[39m odavl-studio/insight/core/tests/detector/python/python-best-practices-detector.test.ts[2m > [22mPythonBestPracticesDetector[2m > [22mFile Coverage[2m > [22mshould analyze test_best_practices.py[33m 3487[2mms[22m[39m
 [32mÃ”Â£Ã´[39m odavl-studio/insight/core/tests/detector/python/python-complexity-detector.test.ts[2m > [22mPythonComplexityDetector[2m > [22mRecommendations[2m > [22mshould provide refactoring recommendations[33m 3288[2mms[22m[39m
 [32mÃ”Â£Ã´[39m odavl-studio/insight/core/tests/detector/python/python-best-practices-detector.test.ts[2m > [22mPythonBestPracticesDetector[2m > [22mFile Coverage[2m > [22mshould analyze multiple files[33m 3397[2mms[22m[39m
 [32mÃ”Â£Ã´[39m odavl-studio/insight/core/tests/detector/python/python-complexity-detector.test.ts[2m > [22mPythonComplexityDetector[2m > [22mRecommendations[2m > [22mshould suggest splitting for high complexity[33m 3465[2mms[22m[39m
 [32mÃ”Â£Ã´[39m odavl-studio/insight/core/tests/detector/python/python-best-practices-detector.test.ts[2m > [22mPythonBestPracticesDetector[2m > [22mFile Coverage[2m > [22mshould report correct file paths[33m 3406[2mms[22m[39m
 [32mÃ”Â£Ã´[39m odavl-studio/insight/core/tests/detector/python/python-complexity-detector.test.ts[2m > [22mPythonComplexityDetector[2m > [22mRecommendations[2m > [22mshould suggest simplification for moderate complexity[33m 3234[2mms[22m[39m
 [32mÃ”Â£Ã´[39m odavl-studio/insight/core/tests/detector/python/python-best-practices-detector.test.ts[2m > [22mPythonBestPracticesDetector[2m > [22mRecommendations[2m > [22mshould provide recommendations[33m 3306[2mms[22m[39m
 [32mÃ”Â£Ã´[39m odavl-studio/insight/core/tests/detector/python/python-complexity-detector.test.ts[2m > [22mPythonComplexityDetector[2m > [22mThreshold Configuration[2m > [22mshould detect complexity above threshold (>5)[33m 3174[2mms[22m[39m
 [32mÃ”Â£Ã´[39m odavl-studio/insight/core/tests/detector/python/python-best-practices-detector.test.ts[2m > [22mPythonBestPracticesDetector[2m > [22mRecommendations[2m > [22mshould suggest specific fixes[33m 3384[2mms[22m[39m
 [32mÃ”Â£Ã´[39m odavl-studio/insight/core/tests/detector/python/python-complexity-detector.test.ts[2m > [22mPythonComplexityDetector[2m > [22mError Handling[2m > [22mshould handle missing radon[33m 3177[2mms[22m[39m
 [32mÃ”Â£Ã´[39m odavl-studio/insight/core/tests/detector/python/python-best-practices-detector.test.ts[2m > [22mPythonBestPracticesDetector[2m > [22mRecommendations[2m > [22mshould mention PEP 8 compliance[33m 3455[2mms[22m[39m
 [32mÃ”Â£Ã´[39m odavl-studio/insight/core/tests/detector/python/python-complexity-detector.test.ts[2m > [22mPythonComplexityDetector[2m > [22mError Handling[2m > [22mshould not throw on execution[33m 3276[2mms[22m[39m
 [32mÃ”Â£Ã´[39m odavl-studio/insight/core/tests/detector/python/python-best-practices-detector.test.ts[2m > [22mPythonBestPracticesDetector[2m > [22mError Codes[2m > [22mshould include message for each issue[33m 3399[2mms[22m[39m
 [31mâ”œÃ¹[39m odavl-studio/insight/core/tests/detector/python/python-complexity-detector.test.ts[2m > [22mPythonComplexityDetector[2m > [22mPerformance[2m > [22mshould complete in reasonable time[33m 3171[2mms[22m[39m
[31m   Ã”Ã¥Ã† expected 3170 to be less than 3000[39m
 [32mÃ”Â£Ã´[39m odavl-studio/insight/core/tests/detector/python/python-complexity-detector.test.ts[2m > [22mPythonComplexityDetector[2m > [22mIntegration[2m > [22mshould provide actionable metrics[33m 3227[2mms[22m[39m
 [32mÃ”Â£Ã´[39m odavl-studio/insight/core/tests/detector/python/python-best-practices-detector.test.ts[2m > [22mPythonBestPracticesDetector[2m > [22mError Handling[2m > [22mshould handle missing pylint[33m 3346[2mms[22m[39m
 [32mÃ”Â£Ã´[39m odavl-studio/insight/core/tests/detector/python/python-complexity-detector.test.ts[2m > [22mPythonComplexityDetector[2m > [22mIntegration[2m > [22mshould work with other detectors[33m 3230[2mms[22m[39m
 [32mÃ”Â£Ã´[39m odavl-studio/insight/core/tests/detector/python/python-best-practices-detector.test.ts[2m > [22mPythonBestPracticesDetector[2m > [22mError Handling[2m > [22mshould not throw on execution[33m 3415[2mms[22m[39m
Ã”Â£Ã¶ Observe: Errors detected
[90mstdout[2m | apps/studio-cli/src/commands/__tests__/autopilot.test.ts[2m > [22m[2mAutopilot Commands[2m > [22m[2mrunFullCycle[2m > [22m[2mshould execute all ODAVL phases and create directory
[22m[39m
Â­Æ’ÃœÃ‡ ODAVL Autopilot: O-D-A-V-L Cycle

Governance: max 10 files, 40 LOC per file

- Running decide phase...
Ã”Â£Ã¶ Decide: Recipe selected
- Running act phase...
Ã”Â£Ã¶ Act: No changes needed (dry run)
- Running verify phase...
Ã”Â£Ã¶ Verify: Quality gates passed
- Running learn phase...
Ã”Â£Ã¶ Learn: Trust scores updated
[90mstdout[2m | apps/studio-cli/src/commands/__tests__/autopilot.test.ts[2m > [22m[2mAutopilot Commands[2m > [22m[2mrunFullCycle[2m > [22m[2mshould execute all ODAVL phases and create directory
[22m[39m
Ã”Â£Ã  O-D-A-V-L Cycle Complete

Run ID: 1764268474112
Check .odavl/ledger/run-1764268474112.json for details

- Running observe phase...
 [32mÃ”Â£Ã´[39m odavl-studio/insight/core/tests/detector/python/python-best-practices-detector.test.ts[2m > [22mPythonBestPracticesDetector[2m > [22mPerformance[2m > [22mshould complete in reasonable time[33m 3393[2mms[22m[39m
 [32mÃ”Â£Ã´[39m odavl-studio/insight/core/tests/detector/python/python-best-practices-detector.test.ts[2m > [22mPythonBestPracticesDetector[2m > [22mIntegration[2m > [22mshould categorize as best-practices[33m 3337[2mms[22m[39m
 [32mÃ”Â£Ã´[39m odavl-studio/insight/core/tests/detector/python/python-best-practices-detector.test.ts[2m > [22mPythonBestPracticesDetector[2m > [22mIntegration[2m > [22mshould provide actionable information[33m 3351[2mms[22m[39m
 [32mÃ”Â£Ã´[39m odavl-studio/insight/core/tests/detector/python/python-best-practices-detector.test.ts[2m > [22mPythonBestPracticesDetector[2m > [22mIntegration[2m > [22mshould work with other detectors[33m 3380[2mms[22m[39m
Ã”Â£Ã¶ Observe: Errors detected
[90mstdout[2m | apps/studio-cli/src/commands/__tests__/autopilot.test.ts[2m > [22m[2mAutopilot Commands[2m > [22m[2mrunFullCycle[2m > [22m[2mshould respect risk budget constraints
[22m[39m
Â­Æ’ÃœÃ‡ ODAVL Autopilot: O-D-A-V-L Cycle

Governance: max 5 files, 20 LOC per file

- Running decide phase...
Ã”Â£Ã¶ Decide: Recipe selected
- Running act phase...
Ã”Â£Ã¶ Act: No changes needed (dry run)
- Running verify phase...
Ã”Â£Ã¶ Verify: Quality gates passed
- Running learn phase...
Ã”Â£Ã¶ Learn: Trust scores updated
[90mstdout[2m | apps/studio-cli/src/commands/__tests__/autopilot.test.ts[2m > [22m[2mAutopilot Commands[2m > [22m[2mrunFullCycle[2m > [22m[2mshould respect risk budget constraints
[22m[39m
Ã”Â£Ã  O-D-A-V-L Cycle Complete

Run ID: 1764268540773
Check .odavl/ledger/run-1764268540773.json for details

 [31mâ”œÃ¹[39m apps/studio-cli/src/commands/__tests__/autopilot.test.ts[2m > [22mAutopilot Commands[2m > [22mrunFullCycle[2m > [22mshould execute all ODAVL phases and create directory[33m 66663[2mms[22m[39m
[31m   Ã”Ã¥Ã† Test timed out in 30000ms.
If this is a long-running test, pass a timeout value as the last argument or configure it globally with "testTimeout".[39m
- Running observe phase...
Ã”Â£Ã¶ Observe: Errors detected
[90mstdout[2m | apps/studio-cli/src/commands/__tests__/autopilot.test.ts[2m > [22m[2mAutopilot Commands[2m > [22m[2mrunFullCycle[2m > [22m[2mshould create .odavl directory if it does not exist
[22m[39m
Â­Æ’ÃœÃ‡ ODAVL Autopilot: O-D-A-V-L Cycle

Governance: max 10 files, 40 LOC per file

- Running decide phase...
Ã”Â£Ã¶ Decide: Recipe selected
- Running act phase...
Ã”Â£Ã¶ Act: No changes needed (dry run)
- Running verify phase...
Ã”Â£Ã¶ Verify: Quality gates passed
- Running learn phase...
Ã”Â£Ã¶ Learn: Trust scores updated
[90mstdout[2m | apps/studio-cli/src/commands/__tests__/autopilot.test.ts[2m > [22m[2mAutopilot Commands[2m > [22m[2mrunFullCycle[2m > [22m[2mshould create .odavl directory if it does not exist
[22m[39m
Ã”Â£Ã  O-D-A-V-L Cycle Complete

Run ID: 1764268599016
Check .odavl/ledger/run-1764268599016.json for details

 [31mâ”œÃ¹[39m apps/studio-cli/src/commands/__tests__/autopilot.test.ts[2m > [22mAutopilot Commands[2m > [22mrunFullCycle[2m > [22mshould respect risk budget constraints[33m 58243[2mms[22m[39m
[31m   Ã”Ã¥Ã† Test timed out in 30000ms.
If this is a long-running test, pass a timeout value as the last argument or configure it globally with "testTimeout".[39m
- Running observe phase...
Ã”Â£Ã¶ Observe: Errors detected
 [31mâ”œÃ¹[39m apps/studio-cli/src/commands/__tests__/autopilot.test.ts[2m > [22mAutopilot Commands[2m > [22mrunFullCycle[2m > [22mshould create .odavl directory if it does not exist[33m 57022[2mms[22m[39m
[31m   Ã”Ã¥Ã† Test timed out in 30000ms.
If this is a long-running test, pass a timeout value as the last argument or configure it globally with "testTimeout".[39m
- Reverting changes...
Ã”Â£Ã» No undo snapshots found
- Reverting changes...
Ã”Â£Ã» No undo snapshots found
 [31mâ”œÃ¹[39m apps/studio-cli/src/commands/__tests__/autopilot.test.ts[2m > [22mAutopilot Commands[2m > [22mrunPhase[2m > [22mshould execute individual phase[33m 57987[2mms[22m[39m
[31m   Ã”Ã¥Ã† Test timed out in 30000ms.
If this is a long-running test, pass a timeout value as the last argument or configure it globally with "testTimeout".[39m
 [32mÃ”Â£Ã´[39m apps/studio-cli/src/commands/__tests__/autopilot.test.ts[2m > [22mAutopilot Commands[2m > [22mrunPhase[2m > [22mshould validate phase name[32m 4[2mms[22m[39m
 [32mÃ”Â£Ã´[39m apps/studio-cli/src/commands/__tests__/autopilot.test.ts[2m > [22mAutopilot Commands[2m > [22mundoLastChange[2m > [22mshould check for undo directory existence[32m 1[2mms[22m[39m
 [32mÃ”Â£Ã´[39m apps/studio-cli/src/commands/__tests__/autopilot.test.ts[2m > [22mAutopilot Commands[2m > [22mundoLastChange[2m > [22mshould use latest snapshot if no ID provided[32m 2[2mms[22m[39m

Ã”Ã„Â»Ã”Ã„Â»Ã”Ã„Â»Ã”Ã„Â»Ã”Ã„Â»Ã”Ã„Â» Failed Suites 14 Ã”Ã„Â»Ã”Ã„Â»Ã”Ã„Â»Ã”Ã„Â»Ã”Ã„Â»Ã”Ã„Â»

 FAIL  tests/e2e/analysis.spec.ts [ tests/e2e/analysis.spec.ts ]
Error: Playwright Test did not expect test.describe() to be called here.
Most common reasons include:
- You are calling test.describe() in a configuration file.
- You are calling test.describe() in a file that is imported by the configuration file.
- You have two different versions of @playwright/test. This usually happens
  when one of the dependencies in your package.json depends on @playwright/test.
 Ã”Ã˜Â» TestTypeImpl._currentSuite node_modules/.pnpm/playwright@1.57.0/node_modules/playwright/lib/common/testType.js:75:13
 Ã”Ã˜Â» TestTypeImpl._describe node_modules/.pnpm/playwright@1.57.0/node_modules/playwright/lib/common/testType.js:115:24
 Ã”Ã˜Â» Function.describe node_modules/.pnpm/playwright@1.57.0/node_modules/playwright/lib/transform/transform.js:275:12
 Ã”Ã˜Â» tests/e2e/analysis.spec.ts:8:6
      6|  */
      7| 
      8| test.describe('Analysis Workflow', () => {
       |      ^
      9|   test.beforeEach(async ({ page }) => {
     10|     // Login before each test

Ã”Ã„Â»Ã”Ã„Â»Ã”Ã„Â»Ã”Ã„Â»Ã”Ã„Â»Ã”Ã„Â»Ã”Ã„Â»Ã”Ã„Â»Ã”Ã„Â»Ã”Ã„Â»Ã”Ã„Â»Ã”Ã„Â»Ã”Ã„Â»Ã”Ã„Â»Ã”Ã„Â»Ã”Ã„Â»Ã”Ã„Â»Ã”Ã„Â»Ã”Ã„Â»Ã”Ã„Â»Ã”Ã„Â»Ã”Ã„Â»Ã”Ã„Â»[1/21]Ã”Ã„Â»

 FAIL  tests/e2e/auth.spec.ts [ tests/e2e/auth.spec.ts ]
Error: Playwright Test did not expect test.describe() to be called here.
Most common reasons include:
- You are calling test.describe() in a configuration file.
- You are calling test.describe() in a file that is imported by the configuration file.
- You have two different versions of @playwright/test. This usually happens
  when one of the dependencies in your package.json depends on @playwright/test.
 Ã”Ã˜Â» TestTypeImpl._currentSuite node_modules/.pnpm/playwright@1.57.0/node_modules/playwright/lib/common/testType.js:75:13
 Ã”Ã˜Â» TestTypeImpl._describe node_modules/.pnpm/playwright@1.57.0/node_modules/playwright/lib/common/testType.js:115:24
 Ã”Ã˜Â» Function.describe node_modules/.pnpm/playwright@1.57.0/node_modules/playwright/lib/transform/transform.js:275:12
 Ã”Ã˜Â» tests/e2e/auth.spec.ts:8:6
      6|  */
      7| 
      8| test.describe('Authentication Flow', () => {
       |      ^
      9|   let testEmail: string;
     10|   let testPassword: string;

Ã”Ã„Â»Ã”Ã„Â»Ã”Ã„Â»Ã”Ã„Â»Ã”Ã„Â»Ã”Ã„Â»Ã”Ã„Â»Ã”Ã„Â»Ã”Ã„Â»Ã”Ã„Â»Ã”Ã„Â»Ã”Ã„Â»Ã”Ã„Â»Ã”Ã„Â»Ã”Ã„Â»Ã”Ã„Â»Ã”Ã„Â»Ã”Ã„Â»Ã”Ã„Â»Ã”Ã„Â»Ã”Ã„Â»Ã”Ã„Â»Ã”Ã„Â»[2/21]Ã”Ã„Â»

 FAIL  tests/e2e/autopilot.spec.ts [ tests/e2e/autopilot.spec.ts ]
Error: Playwright Test did not expect test.describe() to be called here.
Most common reasons include:
- You are calling test.describe() in a configuration file.
- You are calling test.describe() in a file that is imported by the configuration file.
- You have two different versions of @playwright/test. This usually happens
  when one of the dependencies in your package.json depends on @playwright/test.
 Ã”Ã˜Â» TestTypeImpl._currentSuite node_modules/.pnpm/playwright@1.57.0/node_modules/playwright/lib/common/testType.js:75:13
 Ã”Ã˜Â» TestTypeImpl._describe node_modules/.pnpm/playwright@1.57.0/node_modules/playwright/lib/common/testType.js:115:24
 Ã”Ã˜Â» Function.describe node_modules/.pnpm/playwright@1.57.0/node_modules/playwright/lib/transform/transform.js:275:12
 Ã”Ã˜Â» tests/e2e/autopilot.spec.ts:16:6
     14|  */
     15| 
     16| test.describe('Autopilot Dashboard - Runs List', () => {
       |      ^
     17|   test.beforeEach(async ({ page }) => {
     18|     await page.goto('/auth/signin');

Ã”Ã„Â»Ã”Ã„Â»Ã”Ã„Â»Ã”Ã„Â»Ã”Ã„Â»Ã”Ã„Â»Ã”Ã„Â»Ã”Ã„Â»Ã”Ã„Â»Ã”Ã„Â»Ã”Ã„Â»Ã”Ã„Â»Ã”Ã„Â»Ã”Ã„Â»Ã”Ã„Â»Ã”Ã„Â»Ã”Ã„Â»Ã”Ã„Â»Ã”Ã„Â»Ã”Ã„Â»Ã”Ã„Â»Ã”Ã„Â»Ã”Ã„Â»[3/21]Ã”Ã„Â»

 FAIL  tests/e2e/dashboard.spec.ts [ tests/e2e/dashboard.spec.ts ]
Error: Playwright Test did not expect test.describe() to be called here.
Most common reasons include:
- You are calling test.describe() in a configuration file.
- You are calling test.describe() in a file that is imported by the configuration file.
- You have two different versions of @playwright/test. This usually happens
  when one of the dependencies in your package.json depends on @playwright/test.
 Ã”Ã˜Â» TestTypeImpl._currentSuite node_modules/.pnpm/playwright@1.57.0/node_modules/playwright/lib/common/testType.js:75:13
 Ã”Ã˜Â» TestTypeImpl._describe node_modules/.pnpm/playwright@1.57.0/node_modules/playwright/lib/common/testType.js:115:24
 Ã”Ã˜Â» Function.describe node_modules/.pnpm/playwright@1.57.0/node_modules/playwright/lib/transform/transform.js:275:12
 Ã”Ã˜Â» tests/e2e/dashboard.spec.ts:8:6
      6|  */
      7| 
      8| test.describe('Dashboard Navigation', () => {
       |      ^
      9|   test.beforeEach(async ({ page }) => {
     10|     // Login before each test

Ã”Ã„Â»Ã”Ã„Â»Ã”Ã„Â»Ã”Ã„Â»Ã”Ã„Â»Ã”Ã„Â»Ã”Ã„Â»Ã”Ã„Â»Ã”Ã„Â»Ã”Ã„Â»Ã”Ã„Â»Ã”Ã„Â»Ã”Ã„Â»Ã”Ã„Â»Ã”Ã„Â»Ã”Ã„Â»Ã”Ã„Â»Ã”Ã„Â»Ã”Ã„Â»Ã”Ã„Â»Ã”Ã„Â»Ã”Ã„Â»Ã”Ã„Â»[4/21]Ã”Ã„Â»

 FAIL  tests/e2e/guardian.spec.ts [ tests/e2e/guardian.spec.ts ]
Error: Playwright Test did not expect test.describe() to be called here.
Most common reasons include:
- You are calling test.describe() in a configuration file.
- You are calling test.describe() in a file that is imported by the configuration file.
- You have two different versions of @playwright/test. This usually happens
  when one of the dependencies in your package.json depends on @playwright/test.
 Ã”Ã˜Â» TestTypeImpl._currentSuite node_modules/.pnpm/playwright@1.57.0/node_modules/playwright/lib/common/testType.js:75:13
 Ã”Ã˜Â» TestTypeImpl._describe node_modules/.pnpm/playwright@1.57.0/node_modules/playwright/lib/common/testType.js:115:24
 Ã”Ã˜Â» Function.describe node_modules/.pnpm/playwright@1.57.0/node_modules/playwright/lib/transform/transform.js:275:12
 Ã”Ã˜Â» tests/e2e/guardian.spec.ts:16:6
     14|  */
     15| 
     16| test.describe('Guardian Dashboard - Test Results', () => {
       |      ^
     17|   test.beforeEach(async ({ page }) => {
     18|     await page.goto('/auth/signin');

Ã”Ã„Â»Ã”Ã„Â»Ã”Ã„Â»Ã”Ã„Â»Ã”Ã„Â»Ã”Ã„Â»Ã”Ã„Â»Ã”Ã„Â»Ã”Ã„Â»Ã”Ã„Â»Ã”Ã„Â»Ã”Ã„Â»Ã”Ã„Â»Ã”Ã„Â»Ã”Ã„Â»Ã”Ã„Â»Ã”Ã„Â»Ã”Ã„Â»Ã”Ã„Â»Ã”Ã„Â»Ã”Ã„Â»Ã”Ã„Â»Ã”Ã„Â»[5/21]Ã”Ã„Â»

 FAIL  tests/e2e/insight.spec.ts [ tests/e2e/insight.spec.ts ]
Error: Playwright Test did not expect test.describe() to be called here.
Most common reasons include:
- You are calling test.describe() in a configuration file.
- You are calling test.describe() in a file that is imported by the configuration file.
- You have two different versions of @playwright/test. This usually happens
  when one of the dependencies in your package.json depends on @playwright/test.
 Ã”Ã˜Â» TestTypeImpl._currentSuite node_modules/.pnpm/playwright@1.57.0/node_modules/playwright/lib/common/testType.js:75:13
 Ã”Ã˜Â» TestTypeImpl._describe node_modules/.pnpm/playwright@1.57.0/node_modules/playwright/lib/common/testType.js:115:24
 Ã”Ã˜Â» Function.describe node_modules/.pnpm/playwright@1.57.0/node_modules/playwright/lib/transform/transform.js:275:12
 Ã”Ã˜Â» tests/e2e/insight.spec.ts:15:6
     13|  */
     14| 
     15| test.describe('Insight Dashboard - Issues List', () => {
       |      ^
     16|   test.beforeEach(async ({ page }) => {
     17|     // Login

Ã”Ã„Â»Ã”Ã„Â»Ã”Ã„Â»Ã”Ã„Â»Ã”Ã„Â»Ã”Ã„Â»Ã”Ã„Â»Ã”Ã„Â»Ã”Ã„Â»Ã”Ã„Â»Ã”Ã„Â»Ã”Ã„Â»Ã”Ã„Â»Ã”Ã„Â»Ã”Ã„Â»Ã”Ã„Â»Ã”Ã„Â»Ã”Ã„Â»Ã”Ã„Â»Ã”Ã„Â»Ã”Ã„Â»Ã”Ã„Â»Ã”Ã„Â»[6/21]Ã”Ã„Â»

 FAIL  tests/e2e/reports.spec.ts [ tests/e2e/reports.spec.ts ]
Error: Playwright Test did not expect test.describe() to be called here.
Most common reasons include:
- You are calling test.describe() in a configuration file.
- You are calling test.describe() in a file that is imported by the configuration file.
- You have two different versions of @playwright/test. This usually happens
  when one of the dependencies in your package.json depends on @playwright/test.
 Ã”Ã˜Â» TestTypeImpl._currentSuite node_modules/.pnpm/playwright@1.57.0/node_modules/playwright/lib/common/testType.js:75:13
 Ã”Ã˜Â» TestTypeImpl._describe node_modules/.pnpm/playwright@1.57.0/node_modules/playwright/lib/common/testType.js:115:24
 Ã”Ã˜Â» Function.describe node_modules/.pnpm/playwright@1.57.0/node_modules/playwright/lib/transform/transform.js:275:12
 Ã”Ã˜Â» tests/e2e/reports.spec.ts:8:6
      6|  */
      7| 
      8| test.describe('Report Generation', () => {
       |      ^
      9|   test.beforeEach(async ({ page }) => {
     10|     // Login before each test

Ã”Ã„Â»Ã”Ã„Â»Ã”Ã„Â»Ã”Ã„Â»Ã”Ã„Â»Ã”Ã„Â»Ã”Ã„Â»Ã”Ã„Â»Ã”Ã„Â»Ã”Ã„Â»Ã”Ã„Â»Ã”Ã„Â»Ã”Ã„Â»Ã”Ã„Â»Ã”Ã„Â»Ã”Ã„Â»Ã”Ã„Â»Ã”Ã„Â»Ã”Ã„Â»Ã”Ã„Â»Ã”Ã„Â»Ã”Ã„Â»Ã”Ã„Â»[7/21]Ã”Ã„Â»

 FAIL  tests/e2e/theme.spec.ts [ tests/e2e/theme.spec.ts ]
Error: Playwright Test did not expect test.describe() to be called here.
Most common reasons include:
- You are calling test.describe() in a configuration file.
- You are calling test.describe() in a file that is imported by the configuration file.
- You have two different versions of @playwright/test. This usually happens
  when one of the dependencies in your package.json depends on @playwright/test.
 Ã”Ã˜Â» TestTypeImpl._currentSuite node_modules/.pnpm/playwright@1.57.0/node_modules/playwright/lib/common/testType.js:75:13
 Ã”Ã˜Â» TestTypeImpl._describe node_modules/.pnpm/playwright@1.57.0/node_modules/playwright/lib/common/testType.js:115:24
 Ã”Ã˜Â» Function.describe node_modules/.pnpm/playwright@1.57.0/node_modules/playwright/lib/transform/transform.js:275:12
 Ã”Ã˜Â» tests/e2e/theme.spec.ts:8:6
      6|  */
      7| 
      8| test.describe('Theme and UI', () => {
       |      ^
      9|   test.beforeEach(async ({ page }) => {
     10|     // Login before each test

Ã”Ã„Â»Ã”Ã„Â»Ã”Ã„Â»Ã”Ã„Â»Ã”Ã„Â»Ã”Ã„Â»Ã”Ã„Â»Ã”Ã„Â»Ã”Ã„Â»Ã”Ã„Â»Ã”Ã„Â»Ã”Ã„Â»Ã”Ã„Â»Ã”Ã„Â»Ã”Ã„Â»Ã”Ã„Â»Ã”Ã„Â»Ã”Ã„Â»Ã”Ã„Â»Ã”Ã„Â»Ã”Ã„Â»Ã”Ã„Â»Ã”Ã„Â»[8/21]Ã”Ã„Â»

 FAIL  apps/studio-hub/tests/e2e/accessibility.spec.ts [ apps/studio-hub/tests/e2e/accessibility.spec.ts ]
Error: Playwright Test did not expect test.describe() to be called here.
Most common reasons include:
- You are calling test.describe() in a configuration file.
- You are calling test.describe() in a file that is imported by the configuration file.
- You have two different versions of @playwright/test. This usually happens
  when one of the dependencies in your package.json depends on @playwright/test.
 Ã”Ã˜Â» TestTypeImpl._currentSuite node_modules/.pnpm/playwright@1.57.0/node_modules/playwright/lib/common/testType.js:75:13
 Ã”Ã˜Â» TestTypeImpl._describe node_modules/.pnpm/playwright@1.57.0/node_modules/playwright/lib/common/testType.js:115:24
 Ã”Ã˜Â» Function.describe node_modules/.pnpm/playwright@1.57.0/node_modules/playwright/lib/transform/transform.js:275:12
 Ã”Ã˜Â» apps/studio-hub/tests/e2e/accessibility.spec.ts:4:6
      2| import AxeBuilder from '@axe-core/playwright';
      3| 
      4| test.describe('Accessibility', () => {
       |      ^
      5|   test('home page should not have accessibility violations', async ({ Ã”Ã‡Âª
      6|     await page.goto('/');

Ã”Ã„Â»Ã”Ã„Â»Ã”Ã„Â»Ã”Ã„Â»Ã”Ã„Â»Ã”Ã„Â»Ã”Ã„Â»Ã”Ã„Â»Ã”Ã„Â»Ã”Ã„Â»Ã”Ã„Â»Ã”Ã„Â»Ã”Ã„Â»Ã”Ã„Â»Ã”Ã„Â»Ã”Ã„Â»Ã”Ã„Â»Ã”Ã„Â»Ã”Ã„Â»Ã”Ã„Â»Ã”Ã„Â»Ã”Ã„Â»Ã”Ã„Â»[9/21]Ã”Ã„Â»

 FAIL  apps/studio-hub/tests/e2e/auth.spec.ts [ apps/studio-hub/tests/e2e/auth.spec.ts ]
Error: Playwright Test did not expect test.describe() to be called here.
Most common reasons include:
- You are calling test.describe() in a configuration file.
- You are calling test.describe() in a file that is imported by the configuration file.
- You have two different versions of @playwright/test. This usually happens
  when one of the dependencies in your package.json depends on @playwright/test.
 Ã”Ã˜Â» TestTypeImpl._currentSuite node_modules/.pnpm/playwright@1.57.0/node_modules/playwright/lib/common/testType.js:75:13
 Ã”Ã˜Â» TestTypeImpl._describe node_modules/.pnpm/playwright@1.57.0/node_modules/playwright/lib/common/testType.js:115:24
 Ã”Ã˜Â» Function.describe node_modules/.pnpm/playwright@1.57.0/node_modules/playwright/lib/transform/transform.js:275:12
 Ã”Ã˜Â» apps/studio-hub/tests/e2e/auth.spec.ts:3:6
      1| import { test, expect } from '@playwright/test';
      2| 
      3| test.describe('Authentication', () => {
       |      ^
      4|   test('should display sign-in page', async ({ page }) => {
      5|     await page.goto('/auth/signin');

Ã”Ã„Â»Ã”Ã„Â»Ã”Ã„Â»Ã”Ã„Â»Ã”Ã„Â»Ã”Ã„Â»Ã”Ã„Â»Ã”Ã„Â»Ã”Ã„Â»Ã”Ã„Â»Ã”Ã„Â»Ã”Ã„Â»Ã”Ã„Â»Ã”Ã„Â»Ã”Ã„Â»Ã”Ã„Â»Ã”Ã„Â»Ã”Ã„Â»Ã”Ã„Â»Ã”Ã„Â»Ã”Ã„Â»Ã”Ã„Â»[10/21]Ã”Ã„Â»

 FAIL  apps/studio-hub/tests/e2e/dashboard.spec.ts [ apps/studio-hub/tests/e2e/dashboard.spec.ts ]
Error: Playwright Test did not expect test.use() to be called here.
Most common reasons include:
- You are calling test.use() in a configuration file.
- You are calling test.use() in a file that is imported by the configuration file.
- You have two different versions of @playwright/test. This usually happens
  when one of the dependencies in your package.json depends on @playwright/test.
 Ã”Ã˜Â» TestTypeImpl._currentSuite node_modules/.pnpm/playwright@1.57.0/node_modules/playwright/lib/common/testType.js:75:13
 Ã”Ã˜Â» TestTypeImpl._use node_modules/.pnpm/playwright@1.57.0/node_modules/playwright/lib/common/testType.js:230:24
 Ã”Ã˜Â» Function.use node_modules/.pnpm/playwright@1.57.0/node_modules/playwright/lib/transform/transform.js:275:12
 Ã”Ã˜Â» apps/studio-hub/tests/e2e/dashboard.spec.ts:4:6
      2| 
      3| // Mock authentication for dashboard tests
      4| test.use({
       |      ^
      5|   storageState: 'tests/fixtures/auth.json', // Pre-authenticated state
      6| });

Ã”Ã„Â»Ã”Ã„Â»Ã”Ã„Â»Ã”Ã„Â»Ã”Ã„Â»Ã”Ã„Â»Ã”Ã„Â»Ã”Ã„Â»Ã”Ã„Â»Ã”Ã„Â»Ã”Ã„Â»Ã”Ã„Â»Ã”Ã„Â»Ã”Ã„Â»Ã”Ã„Â»Ã”Ã„Â»Ã”Ã„Â»Ã”Ã„Â»Ã”Ã„Â»Ã”Ã„Â»Ã”Ã„Â»Ã”Ã„Â»[11/21]Ã”Ã„Â»

 FAIL  apps/studio-hub/tests/e2e/i18n.spec.ts [ apps/studio-hub/tests/e2e/i18n.spec.ts ]
Error: Playwright Test did not expect test.describe() to be called here.
Most common reasons include:
- You are calling test.describe() in a configuration file.
- You are calling test.describe() in a file that is imported by the configuration file.
- You have two different versions of @playwright/test. This usually happens
  when one of the dependencies in your package.json depends on @playwright/test.
 Ã”Ã˜Â» TestTypeImpl._currentSuite node_modules/.pnpm/playwright@1.57.0/node_modules/playwright/lib/common/testType.js:75:13
 Ã”Ã˜Â» TestTypeImpl._describe node_modules/.pnpm/playwright@1.57.0/node_modules/playwright/lib/common/testType.js:115:24
 Ã”Ã˜Â» Function.describe node_modules/.pnpm/playwright@1.57.0/node_modules/playwright/lib/transform/transform.js:275:12
 Ã”Ã˜Â» apps/studio-hub/tests/e2e/i18n.spec.ts:3:6
      1| import { test, expect } from '@playwright/test';
      2| 
      3| test.describe('Internationalization', () => {
       |      ^
      4|   test('should default to English locale', async ({ page }) => {
      5|     await page.goto('/');

Ã”Ã„Â»Ã”Ã„Â»Ã”Ã„Â»Ã”Ã„Â»Ã”Ã„Â»Ã”Ã„Â»Ã”Ã„Â»Ã”Ã„Â»Ã”Ã„Â»Ã”Ã„Â»Ã”Ã„Â»Ã”Ã„Â»Ã”Ã„Â»Ã”Ã„Â»Ã”Ã„Â»Ã”Ã„Â»Ã”Ã„Â»Ã”Ã„Â»Ã”Ã„Â»Ã”Ã„Â»Ã”Ã„Â»Ã”Ã„Â»[12/21]Ã”Ã„Â»

 FAIL  apps/studio-hub/tests/e2e/visual-regression.spec.ts [ apps/studio-hub/tests/e2e/visual-regression.spec.ts ]
Error: Playwright Test did not expect test.describe() to be called here.
Most common reasons include:
- You are calling test.describe() in a configuration file.
- You are calling test.describe() in a file that is imported by the configuration file.
- You have two different versions of @playwright/test. This usually happens
  when one of the dependencies in your package.json depends on @playwright/test.
 Ã”Ã˜Â» TestTypeImpl._currentSuite node_modules/.pnpm/playwright@1.57.0/node_modules/playwright/lib/common/testType.js:75:13
 Ã”Ã˜Â» TestTypeImpl._describe node_modules/.pnpm/playwright@1.57.0/node_modules/playwright/lib/common/testType.js:115:24
 Ã”Ã˜Â» Function.describe node_modules/.pnpm/playwright@1.57.0/node_modules/playwright/lib/transform/transform.js:275:12
 Ã”Ã˜Â» apps/studio-hub/tests/e2e/visual-regression.spec.ts:4:6
      2| import percySnapshot from '@percy/playwright';
      3| 
      4| test.describe('Visual Regression', () => {
       |      ^
      5|   test('home page visual snapshot', async ({ page }) => {
      6|     await page.goto('/en');

Ã”Ã„Â»Ã”Ã„Â»Ã”Ã„Â»Ã”Ã„Â»Ã”Ã„Â»Ã”Ã„Â»Ã”Ã„Â»Ã”Ã„Â»Ã”Ã„Â»Ã”Ã„Â»Ã”Ã„Â»Ã”Ã„Â»Ã”Ã„Â»Ã”Ã„Â»Ã”Ã„Â»Ã”Ã„Â»Ã”Ã„Â»Ã”Ã„Â»Ã”Ã„Â»Ã”Ã„Â»Ã”Ã„Â»Ã”Ã„Â»[13/21]Ã”Ã„Â»

 FAIL  apps/studio-hub/tests/unit/components.test.tsx [ apps/studio-hub/tests/unit/components.test.tsx ]
Error: Cannot find package '@/components/language-switcher' imported from 'C:/Users/sabou/dev/odavl/apps/studio-hub/tests/unit/components.test.tsx'
 Ã”Ã˜Â» apps/studio-hub/tests/unit/components.test.tsx:3:1
      1| import { describe, it, expect } from 'vitest';
      2| import { render, screen } from '@testing-library/react';
      3| import { LanguageSwitcher } from '@/components/language-switcher';
       | ^
      4| 
      5| describe('LanguageSwitcher Component', () => {

Ã”Ã„Â»Ã”Ã„Â»Ã”Ã„Â»Ã”Ã„Â»Ã”Ã„Â»Ã”Ã„Â»Ã”Ã„Â»Ã”Ã„Â»Ã”Ã„Â»Ã”Ã„Â»Ã”Ã„Â»Ã”Ã„Â»Ã”Ã„Â»Ã”Ã„Â»Ã”Ã„Â»Ã”Ã„Â»Ã”Ã„Â»Ã”Ã„Â»Ã”Ã„Â»Ã”Ã„Â»Ã”Ã„Â»Ã”Ã„Â»Ã”Ã„Â»Ã”Ã„Â»Ã”Ã„Â»Ã”Ã„Â»Ã”Ã„Â»Ã”Ã„Â»Ã”Ã„Â»Ã”Ã„Â»
Serialized Error: { code: 'ERR_MODULE_NOT_FOUND' }
Ã”Ã„Â»Ã”Ã„Â»Ã”Ã„Â»Ã”Ã„Â»Ã”Ã„Â»Ã”Ã„Â»Ã”Ã„Â»Ã”Ã„Â»Ã”Ã„Â»Ã”Ã„Â»Ã”Ã„Â»Ã”Ã„Â»Ã”Ã„Â»Ã”Ã„Â»Ã”Ã„Â»Ã”Ã„Â»Ã”Ã„Â»Ã”Ã„Â»Ã”Ã„Â»Ã”Ã„Â»Ã”Ã„Â»Ã”Ã„Â»[14/21]Ã”Ã„Â»


Ã”Ã„Â»Ã”Ã„Â»Ã”Ã„Â»Ã”Ã„Â»Ã”Ã„Â»Ã”Ã„Â»Ã”Ã„Â» Failed Tests 7 Ã”Ã„Â»Ã”Ã„Â»Ã”Ã„Â»Ã”Ã„Â»Ã”Ã„Â»Ã”Ã„Â»Ã”Ã„Â»

 FAIL  tests/unit/governance/risk-budget.test.ts > RiskBudgetGuard > Risk Budget > should allow changes within risk budget
AssertionError: expected [Function] to not throw an error but 'Error: Exceeds max_files_per_cycle: 5Ã”Ã‡Âª' was thrown

- Expected: 
undefined

+ Received: 
"Error: Exceeds max_files_per_cycle: 50 > 10"

 Ã”Ã˜Â» tests/unit/governance/risk-budget.test.ts:160:47
    158|     it('should allow changes within risk budget', () => {
    159|       const files = Array(50).fill('src/utils/helper.ts');
    160|       expect(() => guard.validate(files)).not.toThrow();
       |                                               ^
    161|     });
    162| 

Ã”Ã„Â»Ã”Ã„Â»Ã”Ã„Â»Ã”Ã„Â»Ã”Ã„Â»Ã”Ã„Â»Ã”Ã„Â»Ã”Ã„Â»Ã”Ã„Â»Ã”Ã„Â»Ã”Ã„Â»Ã”Ã„Â»Ã”Ã„Â»Ã”Ã„Â»Ã”Ã„Â»Ã”Ã„Â»Ã”Ã„Â»Ã”Ã„Â»Ã”Ã„Â»Ã”Ã„Â»Ã”Ã„Â»Ã”Ã„Â»[15/21]Ã”Ã„Â»

 FAIL  tests/unit/governance/risk-budget.test.ts > RiskBudgetGuard > Risk Budget > should block when exceeding risk budget
AssertionError: expected [Function] to throw error matching /Exceeds risk_budget/ but got 'Exceeds max_files_per_cycle: 101 > 10'

- Expected: 
/Exceeds risk_budget/

+ Received: 
"Exceeds max_files_per_cycle: 101 > 10"

 Ã”Ã˜Â» tests/unit/governance/risk-budget.test.ts:165:43
    163|     it('should block when exceeding risk budget', () => {
    164|       const files = Array(101).fill('src/utils/helper.ts');
    165|       expect(() => guard.validate(files)).toThrow(/Exceeds risk_budgetÃ”Ã‡Âª
       |                                           ^
    166|     });
    167|   });

Ã”Ã„Â»Ã”Ã„Â»Ã”Ã„Â»Ã”Ã„Â»Ã”Ã„Â»Ã”Ã„Â»Ã”Ã„Â»Ã”Ã„Â»Ã”Ã„Â»Ã”Ã„Â»Ã”Ã„Â»Ã”Ã„Â»Ã”Ã„Â»Ã”Ã„Â»Ã”Ã„Â»Ã”Ã„Â»Ã”Ã„Â»Ã”Ã„Â»Ã”Ã„Â»Ã”Ã„Â»Ã”Ã„Â»Ã”Ã„Â»[16/21]Ã”Ã„Â»

 FAIL  apps/studio-cli/src/commands/__tests__/autopilot.test.ts > Autopilot Commands > runFullCycle > should execute all ODAVL phases and create directory
Error: Test timed out in 30000ms.
If this is a long-running test, pass a timeout value as the last argument or configure it globally with "testTimeout".
 Ã”Ã˜Â» apps/studio-cli/src/commands/__tests__/autopilot.test.ts:13:5
     11| 
     12|   describe('runFullCycle', () => {
     13|     it('should execute all ODAVL phases and create directory', async (Ã”Ã‡Âª
       |     ^
     14|       const mkdirSyncMock = vi.spyOn(fs, 'mkdirSync').mockReturnValue(Ã”Ã‡Âª
     15| 

Ã”Ã„Â»Ã”Ã„Â»Ã”Ã„Â»Ã”Ã„Â»Ã”Ã„Â»Ã”Ã„Â»Ã”Ã„Â»Ã”Ã„Â»Ã”Ã„Â»Ã”Ã„Â»Ã”Ã„Â»Ã”Ã„Â»Ã”Ã„Â»Ã”Ã„Â»Ã”Ã„Â»Ã”Ã„Â»Ã”Ã„Â»Ã”Ã„Â»Ã”Ã„Â»Ã”Ã„Â»Ã”Ã„Â»Ã”Ã„Â»[17/21]Ã”Ã„Â»

 FAIL  apps/studio-cli/src/commands/__tests__/autopilot.test.ts > Autopilot Commands > runFullCycle > should respect risk budget constraints
Error: Test timed out in 30000ms.
If this is a long-running test, pass a timeout value as the last argument or configure it globally with "testTimeout".
 Ã”Ã˜Â» apps/studio-cli/src/commands/__tests__/autopilot.test.ts:22:5
     20|     });
     21| 
     22|     it('should respect risk budget constraints', async () => {
       |     ^
     23|       await autopilotCommands.runFullCycle('5', '20');
     24| 

Ã”Ã„Â»Ã”Ã„Â»Ã”Ã„Â»Ã”Ã„Â»Ã”Ã„Â»Ã”Ã„Â»Ã”Ã„Â»Ã”Ã„Â»Ã”Ã„Â»Ã”Ã„Â»Ã”Ã„Â»Ã”Ã„Â»Ã”Ã„Â»Ã”Ã„Â»Ã”Ã„Â»Ã”Ã„Â»Ã”Ã„Â»Ã”Ã„Â»Ã”Ã„Â»Ã”Ã„Â»Ã”Ã„Â»Ã”Ã„Â»[18/21]Ã”Ã„Â»

 FAIL  apps/studio-cli/src/commands/__tests__/autopilot.test.ts > Autopilot Commands > runFullCycle > should create .odavl directory if it does not exist
Error: Test timed out in 30000ms.
If this is a long-running test, pass a timeout value as the last argument or configure it globally with "testTimeout".
 Ã”Ã˜Â» apps/studio-cli/src/commands/__tests__/autopilot.test.ts:29:5
     27|     });
     28| 
     29|     it('should create .odavl directory if it does not exist', async ()Ã”Ã‡Âª
       |     ^
     30|       const mkdirSyncMock = vi.spyOn(fs, 'mkdirSync').mockReturnValue(Ã”Ã‡Âª
     31|       const existsSyncMock = vi.spyOn(fs, 'existsSync').mockReturnValuÃ”Ã‡Âª

Ã”Ã„Â»Ã”Ã„Â»Ã”Ã„Â»Ã”Ã„Â»Ã”Ã„Â»Ã”Ã„Â»Ã”Ã„Â»Ã”Ã„Â»Ã”Ã„Â»Ã”Ã„Â»Ã”Ã„Â»Ã”Ã„Â»Ã”Ã„Â»Ã”Ã„Â»Ã”Ã„Â»Ã”Ã„Â»Ã”Ã„Â»Ã”Ã„Â»Ã”Ã„Â»Ã”Ã„Â»Ã”Ã„Â»Ã”Ã„Â»[19/21]Ã”Ã„Â»

 FAIL  apps/studio-cli/src/commands/__tests__/autopilot.test.ts > Autopilot Commands > runPhase > should execute individual phase
Error: Test timed out in 30000ms.
If this is a long-running test, pass a timeout value as the last argument or configure it globally with "testTimeout".
 Ã”Ã˜Â» apps/studio-cli/src/commands/__tests__/autopilot.test.ts:43:5
     41| 
     42|   describe('runPhase', () => {
     43|     it('should execute individual phase', async () => {
       |     ^
     44|       await autopilotCommands.runPhase('observe');
     45| 

Ã”Ã„Â»Ã”Ã„Â»Ã”Ã„Â»Ã”Ã„Â»Ã”Ã„Â»Ã”Ã„Â»Ã”Ã„Â»Ã”Ã„Â»Ã”Ã„Â»Ã”Ã„Â»Ã”Ã„Â»Ã”Ã„Â»Ã”Ã„Â»Ã”Ã„Â»Ã”Ã„Â»Ã”Ã„Â»Ã”Ã„Â»Ã”Ã„Â»Ã”Ã„Â»Ã”Ã„Â»Ã”Ã„Â»Ã”Ã„Â»[20/21]Ã”Ã„Â»

 FAIL  odavl-studio/insight/core/tests/detector/python/python-complexity-detector.test.ts > PythonComplexityDetector > Performance > should complete in reasonable time
AssertionError: expected 3170 to be less than 3000
 Ã”Ã˜Â» odavl-studio/insight/core/tests/detector/python/python-complexity-detector.test.ts:184:30
    182|             const duration = Date.now() - startTime;
    183|             
    184|             expect(duration).toBeLessThan(3000);
       |                              ^
    185|         }, 10000);
    186|     });

Ã”Ã„Â»Ã”Ã„Â»Ã”Ã„Â»Ã”Ã„Â»Ã”Ã„Â»Ã”Ã„Â»Ã”Ã„Â»Ã”Ã„Â»Ã”Ã„Â»Ã”Ã„Â»Ã”Ã„Â»Ã”Ã„Â»Ã”Ã„Â»Ã”Ã„Â»Ã”Ã„Â»Ã”Ã„Â»Ã”Ã„Â»Ã”Ã„Â»Ã”Ã„Â»Ã”Ã„Â»Ã”Ã„Â»Ã”Ã„Â»[21/21]Ã”Ã„Â»


[2m Test Files [22m [1m[31m17 failed[39m[22m[2m | [22m[1m[32m18 passed[39m[22m[90m (35)[39m
[2m      Tests [22m [1m[31m7 failed[39m[22m[2m | [22m[1m[32m443 passed[39m[22m[2m | [22m[33m12 skipped[39m[90m (462)[39m
[2m   Start at [22m 19:34:29
[2m   Duration [22m 254.95s[2m (transform 13.19s, setup 2.40s, import 13.14s, tests 538.25s, environment 13ms)[22m

JSON report written to C:/Users/sabou/dev/odavl/reports/test-results.json
Ã”Ã‡Ã«ELIFECYCLEÃ”Ã‡Ã« Test failed. See above for more details.
