{"C:\\Users\\sabou\\dev\\odavl\\apps\\cli\\src\\index.ts": {"path":"C:\\Users\\sabou\\dev\\odavl\\apps\\cli\\src\\index.ts","all":true,"statementMap":{"0":{"start":{"line":1,"column":0},"end":{"line":1,"column":19}},"2":{"start":{"line":3,"column":0},"end":{"line":3,"column":57}},"3":{"start":{"line":4,"column":0},"end":{"line":4,"column":30}},"4":{"start":{"line":5,"column":0},"end":{"line":5,"column":34}},"5":{"start":{"line":6,"column":0},"end":{"line":6,"column":27}},"6":{"start":{"line":7,"column":0},"end":{"line":7,"column":65}},"7":{"start":{"line":8,"column":0},"end":{"line":8,"column":56}},"17":{"start":{"line":18,"column":0},"end":{"line":18,"column":27}},"33":{"start":{"line":34,"column":0},"end":{"line":34,"column":27}},"34":{"start":{"line":35,"column":0},"end":{"line":35,"column":46}},"35":{"start":{"line":36,"column":0},"end":{"line":36,"column":43}},"36":{"start":{"line":37,"column":0},"end":{"line":37,"column":82}},"39":{"start":{"line":40,"column":0},"end":{"line":40,"column":51}},"50":{"start":{"line":51,"column":0},"end":{"line":51,"column":94}},"51":{"start":{"line":52,"column":0},"end":{"line":52,"column":19}},"52":{"start":{"line":53,"column":0},"end":{"line":53,"column":82}},"54":{"start":{"line":55,"column":0},"end":{"line":55,"column":29}},"55":{"start":{"line":56,"column":0},"end":{"line":56,"column":10}},"57":{"start":{"line":58,"column":0},"end":{"line":58,"column":41}},"58":{"start":{"line":59,"column":0},"end":{"line":59,"column":3}},"59":{"start":{"line":60,"column":0},"end":{"line":60,"column":1}},"68":{"start":{"line":69,"column":0},"end":{"line":69,"column":56}},"69":{"start":{"line":70,"column":0},"end":{"line":70,"column":7}},"70":{"start":{"line":71,"column":0},"end":{"line":71,"column":80}},"71":{"start":{"line":72,"column":0},"end":{"line":72,"column":28}},"72":{"start":{"line":73,"column":0},"end":{"line":73,"column":24}},"73":{"start":{"line":74,"column":0},"end":{"line":74,"column":64}},"74":{"start":{"line":75,"column":0},"end":{"line":75,"column":51}},"75":{"start":{"line":76,"column":0},"end":{"line":76,"column":51}},"76":{"start":{"line":77,"column":0},"end":{"line":77,"column":24}},"77":{"start":{"line":78,"column":0},"end":{"line":78,"column":3}},"78":{"start":{"line":79,"column":0},"end":{"line":79,"column":1}},"84":{"start":{"line":85,"column":0},"end":{"line":85,"column":23}},"85":{"start":{"line":86,"column":0},"end":{"line":86,"column":80}},"86":{"start":{"line":87,"column":0},"end":{"line":87,"column":76}},"87":{"start":{"line":88,"column":0},"end":{"line":88,"column":1}},"95":{"start":{"line":96,"column":0},"end":{"line":96,"column":35}},"96":{"start":{"line":97,"column":0},"end":{"line":97,"column":46}},"97":{"start":{"line":98,"column":0},"end":{"line":98,"column":28}},"98":{"start":{"line":99,"column":0},"end":{"line":99,"column":28}},"99":{"start":{"line":100,"column":0},"end":{"line":100,"column":43}},"100":{"start":{"line":101,"column":0},"end":{"line":101,"column":36}},"101":{"start":{"line":102,"column":0},"end":{"line":102,"column":88}},"102":{"start":{"line":103,"column":0},"end":{"line":103,"column":5}},"103":{"start":{"line":104,"column":0},"end":{"line":104,"column":3}},"104":{"start":{"line":105,"column":0},"end":{"line":105,"column":14}},"105":{"start":{"line":106,"column":0},"end":{"line":106,"column":1}},"115":{"start":{"line":116,"column":0},"end":{"line":116,"column":58}},"116":{"start":{"line":117,"column":0},"end":{"line":117,"column":62}},"117":{"start":{"line":118,"column":0},"end":{"line":118,"column":30}},"118":{"start":{"line":119,"column":0},"end":{"line":119,"column":33}},"119":{"start":{"line":120,"column":0},"end":{"line":120,"column":88}},"120":{"start":{"line":121,"column":0},"end":{"line":121,"column":3}},"121":{"start":{"line":122,"column":0},"end":{"line":122,"column":45}},"122":{"start":{"line":123,"column":0},"end":{"line":123,"column":81}},"123":{"start":{"line":124,"column":0},"end":{"line":124,"column":11}},"124":{"start":{"line":125,"column":0},"end":{"line":125,"column":27}},"125":{"start":{"line":126,"column":0},"end":{"line":126,"column":59}},"126":{"start":{"line":127,"column":0},"end":{"line":127,"column":60}},"127":{"start":{"line":128,"column":0},"end":{"line":128,"column":1}},"135":{"start":{"line":136,"column":0},"end":{"line":136,"column":29}},"136":{"start":{"line":137,"column":0},"end":{"line":137,"column":15}},"138":{"start":{"line":139,"column":0},"end":{"line":139,"column":20}},"139":{"start":{"line":140,"column":0},"end":{"line":140,"column":94}},"141":{"start":{"line":142,"column":0},"end":{"line":142,"column":9}},"143":{"start":{"line":144,"column":0},"end":{"line":144,"column":66}},"144":{"start":{"line":145,"column":0},"end":{"line":145,"column":60}},"145":{"start":{"line":146,"column":0},"end":{"line":146,"column":29}},"147":{"start":{"line":148,"column":0},"end":{"line":148,"column":11}},"148":{"start":{"line":149,"column":0},"end":{"line":149,"column":57}},"149":{"start":{"line":150,"column":0},"end":{"line":150,"column":36}},"150":{"start":{"line":151,"column":0},"end":{"line":151,"column":38}},"151":{"start":{"line":152,"column":0},"end":{"line":152,"column":52}},"152":{"start":{"line":153,"column":0},"end":{"line":153,"column":55}},"153":{"start":{"line":154,"column":0},"end":{"line":154,"column":13}},"154":{"start":{"line":155,"column":0},"end":{"line":155,"column":11}},"155":{"start":{"line":156,"column":0},"end":{"line":156,"column":9}},"156":{"start":{"line":157,"column":0},"end":{"line":157,"column":15}},"158":{"start":{"line":159,"column":0},"end":{"line":159,"column":7}},"161":{"start":{"line":162,"column":0},"end":{"line":162,"column":75}},"162":{"start":{"line":163,"column":0},"end":{"line":163,"column":70}},"163":{"start":{"line":164,"column":0},"end":{"line":164,"column":86}},"165":{"start":{"line":166,"column":0},"end":{"line":166,"column":99}},"166":{"start":{"line":167,"column":0},"end":{"line":167,"column":110}},"168":{"start":{"line":169,"column":0},"end":{"line":169,"column":70}},"169":{"start":{"line":170,"column":0},"end":{"line":170,"column":21}},"170":{"start":{"line":171,"column":0},"end":{"line":171,"column":21}},"171":{"start":{"line":172,"column":0},"end":{"line":172,"column":48}},"172":{"start":{"line":173,"column":0},"end":{"line":173,"column":18}},"173":{"start":{"line":174,"column":0},"end":{"line":174,"column":5}},"174":{"start":{"line":175,"column":0},"end":{"line":175,"column":10}},"176":{"start":{"line":177,"column":0},"end":{"line":177,"column":58}},"177":{"start":{"line":178,"column":0},"end":{"line":178,"column":27}},"178":{"start":{"line":179,"column":0},"end":{"line":179,"column":9}},"179":{"start":{"line":180,"column":0},"end":{"line":180,"column":55}},"180":{"start":{"line":181,"column":0},"end":{"line":181,"column":34}},"181":{"start":{"line":182,"column":0},"end":{"line":182,"column":36}},"182":{"start":{"line":183,"column":0},"end":{"line":183,"column":50}},"183":{"start":{"line":184,"column":0},"end":{"line":184,"column":53}},"184":{"start":{"line":185,"column":0},"end":{"line":185,"column":11}},"185":{"start":{"line":186,"column":0},"end":{"line":186,"column":9}},"186":{"start":{"line":187,"column":0},"end":{"line":187,"column":7}},"187":{"start":{"line":188,"column":0},"end":{"line":188,"column":13}},"189":{"start":{"line":190,"column":0},"end":{"line":190,"column":5}},"191":{"start":{"line":192,"column":0},"end":{"line":192,"column":68}},"192":{"start":{"line":193,"column":0},"end":{"line":193,"column":84}},"194":{"start":{"line":195,"column":0},"end":{"line":195,"column":97}},"195":{"start":{"line":196,"column":0},"end":{"line":196,"column":108}},"196":{"start":{"line":197,"column":0},"end":{"line":197,"column":19}},"197":{"start":{"line":198,"column":0},"end":{"line":198,"column":3}},"198":{"start":{"line":199,"column":0},"end":{"line":199,"column":1}},"207":{"start":{"line":208,"column":0},"end":{"line":208,"column":37}},"209":{"start":{"line":210,"column":0},"end":{"line":210,"column":79}},"210":{"start":{"line":211,"column":0},"end":{"line":211,"column":73}},"212":{"start":{"line":213,"column":0},"end":{"line":213,"column":26}},"214":{"start":{"line":215,"column":0},"end":{"line":215,"column":9}},"215":{"start":{"line":216,"column":0},"end":{"line":216,"column":102}},"217":{"start":{"line":218,"column":0},"end":{"line":218,"column":21}},"218":{"start":{"line":219,"column":0},"end":{"line":219,"column":72}},"219":{"start":{"line":220,"column":0},"end":{"line":220,"column":5}},"220":{"start":{"line":221,"column":0},"end":{"line":221,"column":3}},"223":{"start":{"line":224,"column":0},"end":{"line":224,"column":34}},"224":{"start":{"line":225,"column":0},"end":{"line":225,"column":15}},"225":{"start":{"line":226,"column":0},"end":{"line":226,"column":22}},"226":{"start":{"line":227,"column":0},"end":{"line":227,"column":15}},"227":{"start":{"line":228,"column":0},"end":{"line":228,"column":12}},"228":{"start":{"line":229,"column":0},"end":{"line":229,"column":4}},"230":{"start":{"line":231,"column":0},"end":{"line":231,"column":49}},"231":{"start":{"line":232,"column":0},"end":{"line":232,"column":53}},"233":{"start":{"line":234,"column":0},"end":{"line":234,"column":24}},"234":{"start":{"line":235,"column":0},"end":{"line":235,"column":60}},"235":{"start":{"line":236,"column":0},"end":{"line":236,"column":18}},"236":{"start":{"line":237,"column":0},"end":{"line":237,"column":3}},"238":{"start":{"line":239,"column":0},"end":{"line":239,"column":109}},"239":{"start":{"line":240,"column":0},"end":{"line":240,"column":34}},"240":{"start":{"line":241,"column":0},"end":{"line":241,"column":1}},"249":{"start":{"line":250,"column":0},"end":{"line":250,"column":61}},"250":{"start":{"line":251,"column":0},"end":{"line":251,"column":7}},"251":{"start":{"line":252,"column":0},"end":{"line":252,"column":74}},"254":{"start":{"line":255,"column":0},"end":{"line":255,"column":97}},"255":{"start":{"line":256,"column":0},"end":{"line":256,"column":58}},"258":{"start":{"line":259,"column":0},"end":{"line":259,"column":26}},"259":{"start":{"line":260,"column":0},"end":{"line":260,"column":39}},"260":{"start":{"line":261,"column":0},"end":{"line":261,"column":36}},"261":{"start":{"line":262,"column":0},"end":{"line":262,"column":6}},"264":{"start":{"line":265,"column":0},"end":{"line":265,"column":65}},"267":{"start":{"line":268,"column":0},"end":{"line":268,"column":51}},"270":{"start":{"line":271,"column":0},"end":{"line":271,"column":34}},"271":{"start":{"line":272,"column":0},"end":{"line":272,"column":97}},"272":{"start":{"line":273,"column":0},"end":{"line":273,"column":93}},"273":{"start":{"line":274,"column":0},"end":{"line":274,"column":98}},"274":{"start":{"line":275,"column":0},"end":{"line":275,"column":22}},"275":{"start":{"line":276,"column":0},"end":{"line":276,"column":7}},"276":{"start":{"line":277,"column":0},"end":{"line":277,"column":5}},"279":{"start":{"line":280,"column":0},"end":{"line":280,"column":32}},"280":{"start":{"line":281,"column":0},"end":{"line":281,"column":76}},"281":{"start":{"line":282,"column":0},"end":{"line":282,"column":20}},"282":{"start":{"line":283,"column":0},"end":{"line":283,"column":5}},"284":{"start":{"line":285,"column":0},"end":{"line":285,"column":34}},"286":{"start":{"line":287,"column":0},"end":{"line":287,"column":19}},"287":{"start":{"line":288,"column":0},"end":{"line":288,"column":100}},"290":{"start":{"line":291,"column":0},"end":{"line":291,"column":36}},"291":{"start":{"line":292,"column":0},"end":{"line":292,"column":17}},"292":{"start":{"line":293,"column":0},"end":{"line":293,"column":24}},"293":{"start":{"line":294,"column":0},"end":{"line":294,"column":17}},"294":{"start":{"line":295,"column":0},"end":{"line":295,"column":14}},"295":{"start":{"line":296,"column":0},"end":{"line":296,"column":6}},"297":{"start":{"line":298,"column":0},"end":{"line":298,"column":51}},"298":{"start":{"line":299,"column":0},"end":{"line":299,"column":55}},"300":{"start":{"line":301,"column":0},"end":{"line":301,"column":26}},"301":{"start":{"line":302,"column":0},"end":{"line":302,"column":20}},"302":{"start":{"line":303,"column":0},"end":{"line":303,"column":5}},"304":{"start":{"line":305,"column":0},"end":{"line":305,"column":36}},"305":{"start":{"line":306,"column":0},"end":{"line":306,"column":3}},"306":{"start":{"line":307,"column":0},"end":{"line":307,"column":1}},"314":{"start":{"line":315,"column":0},"end":{"line":315,"column":38}},"315":{"start":{"line":316,"column":0},"end":{"line":316,"column":28}},"316":{"start":{"line":317,"column":0},"end":{"line":317,"column":53}},"317":{"start":{"line":318,"column":0},"end":{"line":318,"column":11}},"318":{"start":{"line":319,"column":0},"end":{"line":319,"column":3}},"320":{"start":{"line":321,"column":0},"end":{"line":321,"column":34}},"321":{"start":{"line":322,"column":0},"end":{"line":322,"column":68}},"322":{"start":{"line":323,"column":0},"end":{"line":323,"column":22}},"323":{"start":{"line":324,"column":0},"end":{"line":324,"column":15}},"324":{"start":{"line":325,"column":0},"end":{"line":325,"column":12}},"325":{"start":{"line":326,"column":0},"end":{"line":326,"column":4}},"327":{"start":{"line":328,"column":0},"end":{"line":328,"column":49}},"328":{"start":{"line":329,"column":0},"end":{"line":329,"column":53}},"330":{"start":{"line":331,"column":0},"end":{"line":331,"column":65}},"331":{"start":{"line":332,"column":0},"end":{"line":332,"column":77}},"332":{"start":{"line":333,"column":0},"end":{"line":333,"column":11}},"333":{"start":{"line":334,"column":0},"end":{"line":334,"column":3}},"335":{"start":{"line":336,"column":0},"end":{"line":336,"column":77}},"337":{"start":{"line":338,"column":0},"end":{"line":338,"column":7}},"338":{"start":{"line":339,"column":0},"end":{"line":339,"column":68}},"340":{"start":{"line":341,"column":0},"end":{"line":341,"column":25}},"341":{"start":{"line":342,"column":0},"end":{"line":342,"column":49}},"342":{"start":{"line":343,"column":0},"end":{"line":343,"column":12}},"343":{"start":{"line":344,"column":0},"end":{"line":344,"column":77}},"344":{"start":{"line":345,"column":0},"end":{"line":345,"column":5}},"345":{"start":{"line":346,"column":0},"end":{"line":346,"column":19}},"346":{"start":{"line":347,"column":0},"end":{"line":347,"column":114}},"347":{"start":{"line":348,"column":0},"end":{"line":348,"column":3}},"348":{"start":{"line":349,"column":0},"end":{"line":349,"column":1}},"357":{"start":{"line":358,"column":0},"end":{"line":358,"column":123}},"358":{"start":{"line":359,"column":0},"end":{"line":359,"column":53}},"359":{"start":{"line":360,"column":0},"end":{"line":360,"column":26}},"360":{"start":{"line":361,"column":0},"end":{"line":361,"column":33}},"361":{"start":{"line":362,"column":0},"end":{"line":362,"column":89}},"362":{"start":{"line":363,"column":0},"end":{"line":363,"column":3}},"364":{"start":{"line":365,"column":0},"end":{"line":365,"column":34}},"365":{"start":{"line":366,"column":0},"end":{"line":366,"column":33}},"366":{"start":{"line":367,"column":0},"end":{"line":367,"column":78}},"367":{"start":{"line":368,"column":0},"end":{"line":368,"column":76}},"368":{"start":{"line":369,"column":0},"end":{"line":369,"column":3}},"369":{"start":{"line":370,"column":0},"end":{"line":370,"column":85}},"370":{"start":{"line":371,"column":0},"end":{"line":371,"column":84}},"371":{"start":{"line":372,"column":0},"end":{"line":372,"column":3}},"373":{"start":{"line":374,"column":0},"end":{"line":374,"column":41}},"374":{"start":{"line":375,"column":0},"end":{"line":375,"column":134}},"375":{"start":{"line":376,"column":0},"end":{"line":376,"column":39}},"376":{"start":{"line":377,"column":0},"end":{"line":377,"column":1}},"385":{"start":{"line":386,"column":0},"end":{"line":386,"column":135}},"386":{"start":{"line":387,"column":0},"end":{"line":387,"column":26}},"387":{"start":{"line":388,"column":0},"end":{"line":388,"column":18}},"388":{"start":{"line":389,"column":0},"end":{"line":389,"column":57}},"389":{"start":{"line":390,"column":0},"end":{"line":390,"column":47}},"390":{"start":{"line":391,"column":0},"end":{"line":391,"column":4}},"392":{"start":{"line":393,"column":0},"end":{"line":393,"column":41}},"393":{"start":{"line":394,"column":0},"end":{"line":394,"column":22}},"394":{"start":{"line":395,"column":0},"end":{"line":395,"column":68}},"395":{"start":{"line":396,"column":0},"end":{"line":396,"column":106}},"396":{"start":{"line":397,"column":0},"end":{"line":397,"column":18}},"397":{"start":{"line":398,"column":0},"end":{"line":398,"column":3}},"399":{"start":{"line":400,"column":0},"end":{"line":400,"column":41}},"400":{"start":{"line":401,"column":0},"end":{"line":401,"column":94}},"401":{"start":{"line":402,"column":0},"end":{"line":402,"column":104}},"402":{"start":{"line":403,"column":0},"end":{"line":403,"column":16}},"403":{"start":{"line":404,"column":0},"end":{"line":404,"column":1}},"412":{"start":{"line":413,"column":0},"end":{"line":413,"column":35}},"413":{"start":{"line":414,"column":0},"end":{"line":414,"column":71}},"414":{"start":{"line":415,"column":0},"end":{"line":415,"column":40}},"415":{"start":{"line":416,"column":0},"end":{"line":416,"column":55}},"416":{"start":{"line":417,"column":0},"end":{"line":417,"column":26}},"417":{"start":{"line":418,"column":0},"end":{"line":418,"column":32}},"418":{"start":{"line":419,"column":0},"end":{"line":419,"column":87}},"419":{"start":{"line":420,"column":0},"end":{"line":420,"column":3}},"420":{"start":{"line":421,"column":0},"end":{"line":421,"column":65}},"421":{"start":{"line":422,"column":0},"end":{"line":422,"column":59}},"422":{"start":{"line":423,"column":0},"end":{"line":423,"column":51}},"423":{"start":{"line":424,"column":0},"end":{"line":424,"column":1}},"431":{"start":{"line":432,"column":0},"end":{"line":432,"column":46}},"432":{"start":{"line":433,"column":0},"end":{"line":433,"column":52}},"433":{"start":{"line":434,"column":0},"end":{"line":434,"column":72}},"434":{"start":{"line":435,"column":0},"end":{"line":435,"column":101}},"435":{"start":{"line":436,"column":0},"end":{"line":436,"column":19}},"436":{"start":{"line":437,"column":0},"end":{"line":437,"column":45}},"437":{"start":{"line":438,"column":0},"end":{"line":438,"column":40}},"438":{"start":{"line":439,"column":0},"end":{"line":439,"column":28}},"439":{"start":{"line":440,"column":0},"end":{"line":440,"column":26}},"440":{"start":{"line":441,"column":0},"end":{"line":441,"column":33}},"441":{"start":{"line":442,"column":0},"end":{"line":442,"column":24}},"442":{"start":{"line":443,"column":0},"end":{"line":443,"column":66}},"443":{"start":{"line":444,"column":0},"end":{"line":444,"column":4}},"444":{"start":{"line":445,"column":0},"end":{"line":445,"column":59}},"445":{"start":{"line":446,"column":0},"end":{"line":446,"column":87}},"446":{"start":{"line":447,"column":0},"end":{"line":447,"column":53}},"447":{"start":{"line":448,"column":0},"end":{"line":448,"column":1}},"455":{"start":{"line":456,"column":0},"end":{"line":456,"column":37}},"456":{"start":{"line":457,"column":0},"end":{"line":457,"column":50}},"457":{"start":{"line":458,"column":0},"end":{"line":458,"column":78}},"458":{"start":{"line":459,"column":0},"end":{"line":459,"column":63}},"459":{"start":{"line":460,"column":0},"end":{"line":460,"column":7}},"460":{"start":{"line":461,"column":0},"end":{"line":461,"column":18}},"461":{"start":{"line":462,"column":0},"end":{"line":462,"column":22}},"462":{"start":{"line":463,"column":0},"end":{"line":463,"column":26}},"463":{"start":{"line":464,"column":0},"end":{"line":464,"column":6}},"464":{"start":{"line":465,"column":0},"end":{"line":465,"column":29}},"465":{"start":{"line":466,"column":0},"end":{"line":466,"column":35}},"466":{"start":{"line":467,"column":0},"end":{"line":467,"column":88}},"467":{"start":{"line":468,"column":0},"end":{"line":468,"column":61}},"468":{"start":{"line":469,"column":0},"end":{"line":469,"column":5}},"469":{"start":{"line":470,"column":0},"end":{"line":470,"column":85}},"470":{"start":{"line":471,"column":0},"end":{"line":471,"column":48}},"471":{"start":{"line":472,"column":0},"end":{"line":472,"column":16}},"472":{"start":{"line":473,"column":0},"end":{"line":473,"column":17}},"473":{"start":{"line":474,"column":0},"end":{"line":474,"column":93}},"474":{"start":{"line":475,"column":0},"end":{"line":475,"column":50}},"475":{"start":{"line":476,"column":0},"end":{"line":476,"column":17}},"476":{"start":{"line":477,"column":0},"end":{"line":477,"column":3}},"477":{"start":{"line":478,"column":0},"end":{"line":478,"column":1}},"479":{"start":{"line":480,"column":0},"end":{"line":480,"column":53}},"480":{"start":{"line":481,"column":0},"end":{"line":481,"column":46}},"481":{"start":{"line":482,"column":0},"end":{"line":482,"column":74}},"482":{"start":{"line":483,"column":0},"end":{"line":483,"column":16}},"483":{"start":{"line":484,"column":0},"end":{"line":484,"column":40}},"484":{"start":{"line":485,"column":0},"end":{"line":485,"column":18}},"485":{"start":{"line":486,"column":0},"end":{"line":486,"column":45}},"486":{"start":{"line":487,"column":0},"end":{"line":487,"column":4}},"487":{"start":{"line":488,"column":0},"end":{"line":488,"column":34}},"488":{"start":{"line":489,"column":0},"end":{"line":489,"column":72}},"489":{"start":{"line":490,"column":0},"end":{"line":490,"column":3}},"490":{"start":{"line":491,"column":0},"end":{"line":491,"column":61}},"491":{"start":{"line":492,"column":0},"end":{"line":492,"column":56}},"492":{"start":{"line":493,"column":0},"end":{"line":493,"column":85}},"493":{"start":{"line":494,"column":0},"end":{"line":494,"column":46}},"494":{"start":{"line":495,"column":0},"end":{"line":495,"column":1}},"496":{"start":{"line":497,"column":0},"end":{"line":497,"column":21}},"497":{"start":{"line":498,"column":0},"end":{"line":498,"column":46}},"498":{"start":{"line":499,"column":0},"end":{"line":499,"column":51}},"499":{"start":{"line":500,"column":0},"end":{"line":500,"column":83}},"500":{"start":{"line":501,"column":0},"end":{"line":501,"column":59}},"501":{"start":{"line":502,"column":0},"end":{"line":502,"column":57}},"502":{"start":{"line":503,"column":0},"end":{"line":503,"column":56}},"503":{"start":{"line":504,"column":0},"end":{"line":504,"column":3}},"504":{"start":{"line":505,"column":0},"end":{"line":505,"column":85}},"505":{"start":{"line":506,"column":0},"end":{"line":506,"column":1}},"512":{"start":{"line":513,"column":0},"end":{"line":513,"column":27}},"513":{"start":{"line":514,"column":0},"end":{"line":514,"column":20}},"514":{"start":{"line":515,"column":0},"end":{"line":515,"column":84}},"515":{"start":{"line":516,"column":0},"end":{"line":516,"column":3}},"517":{"start":{"line":518,"column":0},"end":{"line":518,"column":38}},"518":{"start":{"line":519,"column":0},"end":{"line":519,"column":57}},"521":{"start":{"line":522,"column":0},"end":{"line":522,"column":41}},"522":{"start":{"line":523,"column":0},"end":{"line":523,"column":27}},"523":{"start":{"line":524,"column":0},"end":{"line":524,"column":55}},"524":{"start":{"line":525,"column":0},"end":{"line":525,"column":88}},"527":{"start":{"line":528,"column":0},"end":{"line":528,"column":40}},"528":{"start":{"line":529,"column":0},"end":{"line":529,"column":34}},"529":{"start":{"line":530,"column":0},"end":{"line":530,"column":53}},"530":{"start":{"line":531,"column":0},"end":{"line":531,"column":73}},"533":{"start":{"line":534,"column":0},"end":{"line":534,"column":37}},"534":{"start":{"line":535,"column":0},"end":{"line":535,"column":22}},"535":{"start":{"line":536,"column":0},"end":{"line":536,"column":47}},"536":{"start":{"line":537,"column":0},"end":{"line":537,"column":65}},"539":{"start":{"line":540,"column":0},"end":{"line":540,"column":40}},"540":{"start":{"line":541,"column":0},"end":{"line":541,"column":63}},"541":{"start":{"line":542,"column":0},"end":{"line":542,"column":53}},"542":{"start":{"line":543,"column":0},"end":{"line":543,"column":131}},"545":{"start":{"line":546,"column":0},"end":{"line":546,"column":50}},"546":{"start":{"line":547,"column":0},"end":{"line":547,"column":23}},"547":{"start":{"line":548,"column":0},"end":{"line":548,"column":37}},"548":{"start":{"line":549,"column":0},"end":{"line":549,"column":13}},"549":{"start":{"line":550,"column":0},"end":{"line":550,"column":39}},"550":{"start":{"line":551,"column":0},"end":{"line":551,"column":37}},"551":{"start":{"line":552,"column":0},"end":{"line":552,"column":31}},"552":{"start":{"line":553,"column":0},"end":{"line":553,"column":36}},"553":{"start":{"line":554,"column":0},"end":{"line":554,"column":6}},"554":{"start":{"line":555,"column":0},"end":{"line":555,"column":39}},"555":{"start":{"line":556,"column":0},"end":{"line":556,"column":4}},"558":{"start":{"line":559,"column":0},"end":{"line":559,"column":68}},"559":{"start":{"line":560,"column":0},"end":{"line":560,"column":67}},"561":{"start":{"line":562,"column":0},"end":{"line":562,"column":84}},"562":{"start":{"line":563,"column":0},"end":{"line":563,"column":66}},"563":{"start":{"line":564,"column":0},"end":{"line":564,"column":61}},"564":{"start":{"line":565,"column":0},"end":{"line":565,"column":16}},"567":{"start":{"line":568,"column":0},"end":{"line":568,"column":39}},"568":{"start":{"line":569,"column":0},"end":{"line":569,"column":7}},"569":{"start":{"line":570,"column":0},"end":{"line":570,"column":64}},"570":{"start":{"line":571,"column":0},"end":{"line":571,"column":38}},"571":{"start":{"line":572,"column":0},"end":{"line":572,"column":53}},"572":{"start":{"line":573,"column":0},"end":{"line":573,"column":79}},"573":{"start":{"line":574,"column":0},"end":{"line":574,"column":19}},"574":{"start":{"line":575,"column":0},"end":{"line":575,"column":53}},"575":{"start":{"line":576,"column":0},"end":{"line":576,"column":145}},"576":{"start":{"line":577,"column":0},"end":{"line":577,"column":3}},"578":{"start":{"line":579,"column":0},"end":{"line":579,"column":51}},"579":{"start":{"line":580,"column":0},"end":{"line":580,"column":20}},"580":{"start":{"line":581,"column":0},"end":{"line":581,"column":117}},"581":{"start":{"line":582,"column":0},"end":{"line":582,"column":72}},"582":{"start":{"line":583,"column":0},"end":{"line":583,"column":3}},"583":{"start":{"line":584,"column":0},"end":{"line":584,"column":132}},"584":{"start":{"line":585,"column":0},"end":{"line":585,"column":1}},"590":{"start":{"line":591,"column":0},"end":{"line":591,"column":28}},"591":{"start":{"line":592,"column":0},"end":{"line":592,"column":86}},"593":{"start":{"line":594,"column":0},"end":{"line":594,"column":7}},"594":{"start":{"line":595,"column":0},"end":{"line":595,"column":57}},"597":{"start":{"line":598,"column":0},"end":{"line":598,"column":94}},"598":{"start":{"line":599,"column":0},"end":{"line":599,"column":77}},"601":{"start":{"line":602,"column":0},"end":{"line":602,"column":76}},"602":{"start":{"line":603,"column":0},"end":{"line":603,"column":57}},"603":{"start":{"line":604,"column":0},"end":{"line":604,"column":25}},"604":{"start":{"line":605,"column":0},"end":{"line":605,"column":25}},"605":{"start":{"line":606,"column":0},"end":{"line":606,"column":45}},"606":{"start":{"line":607,"column":0},"end":{"line":607,"column":9}},"608":{"start":{"line":609,"column":0},"end":{"line":609,"column":29}},"609":{"start":{"line":610,"column":0},"end":{"line":610,"column":91}},"610":{"start":{"line":611,"column":0},"end":{"line":611,"column":7}},"613":{"start":{"line":614,"column":0},"end":{"line":614,"column":24}},"614":{"start":{"line":615,"column":0},"end":{"line":615,"column":63}},"615":{"start":{"line":616,"column":0},"end":{"line":616,"column":81}},"618":{"start":{"line":619,"column":0},"end":{"line":619,"column":54}},"619":{"start":{"line":620,"column":0},"end":{"line":620,"column":64}},"620":{"start":{"line":621,"column":0},"end":{"line":621,"column":64}},"621":{"start":{"line":622,"column":0},"end":{"line":622,"column":72}},"622":{"start":{"line":623,"column":0},"end":{"line":623,"column":15}},"624":{"start":{"line":625,"column":0},"end":{"line":625,"column":12}},"626":{"start":{"line":627,"column":0},"end":{"line":627,"column":84}},"627":{"start":{"line":628,"column":0},"end":{"line":628,"column":25}},"628":{"start":{"line":629,"column":0},"end":{"line":629,"column":5}},"629":{"start":{"line":630,"column":0},"end":{"line":630,"column":19}},"630":{"start":{"line":631,"column":0},"end":{"line":631,"column":74}},"631":{"start":{"line":632,"column":0},"end":{"line":632,"column":67}},"632":{"start":{"line":633,"column":0},"end":{"line":633,"column":23}},"633":{"start":{"line":634,"column":0},"end":{"line":634,"column":3}},"634":{"start":{"line":635,"column":0},"end":{"line":635,"column":1}},"639":{"start":{"line":640,"column":0},"end":{"line":640,"column":29}},"640":{"start":{"line":641,"column":0},"end":{"line":641,"column":37}},"641":{"start":{"line":642,"column":0},"end":{"line":642,"column":57}},"642":{"start":{"line":643,"column":0},"end":{"line":643,"column":30}},"644":{"start":{"line":645,"column":0},"end":{"line":645,"column":7}},"646":{"start":{"line":647,"column":0},"end":{"line":647,"column":64}},"647":{"start":{"line":648,"column":0},"end":{"line":648,"column":51}},"650":{"start":{"line":651,"column":0},"end":{"line":651,"column":44}},"651":{"start":{"line":652,"column":0},"end":{"line":652,"column":69}},"652":{"start":{"line":653,"column":0},"end":{"line":653,"column":81}},"653":{"start":{"line":654,"column":0},"end":{"line":654,"column":93}},"654":{"start":{"line":655,"column":0},"end":{"line":655,"column":150}},"657":{"start":{"line":658,"column":0},"end":{"line":658,"column":39}},"658":{"start":{"line":659,"column":0},"end":{"line":659,"column":49}},"659":{"start":{"line":660,"column":0},"end":{"line":660,"column":73}},"660":{"start":{"line":661,"column":0},"end":{"line":661,"column":34}},"661":{"start":{"line":662,"column":0},"end":{"line":662,"column":50}},"662":{"start":{"line":663,"column":0},"end":{"line":663,"column":69}},"663":{"start":{"line":664,"column":0},"end":{"line":664,"column":69}},"664":{"start":{"line":665,"column":0},"end":{"line":665,"column":63}},"665":{"start":{"line":666,"column":0},"end":{"line":666,"column":139}},"666":{"start":{"line":667,"column":0},"end":{"line":667,"column":9}},"667":{"start":{"line":668,"column":0},"end":{"line":668,"column":5}},"670":{"start":{"line":671,"column":0},"end":{"line":671,"column":53}},"671":{"start":{"line":672,"column":0},"end":{"line":672,"column":29}},"672":{"start":{"line":673,"column":0},"end":{"line":673,"column":45}},"673":{"start":{"line":674,"column":0},"end":{"line":674,"column":83}},"674":{"start":{"line":675,"column":0},"end":{"line":675,"column":19}},"675":{"start":{"line":676,"column":0},"end":{"line":676,"column":20}},"676":{"start":{"line":677,"column":0},"end":{"line":677,"column":28}},"677":{"start":{"line":678,"column":0},"end":{"line":678,"column":125}},"678":{"start":{"line":679,"column":0},"end":{"line":679,"column":70}},"679":{"start":{"line":680,"column":0},"end":{"line":680,"column":129}},"680":{"start":{"line":681,"column":0},"end":{"line":681,"column":11}},"681":{"start":{"line":682,"column":0},"end":{"line":682,"column":5}},"684":{"start":{"line":685,"column":0},"end":{"line":685,"column":46}},"685":{"start":{"line":686,"column":0},"end":{"line":686,"column":56}},"686":{"start":{"line":687,"column":0},"end":{"line":687,"column":62}},"687":{"start":{"line":688,"column":0},"end":{"line":688,"column":33}},"688":{"start":{"line":689,"column":0},"end":{"line":689,"column":68}},"689":{"start":{"line":690,"column":0},"end":{"line":690,"column":58}},"690":{"start":{"line":691,"column":0},"end":{"line":691,"column":56}},"691":{"start":{"line":692,"column":0},"end":{"line":692,"column":58}},"692":{"start":{"line":693,"column":0},"end":{"line":693,"column":138}},"693":{"start":{"line":694,"column":0},"end":{"line":694,"column":126}},"694":{"start":{"line":695,"column":0},"end":{"line":695,"column":9}},"695":{"start":{"line":696,"column":0},"end":{"line":696,"column":5}},"698":{"start":{"line":699,"column":0},"end":{"line":699,"column":37}},"699":{"start":{"line":700,"column":0},"end":{"line":700,"column":88}},"700":{"start":{"line":701,"column":0},"end":{"line":701,"column":67}},"701":{"start":{"line":702,"column":0},"end":{"line":702,"column":152}},"703":{"start":{"line":704,"column":0},"end":{"line":704,"column":19}},"705":{"start":{"line":706,"column":0},"end":{"line":706,"column":113}},"706":{"start":{"line":707,"column":0},"end":{"line":707,"column":58}},"708":{"start":{"line":709,"column":0},"end":{"line":709,"column":60}},"709":{"start":{"line":710,"column":0},"end":{"line":710,"column":64}},"712":{"start":{"line":713,"column":0},"end":{"line":713,"column":37}},"713":{"start":{"line":714,"column":0},"end":{"line":714,"column":72}},"714":{"start":{"line":715,"column":0},"end":{"line":715,"column":97}},"715":{"start":{"line":716,"column":0},"end":{"line":716,"column":100}},"717":{"start":{"line":718,"column":0},"end":{"line":718,"column":55}},"718":{"start":{"line":719,"column":0},"end":{"line":719,"column":93}},"720":{"start":{"line":721,"column":0},"end":{"line":721,"column":39}},"721":{"start":{"line":722,"column":0},"end":{"line":722,"column":51}},"722":{"start":{"line":723,"column":0},"end":{"line":723,"column":84}},"723":{"start":{"line":724,"column":0},"end":{"line":724,"column":47}},"724":{"start":{"line":725,"column":0},"end":{"line":725,"column":59}},"725":{"start":{"line":726,"column":0},"end":{"line":726,"column":62}},"726":{"start":{"line":727,"column":0},"end":{"line":727,"column":9}},"727":{"start":{"line":728,"column":0},"end":{"line":728,"column":5}},"730":{"start":{"line":731,"column":0},"end":{"line":731,"column":35}},"731":{"start":{"line":732,"column":0},"end":{"line":732,"column":68}},"732":{"start":{"line":733,"column":0},"end":{"line":733,"column":55}},"733":{"start":{"line":734,"column":0},"end":{"line":734,"column":46}},"734":{"start":{"line":735,"column":0},"end":{"line":735,"column":61}},"735":{"start":{"line":736,"column":0},"end":{"line":736,"column":111}},"736":{"start":{"line":737,"column":0},"end":{"line":737,"column":101}},"737":{"start":{"line":738,"column":0},"end":{"line":738,"column":9}},"738":{"start":{"line":739,"column":0},"end":{"line":739,"column":5}},"739":{"start":{"line":740,"column":0},"end":{"line":740,"column":3}},"741":{"start":{"line":742,"column":0},"end":{"line":742,"column":83}},"742":{"start":{"line":743,"column":0},"end":{"line":743,"column":85}},"743":{"start":{"line":744,"column":0},"end":{"line":744,"column":37}},"744":{"start":{"line":745,"column":0},"end":{"line":745,"column":1}},"746":{"start":{"line":747,"column":0},"end":{"line":747,"column":23}},"747":{"start":{"line":748,"column":0},"end":{"line":748,"column":40}},"749":{"start":{"line":750,"column":0},"end":{"line":750,"column":7}},"750":{"start":{"line":751,"column":0},"end":{"line":751,"column":28}},"751":{"start":{"line":752,"column":0},"end":{"line":752,"column":35}},"752":{"start":{"line":753,"column":0},"end":{"line":753,"column":34}},"753":{"start":{"line":754,"column":0},"end":{"line":754,"column":34}},"754":{"start":{"line":755,"column":0},"end":{"line":755,"column":31}},"755":{"start":{"line":756,"column":0},"end":{"line":756,"column":31}},"756":{"start":{"line":757,"column":0},"end":{"line":757,"column":34}},"757":{"start":{"line":758,"column":0},"end":{"line":758,"column":34}},"758":{"start":{"line":759,"column":0},"end":{"line":759,"column":31}},"759":{"start":{"line":760,"column":0},"end":{"line":760,"column":23}},"760":{"start":{"line":761,"column":0},"end":{"line":761,"column":32}},"761":{"start":{"line":762,"column":0},"end":{"line":762,"column":17}},"762":{"start":{"line":763,"column":0},"end":{"line":763,"column":37}},"763":{"start":{"line":764,"column":0},"end":{"line":764,"column":24}},"764":{"start":{"line":765,"column":0},"end":{"line":765,"column":34}},"765":{"start":{"line":766,"column":0},"end":{"line":766,"column":34}},"766":{"start":{"line":767,"column":0},"end":{"line":767,"column":12}},"767":{"start":{"line":768,"column":0},"end":{"line":768,"column":17}},"768":{"start":{"line":769,"column":0},"end":{"line":769,"column":5}},"769":{"start":{"line":770,"column":0},"end":{"line":770,"column":19}},"770":{"start":{"line":771,"column":0},"end":{"line":771,"column":80}},"771":{"start":{"line":772,"column":0},"end":{"line":772,"column":29}},"772":{"start":{"line":773,"column":0},"end":{"line":773,"column":65}},"773":{"start":{"line":774,"column":0},"end":{"line":774,"column":58}},"774":{"start":{"line":775,"column":0},"end":{"line":775,"column":61}},"775":{"start":{"line":776,"column":0},"end":{"line":776,"column":68}},"776":{"start":{"line":777,"column":0},"end":{"line":777,"column":7}},"777":{"start":{"line":778,"column":0},"end":{"line":778,"column":20}},"778":{"start":{"line":779,"column":0},"end":{"line":779,"column":3}},"779":{"start":{"line":780,"column":0},"end":{"line":780,"column":1}},"781":{"start":{"line":782,"column":0},"end":{"line":782,"column":39}},"782":{"start":{"line":783,"column":0},"end":{"line":783,"column":28}},"783":{"start":{"line":784,"column":0},"end":{"line":784,"column":19}},"784":{"start":{"line":785,"column":0},"end":{"line":785,"column":50}},"785":{"start":{"line":786,"column":0},"end":{"line":786,"column":10}},"786":{"start":{"line":787,"column":0},"end":{"line":787,"column":67}},"787":{"start":{"line":788,"column":0},"end":{"line":788,"column":3}},"788":{"start":{"line":789,"column":0},"end":{"line":789,"column":1}},"790":{"start":{"line":791,"column":0},"end":{"line":791,"column":38}},"791":{"start":{"line":792,"column":0},"end":{"line":792,"column":37}},"792":{"start":{"line":793,"column":0},"end":{"line":793,"column":19}},"793":{"start":{"line":794,"column":0},"end":{"line":794,"column":55}},"794":{"start":{"line":795,"column":0},"end":{"line":795,"column":10}},"795":{"start":{"line":796,"column":0},"end":{"line":796,"column":41}},"796":{"start":{"line":797,"column":0},"end":{"line":797,"column":3}},"797":{"start":{"line":798,"column":0},"end":{"line":798,"column":1}},"799":{"start":{"line":800,"column":0},"end":{"line":800,"column":35}},"800":{"start":{"line":801,"column":0},"end":{"line":801,"column":31}},"801":{"start":{"line":802,"column":0},"end":{"line":802,"column":20}},"802":{"start":{"line":803,"column":0},"end":{"line":803,"column":39}},"803":{"start":{"line":804,"column":0},"end":{"line":804,"column":3}},"804":{"start":{"line":805,"column":0},"end":{"line":805,"column":1}},"806":{"start":{"line":807,"column":0},"end":{"line":807,"column":38}},"807":{"start":{"line":808,"column":0},"end":{"line":808,"column":41}},"808":{"start":{"line":809,"column":0},"end":{"line":809,"column":19}},"809":{"start":{"line":810,"column":0},"end":{"line":810,"column":55}},"810":{"start":{"line":811,"column":0},"end":{"line":811,"column":10}},"811":{"start":{"line":812,"column":0},"end":{"line":812,"column":123}},"812":{"start":{"line":813,"column":0},"end":{"line":813,"column":3}},"813":{"start":{"line":814,"column":0},"end":{"line":814,"column":1}},"815":{"start":{"line":816,"column":0},"end":{"line":816,"column":38}},"816":{"start":{"line":817,"column":0},"end":{"line":817,"column":43}},"817":{"start":{"line":818,"column":0},"end":{"line":818,"column":37}},"819":{"start":{"line":820,"column":0},"end":{"line":820,"column":53}},"820":{"start":{"line":821,"column":0},"end":{"line":821,"column":40}},"821":{"start":{"line":822,"column":0},"end":{"line":822,"column":61}},"822":{"start":{"line":823,"column":0},"end":{"line":823,"column":56}},"823":{"start":{"line":824,"column":0},"end":{"line":824,"column":7}},"824":{"start":{"line":825,"column":0},"end":{"line":825,"column":20}},"825":{"start":{"line":826,"column":0},"end":{"line":826,"column":3}},"827":{"start":{"line":828,"column":0},"end":{"line":828,"column":62}},"828":{"start":{"line":829,"column":0},"end":{"line":829,"column":94}},"830":{"start":{"line":831,"column":0},"end":{"line":831,"column":19}},"831":{"start":{"line":832,"column":0},"end":{"line":832,"column":59}},"832":{"start":{"line":833,"column":0},"end":{"line":833,"column":10}},"833":{"start":{"line":834,"column":0},"end":{"line":834,"column":66}},"834":{"start":{"line":835,"column":0},"end":{"line":835,"column":3}},"835":{"start":{"line":836,"column":0},"end":{"line":836,"column":1}},"837":{"start":{"line":838,"column":0},"end":{"line":838,"column":23}},"838":{"start":{"line":839,"column":0},"end":{"line":839,"column":92}},"839":{"start":{"line":840,"column":0},"end":{"line":840,"column":18}},"840":{"start":{"line":841,"column":0},"end":{"line":841,"column":3}}},"s":{"0":0,"2":0,"3":0,"4":0,"5":0,"6":0,"7":0,"17":0,"33":0,"34":0,"35":0,"36":0,"39":0,"50":0,"51":0,"52":0,"54":0,"55":0,"57":0,"58":0,"59":0,"68":0,"69":0,"70":0,"71":0,"72":0,"73":0,"74":0,"75":0,"76":0,"77":0,"78":0,"84":0,"85":0,"86":0,"87":0,"95":0,"96":0,"97":0,"98":0,"99":0,"100":0,"101":0,"102":0,"103":0,"104":0,"105":0,"115":0,"116":0,"117":0,"118":0,"119":0,"120":0,"121":0,"122":0,"123":0,"124":0,"125":0,"126":0,"127":0,"135":0,"136":0,"138":0,"139":0,"141":0,"143":0,"144":0,"145":0,"147":0,"148":0,"149":0,"150":0,"151":0,"152":0,"153":0,"154":0,"155":0,"156":0,"158":0,"161":0,"162":0,"163":0,"165":0,"166":0,"168":0,"169":0,"170":0,"171":0,"172":0,"173":0,"174":0,"176":0,"177":0,"178":0,"179":0,"180":0,"181":0,"182":0,"183":0,"184":0,"185":0,"186":0,"187":0,"189":0,"191":0,"192":0,"194":0,"195":0,"196":0,"197":0,"198":0,"207":0,"209":0,"210":0,"212":0,"214":0,"215":0,"217":0,"218":0,"219":0,"220":0,"223":0,"224":0,"225":0,"226":0,"227":0,"228":0,"230":0,"231":0,"233":0,"234":0,"235":0,"236":0,"238":0,"239":0,"240":0,"249":0,"250":0,"251":0,"254":0,"255":0,"258":0,"259":0,"260":0,"261":0,"264":0,"267":0,"270":0,"271":0,"272":0,"273":0,"274":0,"275":0,"276":0,"279":0,"280":0,"281":0,"282":0,"284":0,"286":0,"287":0,"290":0,"291":0,"292":0,"293":0,"294":0,"295":0,"297":0,"298":0,"300":0,"301":0,"302":0,"304":0,"305":0,"306":0,"314":0,"315":0,"316":0,"317":0,"318":0,"320":0,"321":0,"322":0,"323":0,"324":0,"325":0,"327":0,"328":0,"330":0,"331":0,"332":0,"333":0,"335":0,"337":0,"338":0,"340":0,"341":0,"342":0,"343":0,"344":0,"345":0,"346":0,"347":0,"348":0,"357":0,"358":0,"359":0,"360":0,"361":0,"362":0,"364":0,"365":0,"366":0,"367":0,"368":0,"369":0,"370":0,"371":0,"373":0,"374":0,"375":0,"376":0,"385":0,"386":0,"387":0,"388":0,"389":0,"390":0,"392":0,"393":0,"394":0,"395":0,"396":0,"397":0,"399":0,"400":0,"401":0,"402":0,"403":0,"412":0,"413":0,"414":0,"415":0,"416":0,"417":0,"418":0,"419":0,"420":0,"421":0,"422":0,"423":0,"431":0,"432":0,"433":0,"434":0,"435":0,"436":0,"437":0,"438":0,"439":0,"440":0,"441":0,"442":0,"443":0,"444":0,"445":0,"446":0,"447":0,"455":0,"456":0,"457":0,"458":0,"459":0,"460":0,"461":0,"462":0,"463":0,"464":0,"465":0,"466":0,"467":0,"468":0,"469":0,"470":0,"471":0,"472":0,"473":0,"474":0,"475":0,"476":0,"477":0,"479":0,"480":0,"481":0,"482":0,"483":0,"484":0,"485":0,"486":0,"487":0,"488":0,"489":0,"490":0,"491":0,"492":0,"493":0,"494":0,"496":0,"497":0,"498":0,"499":0,"500":0,"501":0,"502":0,"503":0,"504":0,"505":0,"512":0,"513":0,"514":0,"515":0,"517":0,"518":0,"521":0,"522":0,"523":0,"524":0,"527":0,"528":0,"529":0,"530":0,"533":0,"534":0,"535":0,"536":0,"539":0,"540":0,"541":0,"542":0,"545":0,"546":0,"547":0,"548":0,"549":0,"550":0,"551":0,"552":0,"553":0,"554":0,"555":0,"558":0,"559":0,"561":0,"562":0,"563":0,"564":0,"567":0,"568":0,"569":0,"570":0,"571":0,"572":0,"573":0,"574":0,"575":0,"576":0,"578":0,"579":0,"580":0,"581":0,"582":0,"583":0,"584":0,"590":0,"591":0,"593":0,"594":0,"597":0,"598":0,"601":0,"602":0,"603":0,"604":0,"605":0,"606":0,"608":0,"609":0,"610":0,"613":0,"614":0,"615":0,"618":0,"619":0,"620":0,"621":0,"622":0,"624":0,"626":0,"627":0,"628":0,"629":0,"630":0,"631":0,"632":0,"633":0,"634":0,"639":0,"640":0,"641":0,"642":0,"644":0,"646":0,"647":0,"650":0,"651":0,"652":0,"653":0,"654":0,"657":0,"658":0,"659":0,"660":0,"661":0,"662":0,"663":0,"664":0,"665":0,"666":0,"667":0,"670":0,"671":0,"672":0,"673":0,"674":0,"675":0,"676":0,"677":0,"678":0,"679":0,"680":0,"681":0,"684":0,"685":0,"686":0,"687":0,"688":0,"689":0,"690":0,"691":0,"692":0,"693":0,"694":0,"695":0,"698":0,"699":0,"700":0,"701":0,"703":0,"705":0,"706":0,"708":0,"709":0,"712":0,"713":0,"714":0,"715":0,"717":0,"718":0,"720":0,"721":0,"722":0,"723":0,"724":0,"725":0,"726":0,"727":0,"730":0,"731":0,"732":0,"733":0,"734":0,"735":0,"736":0,"737":0,"738":0,"739":0,"741":0,"742":0,"743":0,"744":0,"746":0,"747":0,"749":0,"750":0,"751":0,"752":0,"753":0,"754":0,"755":0,"756":0,"757":0,"758":0,"759":0,"760":0,"761":0,"762":0,"763":0,"764":0,"765":0,"766":0,"767":0,"768":0,"769":0,"770":0,"771":0,"772":0,"773":0,"774":0,"775":0,"776":0,"777":0,"778":0,"779":0,"781":0,"782":0,"783":0,"784":0,"785":0,"786":0,"787":0,"788":0,"790":0,"791":0,"792":0,"793":0,"794":0,"795":0,"796":0,"797":0,"799":0,"800":0,"801":0,"802":0,"803":0,"804":0,"806":0,"807":0,"808":0,"809":0,"810":0,"811":0,"812":0,"813":0,"815":0,"816":0,"817":0,"819":0,"820":0,"821":0,"822":0,"823":0,"824":0,"825":0,"827":0,"828":0,"830":0,"831":0,"832":0,"833":0,"834":0,"835":0,"837":0,"838":0,"839":0,"840":0},"branchMap":{"0":{"type":"branch","line":1,"loc":{"start":{"line":1,"column":32786},"end":{"line":841,"column":3}},"locations":[{"start":{"line":1,"column":32786},"end":{"line":841,"column":3}}]}},"b":{"0":[0]},"fnMap":{"0":{"name":"(empty-report)","decl":{"start":{"line":1,"column":32786},"end":{"line":841,"column":3}},"loc":{"start":{"line":1,"column":32786},"end":{"line":841,"column":3}},"line":1}},"f":{"0":0}}
,"C:\\Users\\sabou\\dev\\odavl\\apps\\cli\\src\\analytics\\engine.ts": {"path":"C:\\Users\\sabou\\dev\\odavl\\apps\\cli\\src\\analytics\\engine.ts","all":true,"statementMap":{"0":{"start":{"line":1,"column":0},"end":{"line":1,"column":3}},"16":{"start":{"line":17,"column":0},"end":{"line":17,"column":30}},"17":{"start":{"line":18,"column":0},"end":{"line":18,"column":34}},"18":{"start":{"line":19,"column":0},"end":{"line":19,"column":29}},"19":{"start":{"line":20,"column":0},"end":{"line":20,"column":31}},"20":{"start":{"line":21,"column":0},"end":{"line":21,"column":30}},"22":{"start":{"line":23,"column":0},"end":{"line":23,"column":53}},"23":{"start":{"line":24,"column":0},"end":{"line":24,"column":33}},"24":{"start":{"line":25,"column":0},"end":{"line":25,"column":57}},"25":{"start":{"line":26,"column":0},"end":{"line":26,"column":70}},"28":{"start":{"line":29,"column":0},"end":{"line":29,"column":44}},"31":{"start":{"line":32,"column":0},"end":{"line":32,"column":44}},"32":{"start":{"line":33,"column":0},"end":{"line":33,"column":59}},"33":{"start":{"line":34,"column":0},"end":{"line":34,"column":5}},"34":{"start":{"line":35,"column":0},"end":{"line":35,"column":3}},"36":{"start":{"line":37,"column":0},"end":{"line":37,"column":57}},"37":{"start":{"line":38,"column":0},"end":{"line":38,"column":68}},"39":{"start":{"line":40,"column":0},"end":{"line":40,"column":44}},"40":{"start":{"line":41,"column":0},"end":{"line":41,"column":20}},"41":{"start":{"line":42,"column":0},"end":{"line":42,"column":24}},"42":{"start":{"line":43,"column":0},"end":{"line":43,"column":69}},"43":{"start":{"line":44,"column":0},"end":{"line":44,"column":28}},"44":{"start":{"line":45,"column":0},"end":{"line":45,"column":34}},"45":{"start":{"line":46,"column":0},"end":{"line":46,"column":37}},"46":{"start":{"line":47,"column":0},"end":{"line":47,"column":24}},"47":{"start":{"line":48,"column":0},"end":{"line":48,"column":27}},"48":{"start":{"line":49,"column":0},"end":{"line":49,"column":42}},"49":{"start":{"line":50,"column":0},"end":{"line":50,"column":27}},"50":{"start":{"line":51,"column":0},"end":{"line":51,"column":7}},"51":{"start":{"line":52,"column":0},"end":{"line":52,"column":6}},"53":{"start":{"line":54,"column":0},"end":{"line":54,"column":36}},"54":{"start":{"line":55,"column":0},"end":{"line":55,"column":11}},"55":{"start":{"line":56,"column":0},"end":{"line":56,"column":75}},"56":{"start":{"line":57,"column":0},"end":{"line":57,"column":51}},"57":{"start":{"line":58,"column":0},"end":{"line":58,"column":23}},"58":{"start":{"line":59,"column":0},"end":{"line":59,"column":115}},"59":{"start":{"line":60,"column":0},"end":{"line":60,"column":7}},"60":{"start":{"line":61,"column":0},"end":{"line":61,"column":5}},"63":{"start":{"line":64,"column":0},"end":{"line":64,"column":73}},"64":{"start":{"line":65,"column":0},"end":{"line":65,"column":25}},"65":{"start":{"line":66,"column":0},"end":{"line":66,"column":3}},"70":{"start":{"line":71,"column":0},"end":{"line":71,"column":49}},"71":{"start":{"line":72,"column":0},"end":{"line":72,"column":37}},"73":{"start":{"line":74,"column":0},"end":{"line":74,"column":9}},"75":{"start":{"line":76,"column":0},"end":{"line":76,"column":52}},"78":{"start":{"line":79,"column":0},"end":{"line":79,"column":77}},"80":{"start":{"line":81,"column":0},"end":{"line":81,"column":36}},"81":{"start":{"line":82,"column":0},"end":{"line":82,"column":41}},"82":{"start":{"line":83,"column":0},"end":{"line":83,"column":7}},"85":{"start":{"line":86,"column":0},"end":{"line":86,"column":44}},"88":{"start":{"line":89,"column":0},"end":{"line":89,"column":47}},"91":{"start":{"line":92,"column":0},"end":{"line":92,"column":56}},"94":{"start":{"line":95,"column":0},"end":{"line":95,"column":54}},"97":{"start":{"line":98,"column":0},"end":{"line":98,"column":36}},"100":{"start":{"line":101,"column":0},"end":{"line":101,"column":43}},"103":{"start":{"line":104,"column":0},"end":{"line":104,"column":55}},"106":{"start":{"line":107,"column":0},"end":{"line":107,"column":43}},"108":{"start":{"line":109,"column":0},"end":{"line":109,"column":84}},"110":{"start":{"line":111,"column":0},"end":{"line":111,"column":21}},"111":{"start":{"line":112,"column":0},"end":{"line":112,"column":109}},"112":{"start":{"line":113,"column":0},"end":{"line":113,"column":5}},"113":{"start":{"line":114,"column":0},"end":{"line":114,"column":3}},"115":{"start":{"line":116,"column":0},"end":{"line":116,"column":52}},"116":{"start":{"line":117,"column":0},"end":{"line":117,"column":42}},"117":{"start":{"line":118,"column":0},"end":{"line":118,"column":11}},"118":{"start":{"line":119,"column":0},"end":{"line":119,"column":69}},"119":{"start":{"line":120,"column":0},"end":{"line":120,"column":23}},"120":{"start":{"line":121,"column":0},"end":{"line":121,"column":116}},"121":{"start":{"line":122,"column":0},"end":{"line":122,"column":7}},"122":{"start":{"line":123,"column":0},"end":{"line":123,"column":5}},"125":{"start":{"line":126,"column":0},"end":{"line":126,"column":12}},"126":{"start":{"line":127,"column":0},"end":{"line":127,"column":23}},"127":{"start":{"line":128,"column":0},"end":{"line":128,"column":46}},"128":{"start":{"line":129,"column":0},"end":{"line":129,"column":24}},"129":{"start":{"line":130,"column":0},"end":{"line":130,"column":47}},"130":{"start":{"line":131,"column":0},"end":{"line":131,"column":33}},"131":{"start":{"line":132,"column":0},"end":{"line":132,"column":61}},"132":{"start":{"line":133,"column":0},"end":{"line":133,"column":8}},"133":{"start":{"line":134,"column":0},"end":{"line":134,"column":16}},"134":{"start":{"line":135,"column":0},"end":{"line":135,"column":23}},"135":{"start":{"line":136,"column":0},"end":{"line":136,"column":23}},"136":{"start":{"line":137,"column":0},"end":{"line":137,"column":24}},"137":{"start":{"line":138,"column":0},"end":{"line":138,"column":23}},"138":{"start":{"line":139,"column":0},"end":{"line":139,"column":29}},"139":{"start":{"line":140,"column":0},"end":{"line":140,"column":8}},"140":{"start":{"line":141,"column":0},"end":{"line":141,"column":18}},"141":{"start":{"line":142,"column":0},"end":{"line":142,"column":15}},"142":{"start":{"line":143,"column":0},"end":{"line":143,"column":50}},"143":{"start":{"line":144,"column":0},"end":{"line":144,"column":48}},"144":{"start":{"line":145,"column":0},"end":{"line":145,"column":50}},"145":{"start":{"line":146,"column":0},"end":{"line":146,"column":51}},"146":{"start":{"line":147,"column":0},"end":{"line":147,"column":8}},"147":{"start":{"line":148,"column":0},"end":{"line":148,"column":18}},"148":{"start":{"line":149,"column":0},"end":{"line":149,"column":24}},"149":{"start":{"line":150,"column":0},"end":{"line":150,"column":6}},"150":{"start":{"line":151,"column":0},"end":{"line":151,"column":3}},"152":{"start":{"line":153,"column":0},"end":{"line":153,"column":85}},"153":{"start":{"line":154,"column":0},"end":{"line":154,"column":43}},"154":{"start":{"line":155,"column":0},"end":{"line":155,"column":49}},"157":{"start":{"line":158,"column":0},"end":{"line":158,"column":52}},"158":{"start":{"line":159,"column":0},"end":{"line":159,"column":72}},"159":{"start":{"line":160,"column":0},"end":{"line":160,"column":14}},"161":{"start":{"line":162,"column":0},"end":{"line":162,"column":34}},"162":{"start":{"line":163,"column":0},"end":{"line":163,"column":11}},"163":{"start":{"line":164,"column":0},"end":{"line":164,"column":58}},"164":{"start":{"line":165,"column":0},"end":{"line":165,"column":43}},"166":{"start":{"line":167,"column":0},"end":{"line":167,"column":51}},"168":{"start":{"line":169,"column":0},"end":{"line":169,"column":70}},"171":{"start":{"line":172,"column":0},"end":{"line":172,"column":86}},"172":{"start":{"line":173,"column":0},"end":{"line":173,"column":66}},"174":{"start":{"line":175,"column":0},"end":{"line":175,"column":45}},"175":{"start":{"line":176,"column":0},"end":{"line":176,"column":15}},"176":{"start":{"line":177,"column":0},"end":{"line":177,"column":82}},"177":{"start":{"line":178,"column":0},"end":{"line":178,"column":47}},"178":{"start":{"line":179,"column":0},"end":{"line":179,"column":19}},"180":{"start":{"line":181,"column":0},"end":{"line":181,"column":11}},"181":{"start":{"line":182,"column":0},"end":{"line":182,"column":9}},"183":{"start":{"line":184,"column":0},"end":{"line":184,"column":42}},"184":{"start":{"line":185,"column":0},"end":{"line":185,"column":74}},"185":{"start":{"line":186,"column":0},"end":{"line":186,"column":61}},"186":{"start":{"line":187,"column":0},"end":{"line":187,"column":53}},"187":{"start":{"line":188,"column":0},"end":{"line":188,"column":96}},"188":{"start":{"line":189,"column":0},"end":{"line":189,"column":50}},"189":{"start":{"line":190,"column":0},"end":{"line":190,"column":48}},"190":{"start":{"line":191,"column":0},"end":{"line":191,"column":52}},"191":{"start":{"line":192,"column":0},"end":{"line":192,"column":16}},"192":{"start":{"line":193,"column":0},"end":{"line":193,"column":10}},"194":{"start":{"line":195,"column":0},"end":{"line":195,"column":29}},"196":{"start":{"line":197,"column":0},"end":{"line":197,"column":23}},"197":{"start":{"line":198,"column":0},"end":{"line":198,"column":118}},"198":{"start":{"line":199,"column":0},"end":{"line":199,"column":7}},"199":{"start":{"line":200,"column":0},"end":{"line":200,"column":5}},"201":{"start":{"line":202,"column":0},"end":{"line":202,"column":19}},"202":{"start":{"line":203,"column":0},"end":{"line":203,"column":3}},"204":{"start":{"line":205,"column":0},"end":{"line":205,"column":91}},"208":{"start":{"line":209,"column":0},"end":{"line":209,"column":63}},"211":{"start":{"line":212,"column":0},"end":{"line":212,"column":61}},"212":{"start":{"line":213,"column":0},"end":{"line":213,"column":67}},"213":{"start":{"line":214,"column":0},"end":{"line":214,"column":35}},"214":{"start":{"line":215,"column":0},"end":{"line":215,"column":34}},"215":{"start":{"line":216,"column":0},"end":{"line":216,"column":7}},"216":{"start":{"line":217,"column":0},"end":{"line":217,"column":42}},"217":{"start":{"line":218,"column":0},"end":{"line":218,"column":7}},"220":{"start":{"line":221,"column":0},"end":{"line":221,"column":88}},"221":{"start":{"line":222,"column":0},"end":{"line":222,"column":66}},"222":{"start":{"line":223,"column":0},"end":{"line":223,"column":78}},"224":{"start":{"line":225,"column":0},"end":{"line":225,"column":31}},"225":{"start":{"line":226,"column":0},"end":{"line":226,"column":41}},"226":{"start":{"line":227,"column":0},"end":{"line":227,"column":62}},"227":{"start":{"line":228,"column":0},"end":{"line":228,"column":9}},"228":{"start":{"line":229,"column":0},"end":{"line":229,"column":47}},"229":{"start":{"line":230,"column":0},"end":{"line":230,"column":20}},"230":{"start":{"line":231,"column":0},"end":{"line":231,"column":37}},"231":{"start":{"line":232,"column":0},"end":{"line":232,"column":9}},"233":{"start":{"line":234,"column":0},"end":{"line":234,"column":14}},"234":{"start":{"line":235,"column":0},"end":{"line":235,"column":42}},"235":{"start":{"line":236,"column":0},"end":{"line":236,"column":104}},"236":{"start":{"line":237,"column":0},"end":{"line":237,"column":96}},"237":{"start":{"line":238,"column":0},"end":{"line":238,"column":94}},"238":{"start":{"line":239,"column":0},"end":{"line":239,"column":60}},"239":{"start":{"line":240,"column":0},"end":{"line":240,"column":37}},"240":{"start":{"line":241,"column":0},"end":{"line":241,"column":83}},"241":{"start":{"line":242,"column":0},"end":{"line":242,"column":19}},"242":{"start":{"line":243,"column":0},"end":{"line":243,"column":29}},"243":{"start":{"line":244,"column":0},"end":{"line":244,"column":58}},"244":{"start":{"line":245,"column":0},"end":{"line":245,"column":57}},"245":{"start":{"line":246,"column":0},"end":{"line":246,"column":8}},"246":{"start":{"line":247,"column":0},"end":{"line":247,"column":62}},"248":{"start":{"line":249,"column":0},"end":{"line":249,"column":82}},"249":{"start":{"line":250,"column":0},"end":{"line":250,"column":3}},"251":{"start":{"line":252,"column":0},"end":{"line":252,"column":100}},"252":{"start":{"line":253,"column":0},"end":{"line":253,"column":34}},"253":{"start":{"line":254,"column":0},"end":{"line":254,"column":39}},"255":{"start":{"line":256,"column":0},"end":{"line":256,"column":41}},"256":{"start":{"line":257,"column":0},"end":{"line":257,"column":39}},"257":{"start":{"line":258,"column":0},"end":{"line":258,"column":23}},"258":{"start":{"line":259,"column":0},"end":{"line":259,"column":71}},"259":{"start":{"line":260,"column":0},"end":{"line":260,"column":23}},"260":{"start":{"line":261,"column":0},"end":{"line":261,"column":28}},"261":{"start":{"line":262,"column":0},"end":{"line":262,"column":25}},"262":{"start":{"line":263,"column":0},"end":{"line":263,"column":30}},"263":{"start":{"line":264,"column":0},"end":{"line":264,"column":41}},"264":{"start":{"line":265,"column":0},"end":{"line":265,"column":31}},"265":{"start":{"line":266,"column":0},"end":{"line":266,"column":34}},"266":{"start":{"line":267,"column":0},"end":{"line":267,"column":37}},"267":{"start":{"line":268,"column":0},"end":{"line":268,"column":30}},"268":{"start":{"line":269,"column":0},"end":{"line":269,"column":12}},"269":{"start":{"line":270,"column":0},"end":{"line":270,"column":27}},"270":{"start":{"line":271,"column":0},"end":{"line":271,"column":29}},"271":{"start":{"line":272,"column":0},"end":{"line":272,"column":32}},"272":{"start":{"line":273,"column":0},"end":{"line":273,"column":25}},"273":{"start":{"line":274,"column":0},"end":{"line":274,"column":11}},"274":{"start":{"line":275,"column":0},"end":{"line":275,"column":10}},"275":{"start":{"line":276,"column":0},"end":{"line":276,"column":7}},"277":{"start":{"line":278,"column":0},"end":{"line":278,"column":49}},"278":{"start":{"line":279,"column":0},"end":{"line":279,"column":25}},"279":{"start":{"line":280,"column":0},"end":{"line":280,"column":50}},"280":{"start":{"line":281,"column":0},"end":{"line":281,"column":76}},"281":{"start":{"line":282,"column":0},"end":{"line":282,"column":82}},"282":{"start":{"line":283,"column":0},"end":{"line":283,"column":45}},"283":{"start":{"line":284,"column":0},"end":{"line":284,"column":7}},"284":{"start":{"line":285,"column":0},"end":{"line":285,"column":3}},"286":{"start":{"line":287,"column":0},"end":{"line":287,"column":98}},"287":{"start":{"line":288,"column":0},"end":{"line":288,"column":34}},"288":{"start":{"line":289,"column":0},"end":{"line":289,"column":101}},"289":{"start":{"line":290,"column":0},"end":{"line":290,"column":115}},"291":{"start":{"line":292,"column":0},"end":{"line":292,"column":35}},"292":{"start":{"line":293,"column":0},"end":{"line":293,"column":36}},"293":{"start":{"line":294,"column":0},"end":{"line":294,"column":39}},"294":{"start":{"line":295,"column":0},"end":{"line":295,"column":74}},"295":{"start":{"line":296,"column":0},"end":{"line":296,"column":74}},"296":{"start":{"line":297,"column":0},"end":{"line":297,"column":52}},"297":{"start":{"line":298,"column":0},"end":{"line":298,"column":48}},"298":{"start":{"line":299,"column":0},"end":{"line":299,"column":8}},"300":{"start":{"line":301,"column":0},"end":{"line":301,"column":43}},"301":{"start":{"line":302,"column":0},"end":{"line":302,"column":7}},"304":{"start":{"line":305,"column":0},"end":{"line":305,"column":68}},"305":{"start":{"line":306,"column":0},"end":{"line":306,"column":3}},"307":{"start":{"line":308,"column":0},"end":{"line":308,"column":60}},"308":{"start":{"line":309,"column":0},"end":{"line":309,"column":38}},"309":{"start":{"line":310,"column":0},"end":{"line":310,"column":37}},"311":{"start":{"line":312,"column":0},"end":{"line":312,"column":61}},"312":{"start":{"line":313,"column":0},"end":{"line":313,"column":53}},"314":{"start":{"line":315,"column":0},"end":{"line":315,"column":26}},"315":{"start":{"line":316,"column":0},"end":{"line":316,"column":80}},"316":{"start":{"line":317,"column":0},"end":{"line":317,"column":7}},"318":{"start":{"line":319,"column":0},"end":{"line":319,"column":25}},"319":{"start":{"line":320,"column":0},"end":{"line":320,"column":34}},"320":{"start":{"line":321,"column":0},"end":{"line":321,"column":55}},"321":{"start":{"line":322,"column":0},"end":{"line":322,"column":86}},"322":{"start":{"line":323,"column":0},"end":{"line":323,"column":54}},"323":{"start":{"line":324,"column":0},"end":{"line":324,"column":36}},"324":{"start":{"line":325,"column":0},"end":{"line":325,"column":20}},"325":{"start":{"line":326,"column":0},"end":{"line":326,"column":35}},"326":{"start":{"line":327,"column":0},"end":{"line":327,"column":69}},"327":{"start":{"line":328,"column":0},"end":{"line":328,"column":6}},"328":{"start":{"line":329,"column":0},"end":{"line":329,"column":3}},"330":{"start":{"line":331,"column":0},"end":{"line":331,"column":76}},"331":{"start":{"line":332,"column":0},"end":{"line":332,"column":54}},"333":{"start":{"line":334,"column":0},"end":{"line":334,"column":55}},"334":{"start":{"line":335,"column":0},"end":{"line":335,"column":59}},"336":{"start":{"line":337,"column":0},"end":{"line":337,"column":37}},"338":{"start":{"line":339,"column":0},"end":{"line":339,"column":93}},"339":{"start":{"line":340,"column":0},"end":{"line":340,"column":90}},"341":{"start":{"line":342,"column":0},"end":{"line":342,"column":53}},"342":{"start":{"line":343,"column":0},"end":{"line":343,"column":3}},"344":{"start":{"line":345,"column":0},"end":{"line":345,"column":67}},"345":{"start":{"line":346,"column":0},"end":{"line":346,"column":34}},"346":{"start":{"line":347,"column":0},"end":{"line":347,"column":73}},"349":{"start":{"line":350,"column":0},"end":{"line":350,"column":49}},"350":{"start":{"line":351,"column":0},"end":{"line":351,"column":55}},"351":{"start":{"line":352,"column":0},"end":{"line":352,"column":6}},"354":{"start":{"line":355,"column":0},"end":{"line":355,"column":57}},"355":{"start":{"line":356,"column":0},"end":{"line":356,"column":61}},"357":{"start":{"line":358,"column":0},"end":{"line":358,"column":32}},"359":{"start":{"line":360,"column":0},"end":{"line":360,"column":69}},"360":{"start":{"line":361,"column":0},"end":{"line":361,"column":63}},"361":{"start":{"line":362,"column":0},"end":{"line":362,"column":5}},"362":{"start":{"line":363,"column":0},"end":{"line":363,"column":3}},"364":{"start":{"line":365,"column":0},"end":{"line":365,"column":67}},"365":{"start":{"line":366,"column":0},"end":{"line":366,"column":75}},"366":{"start":{"line":367,"column":0},"end":{"line":367,"column":3}},"371":{"start":{"line":372,"column":0},"end":{"line":372,"column":47}},"372":{"start":{"line":373,"column":0},"end":{"line":373,"column":39}},"373":{"start":{"line":374,"column":0},"end":{"line":374,"column":3}},"378":{"start":{"line":379,"column":0},"end":{"line":379,"column":86}},"379":{"start":{"line":380,"column":0},"end":{"line":380,"column":50}},"380":{"start":{"line":381,"column":0},"end":{"line":381,"column":61}},"382":{"start":{"line":383,"column":0},"end":{"line":383,"column":21}},"383":{"start":{"line":384,"column":0},"end":{"line":384,"column":20}},"384":{"start":{"line":385,"column":0},"end":{"line":385,"column":96}},"385":{"start":{"line":386,"column":0},"end":{"line":386,"column":71}},"386":{"start":{"line":387,"column":0},"end":{"line":387,"column":24}},"387":{"start":{"line":388,"column":0},"end":{"line":388,"column":7}},"389":{"start":{"line":390,"column":0},"end":{"line":390,"column":19}},"390":{"start":{"line":391,"column":0},"end":{"line":391,"column":94}},"391":{"start":{"line":392,"column":0},"end":{"line":392,"column":64}},"392":{"start":{"line":393,"column":0},"end":{"line":393,"column":46}},"393":{"start":{"line":394,"column":0},"end":{"line":394,"column":23}},"394":{"start":{"line":395,"column":0},"end":{"line":395,"column":7}},"396":{"start":{"line":397,"column":0},"end":{"line":397,"column":23}},"397":{"start":{"line":398,"column":0},"end":{"line":398,"column":99}},"398":{"start":{"line":399,"column":0},"end":{"line":399,"column":69}},"399":{"start":{"line":400,"column":0},"end":{"line":400,"column":54}},"400":{"start":{"line":401,"column":0},"end":{"line":401,"column":27}},"401":{"start":{"line":402,"column":0},"end":{"line":402,"column":7}},"403":{"start":{"line":404,"column":0},"end":{"line":404,"column":14}},"404":{"start":{"line":405,"column":0},"end":{"line":405,"column":64}},"405":{"start":{"line":406,"column":0},"end":{"line":406,"column":5}},"406":{"start":{"line":407,"column":0},"end":{"line":407,"column":3}},"408":{"start":{"line":409,"column":0},"end":{"line":409,"column":61}},"409":{"start":{"line":410,"column":0},"end":{"line":410,"column":117}},"410":{"start":{"line":411,"column":0},"end":{"line":411,"column":35}},"411":{"start":{"line":412,"column":0},"end":{"line":412,"column":18}},"412":{"start":{"line":413,"column":0},"end":{"line":413,"column":23}},"413":{"start":{"line":414,"column":0},"end":{"line":414,"column":19}},"414":{"start":{"line":415,"column":0},"end":{"line":415,"column":18}},"415":{"start":{"line":416,"column":0},"end":{"line":416,"column":17}},"416":{"start":{"line":417,"column":0},"end":{"line":417,"column":16}},"417":{"start":{"line":418,"column":0},"end":{"line":418,"column":19}},"418":{"start":{"line":419,"column":0},"end":{"line":419,"column":17}},"420":{"start":{"line":421,"column":0},"end":{"line":421,"column":51}},"421":{"start":{"line":422,"column":0},"end":{"line":422,"column":3}},"423":{"start":{"line":424,"column":0},"end":{"line":424,"column":70}},"424":{"start":{"line":425,"column":0},"end":{"line":425,"column":34}},"426":{"start":{"line":427,"column":0},"end":{"line":427,"column":12}},"428":{"start":{"line":429,"column":0},"end":{"line":429,"column":38}},"432":{"start":{"line":433,"column":0},"end":{"line":433,"column":36}},"433":{"start":{"line":434,"column":0},"end":{"line":434,"column":48}},"434":{"start":{"line":435,"column":0},"end":{"line":435,"column":64}},"435":{"start":{"line":436,"column":0},"end":{"line":436,"column":62}},"439":{"start":{"line":440,"column":0},"end":{"line":440,"column":74}},"443":{"start":{"line":444,"column":0},"end":{"line":444,"column":49}},"444":{"start":{"line":445,"column":0},"end":{"line":445,"column":100}},"445":{"start":{"line":446,"column":0},"end":{"line":446,"column":13}},"449":{"start":{"line":450,"column":0},"end":{"line":450,"column":47}},"450":{"start":{"line":451,"column":0},"end":{"line":451,"column":122}},"451":{"start":{"line":452,"column":0},"end":{"line":452,"column":13}},"452":{"start":{"line":453,"column":0},"end":{"line":453,"column":13}},"453":{"start":{"line":454,"column":0},"end":{"line":454,"column":3}},"454":{"start":{"line":455,"column":0},"end":{"line":455,"column":1}}},"s":{"0":0,"16":0,"17":0,"18":0,"19":0,"20":0,"22":0,"23":0,"24":0,"25":0,"28":0,"31":0,"32":0,"33":0,"34":0,"36":0,"37":0,"39":0,"40":0,"41":0,"42":0,"43":0,"44":0,"45":0,"46":0,"47":0,"48":0,"49":0,"50":0,"51":0,"53":0,"54":0,"55":0,"56":0,"57":0,"58":0,"59":0,"60":0,"63":0,"64":0,"65":0,"70":0,"71":0,"73":0,"75":0,"78":0,"80":0,"81":0,"82":0,"85":0,"88":0,"91":0,"94":0,"97":0,"100":0,"103":0,"106":0,"108":0,"110":0,"111":0,"112":0,"113":0,"115":0,"116":0,"117":0,"118":0,"119":0,"120":0,"121":0,"122":0,"125":0,"126":0,"127":0,"128":0,"129":0,"130":0,"131":0,"132":0,"133":0,"134":0,"135":0,"136":0,"137":0,"138":0,"139":0,"140":0,"141":0,"142":0,"143":0,"144":0,"145":0,"146":0,"147":0,"148":0,"149":0,"150":0,"152":0,"153":0,"154":0,"157":0,"158":0,"159":0,"161":0,"162":0,"163":0,"164":0,"166":0,"168":0,"171":0,"172":0,"174":0,"175":0,"176":0,"177":0,"178":0,"180":0,"181":0,"183":0,"184":0,"185":0,"186":0,"187":0,"188":0,"189":0,"190":0,"191":0,"192":0,"194":0,"196":0,"197":0,"198":0,"199":0,"201":0,"202":0,"204":0,"208":0,"211":0,"212":0,"213":0,"214":0,"215":0,"216":0,"217":0,"220":0,"221":0,"222":0,"224":0,"225":0,"226":0,"227":0,"228":0,"229":0,"230":0,"231":0,"233":0,"234":0,"235":0,"236":0,"237":0,"238":0,"239":0,"240":0,"241":0,"242":0,"243":0,"244":0,"245":0,"246":0,"248":0,"249":0,"251":0,"252":0,"253":0,"255":0,"256":0,"257":0,"258":0,"259":0,"260":0,"261":0,"262":0,"263":0,"264":0,"265":0,"266":0,"267":0,"268":0,"269":0,"270":0,"271":0,"272":0,"273":0,"274":0,"275":0,"277":0,"278":0,"279":0,"280":0,"281":0,"282":0,"283":0,"284":0,"286":0,"287":0,"288":0,"289":0,"291":0,"292":0,"293":0,"294":0,"295":0,"296":0,"297":0,"298":0,"300":0,"301":0,"304":0,"305":0,"307":0,"308":0,"309":0,"311":0,"312":0,"314":0,"315":0,"316":0,"318":0,"319":0,"320":0,"321":0,"322":0,"323":0,"324":0,"325":0,"326":0,"327":0,"328":0,"330":0,"331":0,"333":0,"334":0,"336":0,"338":0,"339":0,"341":0,"342":0,"344":0,"345":0,"346":0,"349":0,"350":0,"351":0,"354":0,"355":0,"357":0,"359":0,"360":0,"361":0,"362":0,"364":0,"365":0,"366":0,"371":0,"372":0,"373":0,"378":0,"379":0,"380":0,"382":0,"383":0,"384":0,"385":0,"386":0,"387":0,"389":0,"390":0,"391":0,"392":0,"393":0,"394":0,"396":0,"397":0,"398":0,"399":0,"400":0,"401":0,"403":0,"404":0,"405":0,"406":0,"408":0,"409":0,"410":0,"411":0,"412":0,"413":0,"414":0,"415":0,"416":0,"417":0,"418":0,"420":0,"421":0,"423":0,"424":0,"426":0,"428":0,"432":0,"433":0,"434":0,"435":0,"439":0,"443":0,"444":0,"445":0,"449":0,"450":0,"451":0,"452":0,"453":0,"454":0},"branchMap":{"0":{"type":"branch","line":1,"loc":{"start":{"line":1,"column":16051},"end":{"line":455,"column":1}},"locations":[{"start":{"line":1,"column":16051},"end":{"line":455,"column":1}}]}},"b":{"0":[0]},"fnMap":{"0":{"name":"(empty-report)","decl":{"start":{"line":1,"column":16051},"end":{"line":455,"column":1}},"loc":{"start":{"line":1,"column":16051},"end":{"line":455,"column":1}},"line":1}},"f":{"0":0}}
,"C:\\Users\\sabou\\dev\\odavl\\apps\\cli\\src\\analytics\\types.ts": {"path":"C:\\Users\\sabou\\dev\\odavl\\apps\\cli\\src\\analytics\\types.ts","all":true,"statementMap":{},"s":{},"branchMap":{"0":{"type":"branch","line":1,"loc":{"start":{"line":1,"column":2603},"end":{"line":103,"column":1}},"locations":[{"start":{"line":1,"column":2603},"end":{"line":103,"column":1}}]}},"b":{"0":[1]},"fnMap":{"0":{"name":"(empty-report)","decl":{"start":{"line":1,"column":2603},"end":{"line":103,"column":1}},"loc":{"start":{"line":1,"column":2603},"end":{"line":103,"column":1}},"line":1}},"f":{"0":1}}
,"C:\\Users\\sabou\\dev\\odavl\\apps\\cli\\src\\autonomous\\decision-engine.ts": {"path":"C:\\Users\\sabou\\dev\\odavl\\apps\\cli\\src\\autonomous\\decision-engine.ts","all":true,"statementMap":{"0":{"start":{"line":1,"column":0},"end":{"line":1,"column":3}},"79":{"start":{"line":80,"column":0},"end":{"line":80,"column":37}},"80":{"start":{"line":81,"column":0},"end":{"line":81,"column":53}},"81":{"start":{"line":82,"column":0},"end":{"line":82,"column":47}},"82":{"start":{"line":83,"column":0},"end":{"line":83,"column":41}},"83":{"start":{"line":84,"column":0},"end":{"line":84,"column":53}},"85":{"start":{"line":86,"column":0},"end":{"line":86,"column":17}},"86":{"start":{"line":87,"column":0},"end":{"line":87,"column":59}},"87":{"start":{"line":88,"column":0},"end":{"line":88,"column":53}},"88":{"start":{"line":89,"column":0},"end":{"line":89,"column":47}},"89":{"start":{"line":90,"column":0},"end":{"line":90,"column":59}},"90":{"start":{"line":91,"column":0},"end":{"line":91,"column":3}},"92":{"start":{"line":93,"column":0},"end":{"line":93,"column":77}},"94":{"start":{"line":95,"column":0},"end":{"line":95,"column":63}},"95":{"start":{"line":96,"column":0},"end":{"line":96,"column":61}},"96":{"start":{"line":97,"column":0},"end":{"line":97,"column":81}},"97":{"start":{"line":98,"column":0},"end":{"line":98,"column":80}},"100":{"start":{"line":101,"column":0},"end":{"line":101,"column":68}},"101":{"start":{"line":102,"column":0},"end":{"line":102,"column":82}},"104":{"start":{"line":105,"column":0},"end":{"line":105,"column":12}},"105":{"start":{"line":106,"column":0},"end":{"line":106,"column":36}},"106":{"start":{"line":107,"column":0},"end":{"line":107,"column":36}},"107":{"start":{"line":108,"column":0},"end":{"line":108,"column":17}},"108":{"start":{"line":109,"column":0},"end":{"line":109,"column":11}},"109":{"start":{"line":110,"column":0},"end":{"line":110,"column":13}},"110":{"start":{"line":111,"column":0},"end":{"line":111,"column":83}},"111":{"start":{"line":112,"column":0},"end":{"line":112,"column":84}},"112":{"start":{"line":113,"column":0},"end":{"line":113,"column":62}},"113":{"start":{"line":114,"column":0},"end":{"line":114,"column":74}},"114":{"start":{"line":115,"column":0},"end":{"line":115,"column":6}},"115":{"start":{"line":116,"column":0},"end":{"line":116,"column":3}},"117":{"start":{"line":118,"column":0},"end":{"line":118,"column":96}},"118":{"start":{"line":119,"column":0},"end":{"line":119,"column":45}},"121":{"start":{"line":122,"column":0},"end":{"line":122,"column":45}},"122":{"start":{"line":123,"column":0},"end":{"line":123,"column":23}},"123":{"start":{"line":124,"column":0},"end":{"line":124,"column":38}},"124":{"start":{"line":125,"column":0},"end":{"line":125,"column":34}},"125":{"start":{"line":126,"column":0},"end":{"line":126,"column":84}},"126":{"start":{"line":127,"column":0},"end":{"line":127,"column":25}},"127":{"start":{"line":128,"column":0},"end":{"line":128,"column":9}},"129":{"start":{"line":130,"column":0},"end":{"line":130,"column":23}},"130":{"start":{"line":131,"column":0},"end":{"line":131,"column":40}},"131":{"start":{"line":132,"column":0},"end":{"line":132,"column":40}},"132":{"start":{"line":133,"column":0},"end":{"line":133,"column":90}},"133":{"start":{"line":134,"column":0},"end":{"line":134,"column":29}},"134":{"start":{"line":135,"column":0},"end":{"line":135,"column":9}},"135":{"start":{"line":136,"column":0},"end":{"line":136,"column":5}},"138":{"start":{"line":139,"column":0},"end":{"line":139,"column":47}},"139":{"start":{"line":140,"column":0},"end":{"line":140,"column":23}},"140":{"start":{"line":141,"column":0},"end":{"line":141,"column":34}},"141":{"start":{"line":142,"column":0},"end":{"line":142,"column":40}},"142":{"start":{"line":143,"column":0},"end":{"line":143,"column":84}},"143":{"start":{"line":144,"column":0},"end":{"line":144,"column":26}},"144":{"start":{"line":145,"column":0},"end":{"line":145,"column":9}},"145":{"start":{"line":146,"column":0},"end":{"line":146,"column":5}},"148":{"start":{"line":149,"column":0},"end":{"line":149,"column":64}},"149":{"start":{"line":150,"column":0},"end":{"line":150,"column":23}},"150":{"start":{"line":151,"column":0},"end":{"line":151,"column":36}},"151":{"start":{"line":152,"column":0},"end":{"line":152,"column":39}},"152":{"start":{"line":153,"column":0},"end":{"line":153,"column":105}},"153":{"start":{"line":154,"column":0},"end":{"line":154,"column":26}},"154":{"start":{"line":155,"column":0},"end":{"line":155,"column":9}},"155":{"start":{"line":156,"column":0},"end":{"line":156,"column":5}},"158":{"start":{"line":159,"column":0},"end":{"line":159,"column":64}},"159":{"start":{"line":160,"column":0},"end":{"line":160,"column":23}},"160":{"start":{"line":161,"column":0},"end":{"line":161,"column":42}},"161":{"start":{"line":162,"column":0},"end":{"line":162,"column":46}},"162":{"start":{"line":163,"column":0},"end":{"line":163,"column":115}},"163":{"start":{"line":164,"column":0},"end":{"line":164,"column":28}},"164":{"start":{"line":165,"column":0},"end":{"line":165,"column":9}},"165":{"start":{"line":166,"column":0},"end":{"line":166,"column":5}},"168":{"start":{"line":169,"column":0},"end":{"line":169,"column":84}},"169":{"start":{"line":170,"column":0},"end":{"line":170,"column":23}},"170":{"start":{"line":171,"column":0},"end":{"line":171,"column":42}},"171":{"start":{"line":172,"column":0},"end":{"line":172,"column":40}},"172":{"start":{"line":173,"column":0},"end":{"line":173,"column":22}},"173":{"start":{"line":174,"column":0},"end":{"line":174,"column":25}},"174":{"start":{"line":175,"column":0},"end":{"line":175,"column":9}},"175":{"start":{"line":176,"column":0},"end":{"line":176,"column":5}},"177":{"start":{"line":178,"column":0},"end":{"line":178,"column":62}},"178":{"start":{"line":179,"column":0},"end":{"line":179,"column":3}},"180":{"start":{"line":181,"column":0},"end":{"line":181,"column":30}},"181":{"start":{"line":182,"column":0},"end":{"line":182,"column":35}},"182":{"start":{"line":183,"column":0},"end":{"line":183,"column":33}},"183":{"start":{"line":184,"column":0},"end":{"line":184,"column":24}},"184":{"start":{"line":185,"column":0},"end":{"line":185,"column":22}},"185":{"start":{"line":186,"column":0},"end":{"line":186,"column":34}},"186":{"start":{"line":187,"column":0},"end":{"line":187,"column":14}},"187":{"start":{"line":188,"column":0},"end":{"line":188,"column":28}},"188":{"start":{"line":189,"column":0},"end":{"line":189,"column":23}},"189":{"start":{"line":190,"column":0},"end":{"line":190,"column":20}},"190":{"start":{"line":191,"column":0},"end":{"line":191,"column":29}},"191":{"start":{"line":192,"column":0},"end":{"line":192,"column":8}},"192":{"start":{"line":193,"column":0},"end":{"line":193,"column":5}},"195":{"start":{"line":196,"column":0},"end":{"line":196,"column":61}},"196":{"start":{"line":197,"column":0},"end":{"line":197,"column":105}},"197":{"start":{"line":198,"column":0},"end":{"line":198,"column":5}},"200":{"start":{"line":201,"column":0},"end":{"line":201,"column":35}},"201":{"start":{"line":202,"column":0},"end":{"line":202,"column":75}},"202":{"start":{"line":203,"column":0},"end":{"line":203,"column":5}},"205":{"start":{"line":206,"column":0},"end":{"line":206,"column":25}},"206":{"start":{"line":207,"column":0},"end":{"line":207,"column":3}},"208":{"start":{"line":209,"column":0},"end":{"line":209,"column":66}},"209":{"start":{"line":210,"column":0},"end":{"line":210,"column":21}},"210":{"start":{"line":211,"column":0},"end":{"line":211,"column":19}},"211":{"start":{"line":212,"column":0},"end":{"line":212,"column":21}},"212":{"start":{"line":213,"column":0},"end":{"line":213,"column":27}},"213":{"start":{"line":214,"column":0},"end":{"line":214,"column":24}},"214":{"start":{"line":215,"column":0},"end":{"line":215,"column":28}},"215":{"start":{"line":216,"column":0},"end":{"line":216,"column":6}},"217":{"start":{"line":218,"column":0},"en
[...]
d":{"line":29,"column":58}},"29":{"start":{"line":30,"column":0},"end":{"line":30,"column":39}},"30":{"start":{"line":31,"column":0},"end":{"line":31,"column":32}},"33":{"start":{"line":34,"column":0},"end":{"line":34,"column":27}},"34":{"start":{"line":35,"column":0},"end":{"line":35,"column":3}},"36":{"start":{"line":37,"column":0},"end":{"line":37,"column":66}},"37":{"start":{"line":38,"column":0},"end":{"line":38,"column":43}},"38":{"start":{"line":39,"column":0},"end":{"line":39,"column":57}},"39":{"start":{"line":40,"column":0},"end":{"line":40,"column":34}},"40":{"start":{"line":41,"column":0},"end":{"line":41,"column":28}},"41":{"start":{"line":42,"column":0},"end":{"line":42,"column":35}},"42":{"start":{"line":43,"column":0},"end":{"line":43,"column":18}},"44":{"start":{"line":45,"column":0},"end":{"line":45,"column":21}},"45":{"start":{"line":46,"column":0},"end":{"line":46,"column":33}},"46":{"start":{"line":47,"column":0},"end":{"line":47,"column":18}},"48":{"start":{"line":49,"column":0},"end":{"line":49,"column":25}},"49":{"start":{"line":50,"column":0},"end":{"line":50,"column":35}},"50":{"start":{"line":51,"column":0},"end":{"line":51,"column":72}},"51":{"start":{"line":52,"column":0},"end":{"line":52,"column":18}},"53":{"start":{"line":54,"column":0},"end":{"line":54,"column":29}},"54":{"start":{"line":55,"column":0},"end":{"line":55,"column":40}},"55":{"start":{"line":56,"column":0},"end":{"line":56,"column":18}},"57":{"start":{"line":58,"column":0},"end":{"line":58,"column":27}},"58":{"start":{"line":59,"column":0},"end":{"line":59,"column":34}},"59":{"start":{"line":60,"column":0},"end":{"line":60,"column":18}},"61":{"start":{"line":62,"column":0},"end":{"line":62,"column":29}},"62":{"start":{"line":63,"column":0},"end":{"line":63,"column":51}},"63":{"start":{"line":64,"column":0},"end":{"line":64,"column":61}},"64":{"start":{"line":65,"column":0},"end":{"line":65,"column":20}},"65":{"start":{"line":66,"column":0},"end":{"line":66,"column":75}},"66":{"start":{"line":67,"column":0},"end":{"line":67,"column":13}},"67":{"start":{"line":68,"column":0},"end":{"line":68,"column":18}},"69":{"start":{"line":70,"column":0},"end":{"line":70,"column":28}},"70":{"start":{"line":71,"column":0},"end":{"line":71,"column":51}},"71":{"start":{"line":72,"column":0},"end":{"line":72,"column":62}},"72":{"start":{"line":73,"column":0},"end":{"line":73,"column":20}},"73":{"start":{"line":74,"column":0},"end":{"line":74,"column":76}},"74":{"start":{"line":75,"column":0},"end":{"line":75,"column":13}},"75":{"start":{"line":76,"column":0},"end":{"line":76,"column":18}},"77":{"start":{"line":78,"column":0},"end":{"line":78,"column":24}},"78":{"start":{"line":79,"column":0},"end":{"line":79,"column":95}},"79":{"start":{"line":80,"column":0},"end":{"line":80,"column":70}},"80":{"start":{"line":81,"column":0},"end":{"line":81,"column":20}},"81":{"start":{"line":82,"column":0},"end":{"line":82,"column":70}},"82":{"start":{"line":83,"column":0},"end":{"line":83,"column":13}},"83":{"start":{"line":84,"column":0},"end":{"line":84,"column":18}},"84":{"start":{"line":85,"column":0},"end":{"line":85,"column":9}},"85":{"start":{"line":86,"column":0},"end":{"line":86,"column":8}},"86":{"start":{"line":87,"column":0},"end":{"line":87,"column":16}},"87":{"start":{"line":88,"column":0},"end":{"line":88,"column":27}},"88":{"start":{"line":89,"column":0},"end":{"line":89,"column":6}},"90":{"start":{"line":91,"column":0},"end":{"line":91,"column":35}},"91":{"start":{"line":92,"column":0},"end":{"line":92,"column":30}},"92":{"start":{"line":93,"column":0},"end":{"line":93,"column":41}},"93":{"start":{"line":94,"column":0},"end":{"line":94,"column":7}},"94":{"start":{"line":95,"column":0},"end":{"line":95,"column":7}},"95":{"start":{"line":96,"column":0},"end":{"line":96,"column":3}},"97":{"start":{"line":98,"column":0},"end":{"line":98,"column":29}},"98":{"start":{"line":99,"column":0},"end":{"line":99,"column":56}},"99":{"start":{"line":100,"column":0},"end":{"line":100,"column":36}},"100":{"start":{"line":101,"column":0},"end":{"line":101,"column":25}},"101":{"start":{"line":102,"column":0},"end":{"line":102,"column":18}},"102":{"start":{"line":103,"column":0},"end":{"line":103,"column":7}},"103":{"start":{"line":104,"column":0},"end":{"line":104,"column":3}},"105":{"start":{"line":106,"column":0},"end":{"line":106,"column":27}},"106":{"start":{"line":107,"column":0},"end":{"line":107,"column":30}},"107":{"start":{"line":108,"column":0},"end":{"line":108,"column":38}},"108":{"start":{"line":109,"column":0},"end":{"line":109,"column":23}},"109":{"start":{"line":110,"column":0},"end":{"line":110,"column":24}},"110":{"start":{"line":111,"column":0},"end":{"line":111,"column":66}},"111":{"start":{"line":112,"column":0},"end":{"line":112,"column":9}},"112":{"start":{"line":113,"column":0},"end":{"line":113,"column":13}},"113":{"start":{"line":114,"column":0},"end":{"line":114,"column":5}},"116":{"start":{"line":117,"column":0},"end":{"line":117,"column":36}},"117":{"start":{"line":118,"column":0},"end":{"line":118,"column":21}},"118":{"start":{"line":119,"column":0},"end":{"line":119,"column":21}},"119":{"start":{"line":120,"column":0},"end":{"line":120,"column":69}},"120":{"start":{"line":121,"column":0},"end":{"line":121,"column":7}},"123":{"start":{"line":124,"column":0},"end":{"line":124,"column":57}},"124":{"start":{"line":125,"column":0},"end":{"line":125,"column":31}},"125":{"start":{"line":126,"column":0},"end":{"line":126,"column":18}},"126":{"start":{"line":127,"column":0},"end":{"line":127,"column":40}},"127":{"start":{"line":128,"column":0},"end":{"line":128,"column":23}},"128":{"start":{"line":129,"column":0},"end":{"line":129,"column":7}},"130":{"start":{"line":131,"column":0},"end":{"line":131,"column":21}},"131":{"start":{"line":132,"column":0},"end":{"line":132,"column":37}},"132":{"start":{"line":133,"column":0},"end":{"line":133,"column":39}},"133":{"start":{"line":134,"column":0},"end":{"line":134,"column":46}},"134":{"start":{"line":135,"column":0},"end":{"line":135,"column":42}},"136":{"start":{"line":137,"column":0},"end":{"line":137,"column":35}},"137":{"start":{"line":138,"column":0},"end":{"line":138,"column":28}},"138":{"start":{"line":139,"column":0},"end":{"line":139,"column":17}},"139":{"start":{"line":140,"column":0},"end":{"line":140,"column":47}},"140":{"start":{"line":141,"column":0},"end":{"line":141,"column":46}},"141":{"start":{"line":142,"column":0},"end":{"line":142,"column":56}},"142":{"start":{"line":143,"column":0},"end":{"line":143,"column":15}},"143":{"start":{"line":144,"column":0},"end":{"line":144,"column":21}},"144":{"start":{"line":145,"column":0},"end":{"line":145,"column":46}},"145":{"start":{"line":146,"column":0},"end":{"line":146,"column":31}},"146":{"start":{"line":147,"column":0},"end":{"line":147,"column":31}},"147":{"start":{"line":148,"column":0},"end":{"line":148,"column":56}},"148":{"start":{"line":149,"column":0},"end":{"line":149,"column":17}},"149":{"start":{"line":150,"column":0},"end":{"line":150,"column":13}},"150":{"start":{"line":151,"column":0},"end":{"line":151,"column":11}},"151":{"start":{"line":152,"column":0},"end":{"line":152,"column":9}},"152":{"start":{"line":153,"column":0},"end":{"line":153,"column":9}},"153":{"start":{"line":154,"column":0},"end":{"line":154,"column":5}},"155":{"start":{"line":156,"column":0},"end":{"line":156,"column":38}},"156":{"start":{"line":157,"column":0},"end":{"line":157,"column":37}},"157":{"start":{"line":158,"column":0},"end":{"line":158,"column":38}},"158":{"start":{"line":159,"column":0},"end":{"line":159,"column":23}},"159":{"start":{"line":160,"column":0},"end":{"line":160,"column":24}},"160":{"start":{"line":161,"column":0},"end":{"line":161,"column":56}},"161":{"start":{"line":162,"column":0},"end":{"line":162,"column":9}},"162":{"start":{"line":163,"column":0},"end":{"line":163,"column":7}},"164":{"start":{"line":165,"column":0},"end":{"line":165,"column":31}},"165":{"start":{"line":166,"column":0},"end":{"line":166,"column":38}},"166":{"start":{"line":167,"column":0},"end":{"line":167,"column":23}},"167":{"start":{"line":168,"column":0},"end":{"line":168,"column":49}},"168":{"start":{"line":169,"column":0},"end":{"line":169,"column":16}},"169":{"start":{"line":170,"column":0},"end":{"line":170,"column":30}},"170":{"start":{"line":171,"column":0},"end":{"line":171,"column":62}},"171":{"start":{"line":172,"column":0},"end":{"line":172,"column":9}},"172":{"start":{"line":173,"column":0},"end":{"line":173,"column":9}},"175":{"start":{"line":176,"column":0},"end":{"line":176,"column":53}},"176":{"start":{"line":177,"column":0},"end":{"line":177,"column":7}},"177":{"start":{"line":178,"column":0},"end":{"line":178,"column":3}},"179":{"start":{"line":180,"column":0},"end":{"line":180,"column":34}},"180":{"start":{"line":181,"column":0},"end":{"line":181,"column":30}},"181":{"start":{"line":182,"column":0},"end":{"line":182,"column":66}},"182":{"start":{"line":183,"column":0},"end":{"line":183,"column":13}},"183":{"start":{"line":184,"column":0},"end":{"line":184,"column":5}},"185":{"start":{"line":186,"column":0},"end":{"line":186,"column":65}},"186":{"start":{"line":187,"column":0},"end":{"line":187,"column":37}},"187":{"start":{"line":188,"column":0},"end":{"line":188,"column":85}},"188":{"start":{"line":189,"column":0},"end":{"line":189,"column":12}},"189":{"start":{"line":190,"column":0},"end":{"line":190,"column":69}},"190":{"start":{"line":191,"column":0},"end":{"line":191,"column":5}},"191":{"start":{"line":192,"column":0},"end":{"line":192,"column":3}},"193":{"start":{"line":194,"column":0},"end":{"line":194,"column":28}},"194":{"start":{"line":195,"column":0},"end":{"line":195,"column":60}},"195":{"start":{"line":196,"column":0},"end":{"line":196,"column":36}},"196":{"start":{"line":197,"column":0},"end":{"line":197,"column":25}},"197":{"start":{"line":198,"column":0},"end":{"line":198,"column":22}},"198":{"start":{"line":199,"column":0},"end":{"line":199,"column":7}},"199":{"start":{"line":200,"column":0},"end":{"line":200,"column":3}},"201":{"start":{"line":202,"column":0},"end":{"line":202,"column":61}},"202":{"start":{"line":203,"column":0},"end":{"line":203,"column":30}},"203":{"start":{"line":204,"column":0},"end":{"line":204,"column":66}},"204":{"start":{"line":205,"column":0},"end":{"line":205,"column":13}},"205":{"start":{"line":206,"column":0},"end":{"line":206,"column":5}},"207":{"start":{"line":208,"column":0},"end":{"line":208,"column":9}},"208":{"start":{"line":209,"column":0},"end":{"line":209,"column":64}},"209":{"start":{"line":210,"column":0},"end":{"line":210,"column":38}},"210":{"start":{"line":211,"column":0},"end":{"line":211,"column":53}},"211":{"start":{"line":212,"column":0},"end":{"line":212,"column":7}},"213":{"start":{"line":214,"column":0},"end":{"line":214,"column":54}},"214":{"start":{"line":215,"column":0},"end":{"line":215,"column":50}},"216":{"start":{"line":217,"column":0},"end":{"line":217,"column":77}},"218":{"start":{"line":219,"column":0},"end":{"line":219,"column":38}},"219":{"start":{"line":220,"column":0},"end":{"line":220,"column":23}},"220":{"start":{"line":221,"column":0},"end":{"line":221,"column":26}},"221":{"start":{"line":222,"column":0},"end":{"line":222,"column":75}},"222":{"start":{"line":223,"column":0},"end":{"line":223,"column":9}},"223":{"start":{"line":224,"column":0},"end":{"line":224,"column":21}},"224":{"start":{"line":225,"column":0},"end":{"line":225,"column":77}},"225":{"start":{"line":226,"column":0},"end":{"line":226,"column":5}},"226":{"start":{"line":227,"column":0},"end":{"line":227,"column":3}},"228":{"start":{"line":229,"column":0},"end":{"line":229,"column":47}},"229":{"start":{"line":230,"column":0},"end":{"line":230,"column":30}},"230":{"start":{"line":231,"column":0},"end":{"line":231,"column":38}},"231":{"start":{"line":232,"column":0},"end":{"line":232,"column":23}},"232":{"start":{"line":233,"column":0},"end":{"line":233,"column":24}},"233":{"start":{"line":234,"column":0},"end":{"line":234,"column":67}},"234":{"start":{"line":235,"column":0},"end":{"line":235,"column":9}},"235":{"start":{"line":236,"column":0},"end":{"line":236,"column":13}},"236":{"start":{"line":237,"column":0},"end":{"line":237,"column":5}},"238":{"start":{"line":239,"column":0},"end":{"line":239,"column":36}},"239":{"start":{"line":240,"column":0},"end":{"line":240,"column":21}},"240":{"start":{"line":241,"column":0},"end":{"line":241,"column":21}},"241":{"start":{"line":242,"column":0},"end":{"line":242,"column":82}},"242":{"start":{"line":243,"column":0},"end":{"line":243,"column":7}},"245":{"start":{"line":246,"column":0},"end":{"line":246,"column":67}},"246":{"start":{"line":247,"column":0},"end":{"line":247,"column":30}},"247":{"start":{"line":248,"column":0},"end":{"line":248,"column":18}},"248":{"start":{"line":249,"column":0},"end":{"line":249,"column":40}},"249":{"start":{"line":250,"column":0},"end":{"line":250,"column":23}},"250":{"start":{"line":251,"column":0},"end":{"line":251,"column":7}},"252":{"start":{"line":253,"column":0},"end":{"line":253,"column":48}},"253":{"start":{"line":254,"column":0},"end":{"line":254,"column":44}},"254":{"start":{"line":255,"column":0},"end":{"line":255,"column":44}},"255":{"start":{"line":256,"column":0},"end":{"line":256,"column":40}},"256":{"start":{"line":257,"column":0},"end":{"line":257,"column":25}},"257":{"start":{"line":258,"column":0},"end":{"line":258,"column":28}},"258":{"start":{"line":259,"column":0},"end":{"line":259,"column":48}},"259":{"start":{"line":260,"column":0},"end":{"line":260,"column":11}},"262":{"start":{"line":263,"column":0},"end":{"line":263,"column":110}},"263":{"start":{"line":264,"column":0},"end":{"line":264,"column":7}},"264":{"start":{"line":265,"column":0},"end":{"line":265,"column":7}},"266":{"start":{"line":267,"column":0},"end":{"line":267,"column":48}},"267":{"start":{"line":268,"column":0},"end":{"line":268,"column":36}},"268":{"start":{"line":269,"column":0},"end":{"line":269,"column":38}},"269":{"start":{"line":270,"column":0},"end":{"line":270,"column":23}},"270":{"start":{"line":271,"column":0},"end":{"line":271,"column":24}},"271":{"start":{"line":272,"column":0},"end":{"line":272,"column":72}},"272":{"start":{"line":273,"column":0},"end":{"line":273,"column":9}},"273":{"start":{"line":274,"column":0},"end":{"line":274,"column":7}},"275":{"start":{"line":276,"column":0},"end":{"line":276,"column":41}},"276":{"start":{"line":277,"column":0},"end":{"line":277,"column":23}},"277":{"start":{"line":278,"column":0},"end":{"line":278,"column":40}},"278":{"start":{"line":279,"column":0},"end":{"line":279,"column":25}},"279":{"start":{"line":280,"column":0},"end":{"line":280,"column":26}},"280":{"start":{"line":281,"column":0},"end":{"line":281,"column":88}},"281":{"start":{"line":282,"column":0},"end":{"line":282,"column":11}},"282":{"start":{"line":283,"column":0},"end":{"line":283,"column":7}},"283":{"start":{"line":284,"column":0},"end":{"line":284,"column":7}},"284":{"start":{"line":285,"column":0},"end":{"line":285,"column":3}},"286":{"start":{"line":287,"column":0},"end":{"line":287,"column":34}},"288":{"start":{"line":289,"column":0},"end":{"line":289,"column":43}},"289":{"start":{"line":290,"column":0},"end":{"line":290,"column":29}},"290":{"start":{"line":291,"column":0},"end":{"line":291,"column":14}},"291":{"start":{"line":292,"column":0},"end":{"line":292,"column":3}},"293":{"start":{"line":294,"column":0},"end":{"line":294,"column":20}},"294":{"start":{"line":295,"column":0},"end":{"line":295,"column":28}},"295":{"start":{"line":296,"column":0},"end":{"line":296,"column":39}},"296":{"start":{"line":297,"column":0},"end":{"line":297,"column":5}},"297":{"start":{"line":298,"column":0},"end":{"line":298,"column":25}},"298":{"start":{"line":299,"column":0},"end":{"line":299,"column":3}},"299":{"start":{"line":300,"column":0},"end":{"line":300,"column":1}}},"s":{"0":0,"7":0,"13":0,"14":0,"15":0,"17":0,"18":0,"19":0,"20":0,"21":0,"22":0,"23":0,"24":0,"25":0,"26":0,"28":0,"29":0,"30":0,"33":0,"34":0,"36":0,"37":0,"38":0,"39":0,"40":0,"41":0,"42":0,"44":0,"45":0,"46":0,"48":0,"49":0,"50":0,"51":0,"53":0,"54":0,"55":0,"57":0,"58":0,"59":0,"61":0,"62":0,"63":0,"64":0,"65":0,"66":0,"67":0,"69":0,"70":0,"71":0,"72":0,"73":0,"74":0,"75":0,"77":0,"78":0,"79":0,"80":0,"81":0,"82":0,"83":0,"84":0,"85":0,"86":0,"87":0,"88":0,"90":0,"91":0,"92":0,"93":0,"94":0,"95":0,"97":0,"98":0,"99":0,"100":0,"101":0,"102":0,"103":0,"105":0,"106":0,"107":0,"108":0,"109":0,"110":0,"111":0,"112":0,"113":0,"116":0,"117":0,"118":0,"119":0,"120":0,"123":0,"124":0,"125":0,"126":0,"127":0,"128":0,"130":0,"131":0,"132":0,"133":0,"134":0,"136":0,"137":0,"138":0,"139":0,"140":0,"141":0,"142":0,"143":0,"144":0,"145":0,"146":0,"147":0,"148":0,"149":0,"150":0,"151":0,"152":0,"153":0,"155":0,"156":0,"157":0,"158":0,"159":0,"160":0,"161":0,"162":0,"164":0,"165":0,"166":0,"167":0,"168":0,"169":0,"170":0,"171":0,"172":0,"175":0,"176":0,"177":0,"179":0,"180":0,"181":0,"182":0,"183":0,"185":0,"186":0,"187":0,"188":0,"189":0,"190":0,"191":0,"193":0,"194":0,"195":0,"196":0,"197":0,"198":0,"199":0,"201":0,"202":0,"203":0,"204":0,"205":0,"207":0,"208":0,"209":0,"210":0,"211":0,"213":0,"214":0,"216":0,"218":0,"219":0,"220":0,"221":0,"222":0,"223":0,"224":0,"225":0,"226":0,"228":0,"229":0,"230":0,"231":0,"232":0,"233":0,"234":0,"235":0,"236":0,"238":0,"239":0,"240":0,"241":0,"242":0,"245":0,"246":0,"247":0,"248":0,"249":0,"250":0,"252":0,"253":0,"254":0,"255":0,"256":0,"257":0,"258":0,"259":0,"262":0,"263":0,"264":0,"266":0,"267":0,"268":0,"269":0,"270":0,"271":0,"272":0,"273":0,"275":0,"276":0,"277":0,"278":0,"279":0,"280":0,"281":0,"282":0,"283":0,"284":0,"286":0,"288":0,"289":0,"290":0,"291":0,"293":0,"294":0,"295":0,"296":0,"297":0,"298":0,"299":0},"branchMap":{"0":{"type":"branch","line":1,"loc":{"start":{"line":1,"column":8958},"end":{"line":300,"column":1}},"locations":[{"start":{"line":1,"column":8958},"end":{"line":300,"column":1}}]}},"b":{"0":[0]},"fnMap":{"0":{"name":"(empty-report)","decl":{"start":{"line":1,"column":8958},"end":{"line":300,"column":1}},"loc":{"start":{"line":1,"column":8958},"end":{"line":300,"column":1}},"line":1}},"f":{"0":0}}
,"C:\\Users\\sabou\\dev\\odavl\\apps\\vscode-ext\\src\\webview\\enhancedWebviewContent.ts": {"path":"C:\\Users\\sabou\\dev\\odavl\\apps\\vscode-ext\\src\\webview\\enhancedWebviewContent.ts","all":true,"statementMap":{"0":{"start":{"line":1,"column":0},"end":{"line":1,"column":53}},"1":{"start":{"line":2,"column":0},"end":{"line":2,"column":25}},"715":{"start":{"line":716,"column":0},"end":{"line":716,"column":1}}},"s":{"0":0,"1":0,"715":0},"branchMap":{"0":{"type":"branch","line":1,"loc":{"start":{"line":1,"column":26978},"end":{"line":716,"column":1}},"locations":[{"start":{"line":1,"column":26978},"end":{"line":716,"column":1}}]}},"b":{"0":[0]},"fnMap":{"0":{"name":"(empty-report)","decl":{"start":{"line":1,"column":26978},"end":{"line":716,"column":1}},"loc":{"start":{"line":1,"column":26978},"end":{"line":716,"column":1}},"line":1}},"f":{"0":0}}
,"C:\\Users\\sabou\\dev\\odavl\\apps\\vscode-ext\\src\\webview\\webviewContent.ts": {"path":"C:\\Users\\sabou\\dev\\odavl\\apps\\vscode-ext\\src\\webview\\webviewContent.ts","all":true,"statementMap":{"0":{"start":{"line":1,"column":0},"end":{"line":1,"column":53}},"1":{"start":{"line":2,"column":0},"end":{"line":2,"column":25}},"692":{"start":{"line":693,"column":0},"end":{"line":693,"column":1}}},"s":{"0":0,"1":0,"692":0},"branchMap":{"0":{"type":"branch","line":1,"loc":{"start":{"line":1,"column":25174},"end":{"line":693,"column":1}},"locations":[{"start":{"line":1,"column":25174},"end":{"line":693,"column":1}}]}},"b":{"0":[0]},"fnMap":{"0":{"name":"(empty-report)","decl":{"start":{"line":1,"column":25174},"end":{"line":693,"column":1}},"loc":{"start":{"line":1,"column":25174},"end":{"line":693,"column":1}},"line":1}},"f":{"0":0}}
}
