{"numTotalTestSuites":11,"numPassedTestSuites":9,"numFailedTestSuites":2,"numPendingTestSuites":0,"numTotalTests":13,"numPassedTests":11,"numFailedTests":2,"numPendingTests":0,"numTodoTests":0,"snapshot":{"added":0,"failure":false,"filesAdded":0,"filesRemoved":0,"filesRemovedList":[],"filesUnmatched":0,"filesUpdated":0,"matched":0,"total":0,"unchecked":0,"uncheckedKeysByFile":[],"unmatched":0,"updated":0,"didUpdate":false},"startTime":1760045697276,"success":false,"testResults":[{"assertionResults":[{"ancestorTitles":["ODAVL CLI Smoke Tests"],"fullName":"ODAVL CLI Smoke Tests should have valid CLI entry point","status":"passed","title":"should have valid CLI entry point","duration":3.2626999999999953,"failureMessages":[],"meta":{}},{"ancestorTitles":["ODAVL CLI Smoke Tests"],"fullName":"ODAVL CLI Smoke Tests should have valid package.json configuration","status":"passed","title":"should have valid package.json configuration","duration":1.1684000000000196,"failureMessages":[],"meta":{}}],"startTime":1760045697985,"endTime":1760045697989.1685,"status":"passed","message":"","name":"C:/Users/sabou/dev/odavl/apps/cli/src/index.test.ts"},{"assertionResults":[{"ancestorTitles":["ODAVL Core Functions","observe()"],"fullName":"ODAVL Core Functions observe() should collect ESLint warnings and TypeScript errors","status":"passed","title":"should collect ESLint warnings and TypeScript errors","duration":2.889099999999985,"failureMessages":[],"meta":{}},{"ancestorTitles":["ODAVL Core Functions","decide()"],"fullName":"ODAVL Core Functions decide() should select recipe based on trust scores","status":"passed","title":"should select recipe based on trust scores","duration":1.4861000000000786,"failureMessages":[],"meta":{}},{"ancestorTitles":["ODAVL Core Functions","act()"],"fullName":"ODAVL Core Functions act() should execute fixes and create undo snapshots","status":"passed","title":"should execute fixes and create undo snapshots","duration":0.4416999999999689,"failureMessages":[],"meta":{}}],"startTime":1760045698034,"endTime":1760045698039.4417,"status":"passed","message":"","name":"C:/Users/sabou/dev/odavl/apps/cli/tests/core.test.ts"},{"assertionResults":[{"ancestorTitles":["ODAVL CLI Integration Tests"],"fullName":"ODAVL CLI Integration Tests should execute observe command and return metrics","status":"failed","title":"should execute observe command and return metrics","duration":11213.4427,"failureMessages":["SyntaxError: Expected property name or '}' in JSON at position 4 (line 2 column 3)\n    at JSON.parse (<anonymous>)\n    at C:\\Users\\sabou\\dev\\odavl\\apps\\cli\\tests\\integration.test.ts:15:26\n    at file:///C:/Users/sabou/dev/odavl/node_modules/.pnpm/@vitest+runner@2.1.9/node_modules/@vitest/runner/dist/index.js:146:14\n    at file:///C:/Users/sabou/dev/odavl/node_modules/.pnpm/@vitest+runner@2.1.9/node_modules/@vitest/runner/dist/index.js:533:11\n    at runWithTimeout (file:///C:/Users/sabou/dev/odavl/node_modules/.pnpm/@vitest+runner@2.1.9/node_modules/@vitest/runner/dist/index.js:39:7)\n    at runTest (file:///C:/Users/sabou/dev/odavl/node_modules/.pnpm/@vitest+runner@2.1.9/node_modules/@vitest/runner/dist/index.js:1056:17)\n    at processTicksAndRejections (node:internal/process/task_queues:105:5)\n    at runSuite (file:///C:/Users/sabou/dev/odavl/node_modules/.pnpm/@vitest+runner@2.1.9/node_modules/@vitest/runner/dist/index.js:1205:15)\n    at runSuite (file:///C:/Users/sabou/dev/odavl/node_modules/.pnpm/@vitest+runner@2.1.9/node_modules/@vitest/runner/dist/index.js:1205:15)\n    at runFiles (file:///C:/Users/sabou/dev/odavl/node_modules/.pnpm/@vitest+runner@2.1.9/node_modules/@vitest/runner/dist/index.js:1262:5)"],"meta":{}},{"ancestorTitles":["ODAVL CLI Integration Tests"],"fullName":"ODAVL CLI Integration Tests should execute decide command and return recipe","status":"failed","title":"should execute decide command and return recipe","duration":10875.5194,"failureMessages":["AssertionError: expected [ Array(4) ] to include '[DECIDE] Selected recipe: esm-hygiene…'\n    at Proxy.<anonymous> (file:///C:/Users/sabou/dev/odavl/node_modules/.pnpm/@vitest+expect@2.1.9/node_modules/@vitest/expect/dist/index.js:1196:17)\n    at Proxy.<anonymous> (file:///C:/Users/sabou/dev/odavl/node_modules/.pnpm/@vitest+expect@2.1.9/node_modules/@vitest/expect/dist/index.js:972:17)\n    at Proxy.methodWrapper (file:///C:/Users/sabou/dev/odavl/node_modules/.pnpm/chai@5.3.3/node_modules/chai/index.js:1686:25)\n    at C:\\Users\\sabou\\dev\\odavl\\apps\\cli\\tests\\integration.test.ts:31:8\n    at file:///C:/Users/sabou/dev/odavl/node_modules/.pnpm/@vitest+runner@2.1.9/node_modules/@vitest/runner/dist/index.js:146:14\n    at file:///C:/Users/sabou/dev/odavl/node_modules/.pnpm/@vitest+runner@2.1.9/node_modules/@vitest/runner/dist/index.js:533:11\n    at runWithTimeout (file:///C:/Users/sabou/dev/odavl/node_modules/.pnpm/@vitest+runner@2.1.9/node_modules/@vitest/runner/dist/index.js:39:7)\n    at runTest (file:///C:/Users/sabou/dev/odavl/node_modules/.pnpm/@vitest+runner@2.1.9/node_modules/@vitest/runner/dist/index.js:1056:17)\n    at processTicksAndRejections (node:internal/process/task_queues:105:5)\n    at runSuite (file:///C:/Users/sabou/dev/odavl/node_modules/.pnpm/@vitest+runner@2.1.9/node_modules/@vitest/runner/dist/index.js:1205:15)"],"meta":{}},{"ancestorTitles":["ODAVL CLI Integration Tests"],"fullName":"ODAVL CLI Integration Tests should validate ODAVL history exists after runs","status":"passed","title":"should validate ODAVL history exists after runs","duration":1.8951000000015483,"failureMessages":[],"meta":{}},{"ancestorTitles":["ODAVL CLI Integration Tests"],"fullName":"ODAVL CLI Integration Tests should validate recipe trust system","status":"passed","title":"should validate recipe trust system","duration":2.1947999999974854,"failureMessages":[],"meta":{}},{"ancestorTitles":["ODAVL CLI Integration Tests"],"fullName":"ODAVL CLI Integration Tests should validate quality gates configuration","status":"passed","title":"should validate quality gates configuration","duration":1.0313999999998487,"failureMessages":[],"meta":{}},{"ancestorTitles":["ODAVL CLI Integration Tests"],"fullName":"ODAVL CLI Integration Tests should validate policy configuration","status":"passed","title":"should validate policy configuration","duration":0.7928000000028987,"failureMessages":[],"meta":{}}],"startTime":1760045698001,"endTime":1760045720095.7927,"status":"failed","message":"","name":"C:/Users/sabou/dev/odavl/apps/cli/tests/integration.test.ts"},{"assertionResults":[{"ancestorTitles":["VS Code Extension Smoke Tests"],"fullName":"VS Code Extension Smoke Tests should have valid extension manifest","status":"passed","title":"should have valid extension manifest","duration":3.3654000000000224,"failureMessages":[],"meta":{}},{"ancestorTitles":["VS Code Extension Smoke Tests"],"fullName":"VS Code Extension Smoke Tests should have ODAVL doctor command configured","status":"passed","title":"should have ODAVL doctor command configured","duration":0.8169000000000324,"failureMessages":[],"meta":{}}],"startTime":1760045697975,"endTime":1760045697979.817,"status":"passed","message":"","name":"C:/Users/sabou/dev/odavl/apps/vscode-ext/src/extension.test.ts"}]}